{"C:\\Users\\BarthPC\\velo-platform\\backend\\config\\db.js": {"path":"C:\\Users\\BarthPC\\velo-platform\\backend\\config\\db.js","statementMap":{"0":{"start":{"line":1,"column":18},"end":{"line":1,"column":31}},"1":{"start":{"line":3,"column":0},"end":{"line":3,"column":27}},"2":{"start":{"line":5,"column":0},"end":{"line":9,"column":1}},"3":{"start":{"line":6,"column":2},"end":{"line":6,"column":51}},"4":{"start":{"line":12,"column":16},"end":{"line":12,"column":72}},"5":{"start":{"line":13,"column":16},"end":{"line":13,"column":65}},"6":{"start":{"line":14,"column":16},"end":{"line":14,"column":71}},"7":{"start":{"line":15,"column":20},"end":{"line":15,"column":75}},"8":{"start":{"line":16,"column":16},"end":{"line":16,"column":139}},"9":{"start":{"line":19,"column":0},"end":{"line":22,"column":1}},"10":{"start":{"line":20,"column":17},"end":{"line":20,"column":41}},"11":{"start":{"line":21,"column":2},"end":{"line":21,"column":113}},"12":{"start":{"line":24,"column":13},"end":{"line":30,"column":2}},"13":{"start":{"line":32,"column":0},"end":{"line":32,"column":22}}},"fnMap":{},"branchMap":{"0":{"loc":{"start":{"line":12,"column":16},"end":{"line":12,"column":72}},"type":"binary-expr","locations":[{"start":{"line":12,"column":16},"end":{"line":12,"column":34}},{"start":{"line":12,"column":38},"end":{"line":12,"column":57}},{"start":{"line":12,"column":61},"end":{"line":12,"column":72}}],"line":12},"1":{"loc":{"start":{"line":13,"column":16},"end":{"line":13,"column":65}},"type":"binary-expr","locations":[{"start":{"line":13,"column":16},"end":{"line":13,"column":34}},{"start":{"line":13,"column":38},"end":{"line":13,"column":57}},{"start":{"line":13,"column":61},"end":{"line":13,"column":65}}],"line":13},"2":{"loc":{"start":{"line":14,"column":16},"end":{"line":14,"column":71}},"type":"binary-expr","locations":[{"start":{"line":14,"column":16},"end":{"line":14,"column":34}},{"start":{"line":14,"column":38},"end":{"line":14,"column":57}},{"start":{"line":14,"column":61},"end":{"line":14,"column":71}}],"line":14},"3":{"loc":{"start":{"line":15,"column":20},"end":{"line":15,"column":75}},"type":"binary-expr","locations":[{"start":{"line":15,"column":20},"end":{"line":15,"column":42}},{"start":{"line":15,"column":46},"end":{"line":15,"column":69}},{"start":{"line":15,"column":73},"end":{"line":15,"column":75}}],"line":15},"4":{"loc":{"start":{"line":16,"column":16},"end":{"line":16,"column":139}},"type":"binary-expr","locations":[{"start":{"line":16,"column":16},"end":{"line":16,"column":38}},{"start":{"line":16,"column":42},"end":{"line":16,"column":61}},{"start":{"line":16,"column":66},"end":{"line":16,"column":138}}],"line":16},"5":{"loc":{"start":{"line":16,"column":66},"end":{"line":16,"column":138}},"type":"cond-expr","locations":[{"start":{"line":16,"column":100},"end":{"line":16,"column":120}},{"start":{"line":16,"column":123},"end":{"line":16,"column":138}}],"line":16},"6":{"loc":{"start":{"line":19,"column":0},"end":{"line":22,"column":1}},"type":"if","locations":[{"start":{"line":19,"column":0},"end":{"line":22,"column":1}},{"start":{},"end":{}}],"line":19}},"s":{"0":21,"1":21,"2":21,"3":21,"4":21,"5":21,"6":21,"7":21,"8":21,"9":21,"10":0,"11":0,"12":21,"13":21},"f":{},"b":{"0":[21,21,1],"1":[21,21,1],"2":[21,21,1],"3":[21,21,1],"4":[21,21,1],"5":[1,0],"6":[0,21]},"_coverageSchema":"1a1c01bbd47fc00a2c39e90264f33305004495a9","hash":"76476f9c595a8928500462ba36fcd006483be428"}
,"C:\\Users\\BarthPC\\velo-platform\\backend\\controllers\\authController.js": {"path":"C:\\Users\\BarthPC\\velo-platform\\backend\\controllers\\authController.js","statementMap":{"0":{"start":{"line":6,"column":18},"end":{"line":6,"column":48}},"1":{"start":{"line":7,"column":15},"end":{"line":7,"column":32}},"2":{"start":{"line":8,"column":12},"end":{"line":8,"column":35}},"3":{"start":{"line":9,"column":15},"end":{"line":9,"column":39}},"4":{"start":{"line":17,"column":2},"end":{"line":30,"column":3}},"5":{"start":{"line":18,"column":32},"end":{"line":18,"column":40}},"6":{"start":{"line":19,"column":21},"end":{"line":19,"column":59}},"7":{"start":{"line":20,"column":4},"end":{"line":22,"column":5}},"8":{"start":{"line":21,"column":6},"end":{"line":21,"column":75}},"9":{"start":{"line":23,"column":27},"end":{"line":23,"column":58}},"10":{"start":{"line":24,"column":17},"end":{"line":24,"column":66}},"11":{"start":{"line":25,"column":4},"end":{"line":25,"column":46}},"12":{"start":{"line":26,"column":4},"end":{"line":26,"column":68}},"13":{"start":{"line":28,"column":4},"end":{"line":28,"column":48}},"14":{"start":{"line":29,"column":4},"end":{"line":29,"column":61}},"15":{"start":{"line":39,"column":2},"end":{"line":55,"column":3}},"16":{"start":{"line":40,"column":32},"end":{"line":40,"column":40}},"17":{"start":{"line":41,"column":17},"end":{"line":41,"column":55}},"18":{"start":{"line":42,"column":4},"end":{"line":44,"column":5}},"19":{"start":{"line":43,"column":6},"end":{"line":43,"column":80}},"20":{"start":{"line":45,"column":18},"end":{"line":45,"column":68}},"21":{"start":{"line":46,"column":4},"end":{"line":48,"column":5}},"22":{"start":{"line":47,"column":6},"end":{"line":47,"column":80}},"23":{"start":{"line":49,"column":18},"end":{"line":49,"column":121}},"24":{"start":{"line":50,"column":4},"end":{"line":50,"column":45}},"25":{"start":{"line":51,"column":4},"end":{"line":51,"column":43}},"26":{"start":{"line":53,"column":4},"end":{"line":53,"column":45}},"27":{"start":{"line":54,"column":4},"end":{"line":54,"column":61}},"28":{"start":{"line":58,"column":0},"end":{"line":58,"column":45}}},"fnMap":{"0":{"name":"registerUser","decl":{"start":{"line":16,"column":15},"end":{"line":16,"column":27}},"loc":{"start":{"line":16,"column":38},"end":{"line":31,"column":1}},"line":16},"1":{"name":"loginUser","decl":{"start":{"line":38,"column":15},"end":{"line":38,"column":24}},"loc":{"start":{"line":38,"column":35},"end":{"line":56,"column":1}},"line":38}},"branchMap":{"0":{"loc":{"start":{"line":20,"column":4},"end":{"line":22,"column":5}},"type":"if","locations":[{"start":{"line":20,"column":4},"end":{"line":22,"column":5}},{"start":{},"end":{}}],"line":20},"1":{"loc":{"start":{"line":42,"column":4},"end":{"line":44,"column":5}},"type":"if","locations":[{"start":{"line":42,"column":4},"end":{"line":44,"column":5}},{"start":{},"end":{}}],"line":42},"2":{"loc":{"start":{"line":46,"column":4},"end":{"line":48,"column":5}},"type":"if","locations":[{"start":{"line":46,"column":4},"end":{"line":48,"column":5}},{"start":{},"end":{}}],"line":46},"3":{"loc":{"start":{"line":49,"column":61},"end":{"line":49,"column":98}},"type":"binary-expr","locations":[{"start":{"line":49,"column":61},"end":{"line":49,"column":83}},{"start":{"line":49,"column":87},"end":{"line":49,"column":98}}],"line":49}},"s":{"0":1,"1":1,"2":1,"3":1,"4":2,"5":2,"6":2,"7":2,"8":1,"9":1,"10":1,"11":1,"12":1,"13":0,"14":0,"15":3,"16":3,"17":3,"18":3,"19":1,"20":2,"21":2,"22":1,"23":1,"24":1,"25":1,"26":0,"27":0,"28":1},"f":{"0":2,"1":3},"b":{"0":[1,1],"1":[1,2],"2":[1,1],"3":[1,1]},"_coverageSchema":"1a1c01bbd47fc00a2c39e90264f33305004495a9","hash":"0e79b503475ee83a68c8c2a21bfc2bd0ebd15436"}
,"C:\\Users\\BarthPC\\velo-platform\\backend\\controllers\\availabilityController.js": {"path":"C:\\Users\\BarthPC\\velo-platform\\backend\\controllers\\availabilityController.js","statementMap":{"0":{"start":{"line":1,"column":15},"end":{"line":1,"column":39}},"1":{"start":{"line":2,"column":26},"end":{"line":2,"column":64}},"2":{"start":{"line":5,"column":2},"end":{"line":13,"column":3}},"3":{"start":{"line":6,"column":27},"end":{"line":6,"column":37}},"4":{"start":{"line":7,"column":33},"end":{"line":7,"column":42}},"5":{"start":{"line":8,"column":18},"end":{"line":8,"column":93}},"6":{"start":{"line":9,"column":4},"end":{"line":9,"column":32}},"7":{"start":{"line":11,"column":4},"end":{"line":11,"column":56}},"8":{"start":{"line":12,"column":4},"end":{"line":12,"column":91}},"9":{"start":{"line":17,"column":2},"end":{"line":28,"column":3}},"10":{"start":{"line":18,"column":23},"end":{"line":18,"column":46}},"11":{"start":{"line":19,"column":33},"end":{"line":19,"column":41}},"12":{"start":{"line":21,"column":4},"end":{"line":21,"column":85}},"13":{"start":{"line":22,"column":17},"end":{"line":22,"column":81}},"14":{"start":{"line":23,"column":4},"end":{"line":23,"column":31}},"15":{"start":{"line":25,"column":4},"end":{"line":25,"column":58}},"16":{"start":{"line":26,"column":16},"end":{"line":26,"column":164}},"17":{"start":{"line":27,"column":4},"end":{"line":27,"column":41}},"18":{"start":{"line":32,"column":2},"end":{"line":41,"column":3}},"19":{"start":{"line":33,"column":23},"end":{"line":33,"column":34}},"20":{"start":{"line":34,"column":23},"end":{"line":34,"column":33}},"21":{"start":{"line":35,"column":17},"end":{"line":35,"column":79}},"22":{"start":{"line":36,"column":4},"end":{"line":36,"column":77}},"23":{"start":{"line":36,"column":15},"end":{"line":36,"column":77}},"24":{"start":{"line":37,"column":4},"end":{"line":37,"column":39}},"25":{"start":{"line":39,"column":4},"end":{"line":39,"column":58}},"26":{"start":{"line":40,"column":4},"end":{"line":40,"column":88}},"27":{"start":{"line":45,"column":2},"end":{"line":55,"column":3}},"28":{"start":{"line":46,"column":21},"end":{"line":46,"column":32}},"29":{"start":{"line":47,"column":23},"end":{"line":47,"column":33}},"30":{"start":{"line":48,"column":44},"end":{"line":48,"column":52}},"31":{"start":{"line":49,"column":17},"end":{"line":49,"column":131}},"32":{"start":{"line":50,"column":4},"end":{"line":50,"column":31}},"33":{"start":{"line":52,"column":4},"end":{"line":52,"column":59}},"34":{"start":{"line":53,"column":16},"end":{"line":53,"column":187}},"35":{"start":{"line":54,"column":4},"end":{"line":54,"column":41}},"36":{"start":{"line":58,"column":0},"end":{"line":63,"column":2}}},"fnMap":{"0":{"name":"list","decl":{"start":{"line":4,"column":15},"end":{"line":4,"column":19}},"loc":{"start":{"line":4,"column":30},"end":{"line":14,"column":1}},"line":4},"1":{"name":"create","decl":{"start":{"line":16,"column":15},"end":{"line":16,"column":21}},"loc":{"start":{"line":16,"column":32},"end":{"line":29,"column":1}},"line":16},"2":{"name":"remove","decl":{"start":{"line":31,"column":15},"end":{"line":31,"column":21}},"loc":{"start":{"line":31,"column":32},"end":{"line":42,"column":1}},"line":31},"3":{"name":"reserve","decl":{"start":{"line":44,"column":15},"end":{"line":44,"column":22}},"loc":{"start":{"line":44,"column":33},"end":{"line":56,"column":1}},"line":44}},"branchMap":{"0":{"loc":{"start":{"line":18,"column":23},"end":{"line":18,"column":46}},"type":"binary-expr","locations":[{"start":{"line":18,"column":23},"end":{"line":18,"column":31}},{"start":{"line":18,"column":35},"end":{"line":18,"column":46}}],"line":18},"1":{"loc":{"start":{"line":26,"column":16},"end":{"line":26,"column":164}},"type":"cond-expr","locations":[{"start":{"line":26,"column":61},"end":{"line":26,"column":122}},{"start":{"line":26,"column":125},"end":{"line":26,"column":164}}],"line":26},"2":{"loc":{"start":{"line":26,"column":16},"end":{"line":26,"column":58}},"type":"binary-expr","locations":[{"start":{"line":26,"column":16},"end":{"line":26,"column":25}},{"start":{"line":26,"column":29},"end":{"line":26,"column":58}}],"line":26},"3":{"loc":{"start":{"line":36,"column":4},"end":{"line":36,"column":77}},"type":"if","locations":[{"start":{"line":36,"column":4},"end":{"line":36,"column":77}},{"start":{},"end":{}}],"line":36},"4":{"loc":{"start":{"line":53,"column":16},"end":{"line":53,"column":187}},"type":"cond-expr","locations":[{"start":{"line":53,"column":53},"end":{"line":53,"column":75}},{"start":{"line":53,"column":79},"end":{"line":53,"column":186}}],"line":53},"5":{"loc":{"start":{"line":53,"column":79},"end":{"line":53,"column":186}},"type":"cond-expr","locations":[{"start":{"line":53,"column":118},"end":{"line":53,"column":141}},{"start":{"line":53,"column":144},"end":{"line":53,"column":186}}],"line":53}},"s":{"0":13,"1":13,"2":0,"3":0,"4":0,"5":0,"6":0,"7":0,"8":0,"9":0,"10":0,"11":0,"12":0,"13":0,"14":0,"15":0,"16":0,"17":0,"18":0,"19":0,"20":0,"21":0,"22":0,"23":0,"24":0,"25":0,"26":0,"27":0,"28":0,"29":0,"30":0,"31":0,"32":0,"33":0,"34":0,"35":0,"36":13},"f":{"0":0,"1":0,"2":0,"3":0},"b":{"0":[0,0],"1":[0,0],"2":[0,0],"3":[0,0],"4":[0,0],"5":[0,0]},"_coverageSchema":"1a1c01bbd47fc00a2c39e90264f33305004495a9","hash":"7638359686d3650ad31063a91cc48082954cbfde"}
,"C:\\Users\\BarthPC\\velo-platform\\backend\\controllers\\bikeController.js": {"path":"C:\\Users\\BarthPC\\velo-platform\\backend\\controllers\\bikeController.js","statementMap":{"0":{"start":{"line":1,"column":135},"end":{"line":1,"column":165}},"1":{"start":{"line":2,"column":13},"end":{"line":2,"column":36}},"2":{"start":{"line":3,"column":15},"end":{"line":3,"column":39}},"3":{"start":{"line":6,"column":17},"end":{"line":6,"column":40}},"4":{"start":{"line":7,"column":113},"end":{"line":7,"column":127}},"5":{"start":{"line":8,"column":2},"end":{"line":8,"column":69}},"6":{"start":{"line":8,"column":13},"end":{"line":8,"column":69}},"7":{"start":{"line":9,"column":2},"end":{"line":33,"column":3}},"8":{"start":{"line":10,"column":17},"end":{"line":23,"column":5}},"9":{"start":{"line":24,"column":4},"end":{"line":24,"column":50}},"10":{"start":{"line":26,"column":17},"end":{"line":26,"column":32}},"11":{"start":{"line":27,"column":16},"end":{"line":27,"column":42}},"12":{"start":{"line":28,"column":4},"end":{"line":30,"column":5}},"13":{"start":{"line":29,"column":6},"end":{"line":29,"column":101}},"14":{"start":{"line":31,"column":4},"end":{"line":31,"column":60}},"15":{"start":{"line":32,"column":4},"end":{"line":32,"column":54}},"16":{"start":{"line":37,"column":17},"end":{"line":37,"column":40}},"17":{"start":{"line":38,"column":2},"end":{"line":44,"column":3}},"18":{"start":{"line":39,"column":18},"end":{"line":39,"column":46}},"19":{"start":{"line":40,"column":4},"end":{"line":40,"column":39}},"20":{"start":{"line":42,"column":4},"end":{"line":42,"column":54}},"21":{"start":{"line":43,"column":4},"end":{"line":43,"column":54}},"22":{"start":{"line":48,"column":21},"end":{"line":48,"column":31}},"23":{"start":{"line":49,"column":2},"end":{"line":56,"column":3}},"24":{"start":{"line":50,"column":17},"end":{"line":50,"column":42}},"25":{"start":{"line":51,"column":4},"end":{"line":51,"column":74}},"26":{"start":{"line":51,"column":15},"end":{"line":51,"column":74}},"27":{"start":{"line":52,"column":4},"end":{"line":52,"column":38}},"28":{"start":{"line":54,"column":4},"end":{"line":54,"column":57}},"29":{"start":{"line":55,"column":4},"end":{"line":55,"column":54}},"30":{"start":{"line":60,"column":26},"end":{"line":60,"column":36}},"31":{"start":{"line":61,"column":29},"end":{"line":61,"column":37}},"32":{"start":{"line":62,"column":2},"end":{"line":62,"column":76}},"33":{"start":{"line":62,"column":20},"end":{"line":62,"column":76}},"34":{"start":{"line":63,"column":2},"end":{"line":69,"column":3}},"35":{"start":{"line":64,"column":20},"end":{"line":64,"column":76}},"36":{"start":{"line":65,"column":4},"end":{"line":65,"column":52}},"37":{"start":{"line":67,"column":4},"end":{"line":67,"column":83}},"38":{"start":{"line":68,"column":4},"end":{"line":68,"column":54}},"39":{"start":{"line":73,"column":17},"end":{"line":73,"column":40}},"40":{"start":{"line":74,"column":21},"end":{"line":74,"column":31}},"41":{"start":{"line":75,"column":39},"end":{"line":75,"column":47}},"42":{"start":{"line":76,"column":2},"end":{"line":76,"column":69}},"43":{"start":{"line":76,"column":13},"end":{"line":76,"column":69}},"44":{"start":{"line":77,"column":2},"end":{"line":87,"column":3}},"45":{"start":{"line":79,"column":17},"end":{"line":79,"column":42}},"46":{"start":{"line":80,"column":4},"end":{"line":80,"column":74}},"47":{"start":{"line":80,"column":15},"end":{"line":80,"column":74}},"48":{"start":{"line":81,"column":4},"end":{"line":81,"column":90}},"49":{"start":{"line":81,"column":33},"end":{"line":81,"column":90}},"50":{"start":{"line":82,"column":17},"end":{"line":82,"column":88}},"51":{"start":{"line":83,"column":4},"end":{"line":83,"column":61}},"52":{"start":{"line":85,"column":4},"end":{"line":85,"column":73}},"53":{"start":{"line":86,"column":4},"end":{"line":86,"column":54}},"54":{"start":{"line":91,"column":17},"end":{"line":91,"column":40}},"55":{"start":{"line":92,"column":26},"end":{"line":92,"column":36}},"56":{"start":{"line":93,"column":2},"end":{"line":105,"column":3}},"57":{"start":{"line":95,"column":20},"end":{"line":95,"column":104}},"58":{"start":{"line":96,"column":4},"end":{"line":96,"column":90}},"59":{"start":{"line":96,"column":26},"end":{"line":96,"column":90}},"60":{"start":{"line":97,"column":17},"end":{"line":97,"column":59}},"61":{"start":{"line":98,"column":4},"end":{"line":98,"column":74}},"62":{"start":{"line":98,"column":15},"end":{"line":98,"column":74}},"63":{"start":{"line":99,"column":4},"end":{"line":99,"column":90}},"64":{"start":{"line":99,"column":33},"end":{"line":99,"column":90}},"65":{"start":{"line":100,"column":20},"end":{"line":100,"column":54}},"66":{"start":{"line":101,"column":4},"end":{"line":101,"column":52}},"67":{"start":{"line":103,"column":4},"end":{"line":103,"column":72}},"68":{"start":{"line":104,"column":4},"end":{"line":104,"column":54}},"69":{"start":{"line":108,"column":0},"end":{"line":108,"column":134}},"70":{"start":{"line":111,"column":17},"end":{"line":111,"column":40}},"71":{"start":{"line":112,"column":21},"end":{"line":112,"column":31}},"72":{"start":{"line":113,"column":2},"end":{"line":124,"column":3}},"73":{"start":{"line":114,"column":17},"end":{"line":114,"column":42}},"74":{"start":{"line":115,"column":4},"end":{"line":115,"column":74}},"75":{"start":{"line":115,"column":15},"end":{"line":115,"column":74}},"76":{"start":{"line":116,"column":4},"end":{"line":116,"column":90}},"77":{"start":{"line":116,"column":33},"end":{"line":116,"column":90}},"78":{"start":{"line":118,"column":27},"end":{"line":118,"column":57}},"79":{"start":{"line":119,"column":20},"end":{"line":119,"column":44}},"80":{"start":{"line":120,"column":4},"end":{"line":120,"column":47}},"81":{"start":{"line":122,"column":4},"end":{"line":122,"column":62}},"82":{"start":{"line":123,"column":4},"end":{"line":123,"column":54}},"83":{"start":{"line":129,"column":17},"end":{"line":129,"column":40}},"84":{"start":{"line":130,"column":21},"end":{"line":130,"column":31}},"85":{"start":{"line":131,"column":2},"end":{"line":162,"column":3}},"86":{"start":{"line":132,"column":21},"end":{"line":132,"column":46}},"87":{"start":{"line":133,"column":4},"end":{"line":133,"column":78}},"88":{"start":{"line":133,"column":19},"end":{"line":133,"column":78}},"89":{"start":{"line":134,"column":4},"end":{"line":134,"column":94}},"90":{"start":{"line":134,"column":37},"end":{"line":134,"column":94}},"91":{"start":{"line":136,"column":115},"end":{"line":136,"column":129}},"92":{"start":{"line":137,"column":20},"end":{"line":137,"column":22}},"93":{"start":{"line":138,"column":4},"end":{"line":138,"column":61}},"94":{"start":{"line":138,"column":34},"end":{"line":138,"column":61}},"95":{"start":{"line":139,"column":4},"end":{"line":139,"column":61}},"96":{"start":{"line":139,"column":34},"end":{"line":139,"column":61}},"97":{"start":{"line":140,"column":4},"end":{"line":140,"column":79}},"98":{"start":{"line":140,"column":40},"end":{"line":140,"column":79}},"99":{"start":{"line":141,"column":4},"end":{"line":141,"column":64}},"100":{"start":{"line":141,"column":35},"end":{"line":141,"column":64}},"101":{"start":{"line":142,"column":4},"end":{"line":142,"column":79}},"102":{"start":{"line":142,"column":40},"end":{"line":142,"column":79}},"103":{"start":{"line":143,"column":4},"end":{"line":143,"column":64}},"104":{"start":{"line":143,"column":35},"end":{"line":143,"column":64}},"105":{"start":{"line":144,"column":4},"end":{"line":144,"column":64}},"106":{"start":{"line":144,"column":35},"end":{"line":144,"column":64}},"107":{"start":{"line":145,"column":4},"end":{"line":145,"column":66}},"108":{"start":{"line":145,"column":30},"end":{"line":145,"column":66}},"109":{"start":{"line":146,"column":4},"end":{"line":146,"column":102}},"110":{"start":{"line":146,"column":22},"end":{"line":146,"column":102}},"111":{"start":{"line":147,"column":4},"end":{"line":147,"column":88}},"112":{"start":{"line":147,"column":43},"end":{"line":147,"column":88}},"113":{"start":{"line":148,"column":4},"end":{"line":148,"column":55}},"114":{"start":{"line":148,"column":31},"end":{"line":148,"column":55}},"115":{"start":{"line":150,"column":4},"end":{"line":150,"column":113}},"116":{"start":{"line":150,"column":43},"end":{"line":150,"column":113}},"117":{"start":{"line":152,"column":20},"end":{"line":152,"column":53}},"118":{"start":{"line":153,"column":4},"end":{"line":153,"column":47}},"119":{"start":{"line":155,"column":17},"end":{"line":155,"column":32}},"120":{"start":{"line":156,"column":16},"end":{"line":156,"column":42}},"121":{"start":{"line":157,"column":4},"end":{"line":159,"column":5}},"122":{"start":{"line":158,"column":6},"end":{"line":158,"column":101}},"123":{"start":{"line":160,"column":4},"end":{"line":160,"column":62}},"124":{"start":{"line":161,"column":4},"end":{"line":161,"column":54}},"125":{"start":{"line":166,"column":17},"end":{"line":166,"column":40}},"126":{"start":{"line":167,"column":21},"end":{"line":167,"column":31}},"127":{"start":{"line":168,"column":39},"end":{"line":168,"column":53}},"128":{"start":{"line":169,"column":2},"end":{"line":195,"column":3}},"129":{"start":{"line":170,"column":21},"end":{"line":170,"column":46}},"130":{"start":{"line":171,"column":4},"end":{"line":171,"column":78}},"131":{"start":{"line":171,"column":19},"end":{"line":171,"column":78}},"132":{"start":{"line":172,"column":4},"end":{"line":172,"column":94}},"133":{"start":{"line":172,"column":37},"end":{"line":172,"column":94}},"134":{"start":{"line":174,"column":17},"end":{"line":174,"column":63}},"135":{"start":{"line":175,"column":16},"end":{"line":175,"column":17}},"136":{"start":{"line":175,"column":31},"end":{"line":175,"column":42}},"137":{"start":{"line":176,"column":4},"end":{"line":181,"column":7}},"138":{"start":{"line":177,"column":18},"end":{"line":177,"column":64}},"139":{"start":{"line":178,"column":6},"end":{"line":180,"column":55}},"140":{"start":{"line":179,"column":8},"end":{"line":179,"column":87}},"141":{"start":{"line":179,"column":56},"end":{"line":179,"column":64}},"142":{"start":{"line":180,"column":13},"end":{"line":180,"column":55}},"143":{"start":{"line":180,"column":47},"end":{"line":180,"column":55}},"144":{"start":{"line":183,"column":4},"end":{"line":188,"column":5}},"145":{"start":{"line":185,"column":19},"end":{"line":185,"column":70}},"146":{"start":{"line":187,"column":6},"end":{"line":187,"column":80}},"147":{"start":{"line":187,"column":29},"end":{"line":187,"column":76}},"148":{"start":{"line":189,"column":23},"end":{"line":189,"column":57}},"149":{"start":{"line":190,"column":20},"end":{"line":190,"column":102}},"150":{"start":{"line":191,"column":4},"end":{"line":191,"column":47}},"151":{"start":{"line":193,"column":4},"end":{"line":193,"column":66}},"152":{"start":{"line":194,"column":4},"end":{"line":194,"column":54}},"153":{"start":{"line":198,"column":0},"end":{"line":198,"column":195}}},"fnMap":{"0":{"name":"createBikeHandler","decl":{"start":{"line":5,"column":15},"end":{"line":5,"column":32}},"loc":{"start":{"line":5,"column":43},"end":{"line":34,"column":1}},"line":5},"1":{"name":"getMyBikes","decl":{"start":{"line":36,"column":15},"end":{"line":36,"column":25}},"loc":{"start":{"line":36,"column":36},"end":{"line":45,"column":1}},"line":36},"2":{"name":"getBikeDetail","decl":{"start":{"line":47,"column":15},"end":{"line":47,"column":28}},"loc":{"start":{"line":47,"column":39},"end":{"line":57,"column":1}},"line":47},"3":{"name":"patchComponentWear","decl":{"start":{"line":59,"column":15},"end":{"line":59,"column":33}},"loc":{"start":{"line":59,"column":44},"end":{"line":70,"column":1}},"line":59},"4":{"name":"createComponentHandler","decl":{"start":{"line":72,"column":15},"end":{"line":72,"column":37}},"loc":{"start":{"line":72,"column":48},"end":{"line":88,"column":1}},"line":72},"5":{"name":"deleteComponentHandler","decl":{"start":{"line":90,"column":15},"end":{"line":90,"column":37}},"loc":{"start":{"line":90,"column":48},"end":{"line":106,"column":1}},"line":90},"6":{"name":"deleteBikeHandler","decl":{"start":{"line":110,"column":15},"end":{"line":110,"column":32}},"loc":{"start":{"line":110,"column":43},"end":{"line":125,"column":1}},"line":110},"7":{"name":"updateBikeHandler","decl":{"start":{"line":128,"column":15},"end":{"line":128,"column":32}},"loc":{"start":{"line":128,"column":43},"end":{"line":163,"column":1}},"line":128},"8":{"name":"updateBikeTechHandler","decl":{"start":{"line":165,"column":15},"end":{"line":165,"column":36}},"loc":{"start":{"line":165,"column":47},"end":{"line":196,"column":1}},"line":165},"9":{"name":"(anonymous_9)","decl":{"start":{"line":176,"column":17},"end":{"line":176,"column":18}},"loc":{"start":{"line":176,"column":22},"end":{"line":181,"column":5}},"line":176},"10":{"name":"(anonymous_10)","decl":{"start":{"line":187,"column":19},"end":{"line":187,"column":20}},"loc":{"start":{"line":187,"column":27},"end":{"line":187,"column":78}},"line":187}},"branchMap":{"0":{"loc":{"start":{"line":6,"column":17},"end":{"line":6,"column":40}},"type":"binary-expr","locations":[{"start":{"line":6,"column":17},"end":{"line":6,"column":25}},{"start":{"line":6,"column":29},"end":{"line":6,"column":40}}],"line":6},"1":{"loc":{"start":{"line":7,"column":113},"end":{"line":7,"column":127}},"type":"binary-expr","locations":[{"start":{"line":7,"column":113},"end":{"line":7,"column":121}},{"start":{"line":7,"column":125},"end":{"line":7,"column":127}}],"line":7},"2":{"loc":{"start":{"line":8,"column":2},"end":{"line":8,"column":69}},"type":"if","locations":[{"start":{"line":8,"column":2},"end":{"line":8,"column":69}},{"start":{},"end":{}}],"line":8},"3":{"loc":{"start":{"line":13,"column":6},"end":{"line":13,"column":18}},"type":"binary-expr","locations":[{"start":{"line":13,"column":6},"end":{"line":13,"column":10}},{"start":{"line":13,"column":14},"end":{"line":13,"column":18}}],"line":13},"4":{"loc":{"start":{"line":14,"column":6},"end":{"line":14,"column":24}},"type":"binary-expr","locations":[{"start":{"line":14,"column":6},"end":{"line":14,"column":16}},{"start":{"line":14,"column":20},"end":{"line":14,"column":24}}],"line":14},"5":{"loc":{"start":{"line":15,"column":6},"end":{"line":15,"column":19}},"type":"binary-expr","locations":[{"start":{"line":15,"column":6},"end":{"line":15,"column":11}},{"start":{"line":15,"column":15},"end":{"line":15,"column":19}}],"line":15},"6":{"loc":{"start":{"line":16,"column":6},"end":{"line":16,"column":24}},"type":"binary-expr","locations":[{"start":{"line":16,"column":6},"end":{"line":16,"column":16}},{"start":{"line":16,"column":20},"end":{"line":16,"column":24}}],"line":16},"7":{"loc":{"start":{"line":17,"column":6},"end":{"line":17,"column":19}},"type":"binary-expr","locations":[{"start":{"line":17,"column":6},"end":{"line":17,"column":11}},{"start":{"line":17,"column":15},"end":{"line":17,"column":19}}],"line":17},"8":{"loc":{"start":{"line":18,"column":6},"end":{"line":18,"column":19}},"type":"binary-expr","locations":[{"start":{"line":18,"column":6},"end":{"line":18,"column":11}},{"start":{"line":18,"column":15},"end":{"line":18,"column":19}}],"line":18},"9":{"loc":{"start":{"line":19,"column":6},"end":{"line":19,"column":82}},"type":"cond-expr","locations":[{"start":{"line":19,"column":33},"end":{"line":19,"column":37}},{"start":{"line":19,"column":41},"end":{"line":19,"column":81}}],"line":19},"10":{"loc":{"start":{"line":19,"column":41},"end":{"line":19,"column":81}},"type":"cond-expr","locations":[{"start":{"line":19,"column":48},"end":{"line":19,"column":74}},{"start":{"line":19,"column":77},"end":{"line":19,"column":81}}],"line":19},"11":{"loc":{"start":{"line":19,"column":48},"end":{"line":19,"column":74}},"type":"binary-expr","locations":[{"start":{"line":19,"column":48},"end":{"line":19,"column":66}},{"start":{"line":19,"column":70},"end":{"line":19,"column":74}}],"line":19},"12":{"loc":{"start":{"line":20,"column":6},"end":{"line":20,"column":27}},"type":"binary-expr","locations":[{"start":{"line":20,"column":6},"end":{"line":20,"column":19}},{"start":{"line":20,"column":23},"end":{"line":20,"column":27}}],"line":20},"13":{"loc":{"start":{"line":21,"column":6},"end":{"line":21,"column":43}},"type":"cond-expr","locations":[{"start":{"line":21,"column":30},"end":{"line":21,"column":36}},{"start":{"line":21,"column":39},"end":{"line":21,"column":43}}],"line":21},"14":{"loc":{"start":{"line":22,"column":6},"end":{"line":22,"column":26}},"type":"binary-expr","locations":[{"start":{"line":22,"column":6},"end":{"line":22,"column":18}},{"start":{"line":22,"column":22},"end":{"line":22,"column":26}}],"line":22},"15":{"loc":{"start":{"line":26,"column":17},"end":{"line":26,"column":32}},"type":"binary-expr","locations":[{"start":{"line":26,"column":17},"end":{"line":26,"column":20}},{"start":{"line":26,"column":24},"end":{"line":26,"column":32}}],"line":26},"16":{"loc":{"start":{"line":27,"column":16},"end":{"line":27,"column":42}},"type":"binary-expr","locations":[{"start":{"line":27,"column":17},"end":{"line":27,"column":20}},{"start":{"line":27,"column":24},"end":{"line":27,"column":35}},{"start":{"line":27,"column":40},"end":{"line":27,"column":42}}],"line":27},"17":{"loc":{"start":{"line":28,"column":4},"end":{"line":30,"column":5}},"type":"if","locations":[{"start":{"line":28,"column":4},"end":{"line":30,"column":5}},{"start":{},"end":{}}],"line":28},"18":{"loc":{"start":{"line":28,"column":8},"end":{"line":28,"column":47}},"type":"binary-expr","locations":[{"start":{"line":28,"column":8},"end":{"line":28,"column":24}},{"start":{"line":28,"column":28},"end":{"line":28,"column":47}}],"line":28},"19":{"loc":{"start":{"line":37,"column":17},"end":{"line":37,"column":40}},"type":"binary-expr","locations":[{"start":{"line":37,"column":17},"end":{"line":37,"column":25}},{"start":{"line":37,"column":29},"end":{"line":37,"column":40}}],"line":37},"20":{"loc":{"start":{"line":51,"column":4},"end":{"line":51,"column":74}},"type":"if","locations":[{"start":{"line":51,"column":4},"end":{"line":51,"column":74}},{"start":{},"end":{}}],"line":51},"21":{"loc":{"start":{"line":62,"column":2},"end":{"line":62,"column":76}},"type":"if","locations":[{"start":{"line":62,"column":2},"end":{"line":62,"column":76}},{"start":{},"end":{}}],"line":62},"22":{"loc":{"start":{"line":73,"column":17},"end":{"line":73,"column":40}},"type":"binary-expr","locations":[{"start":{"line":73,"column":17},"end":{"line":73,"column":25}},{"start":{"line":73,"column":29},"end":{"line":73,"column":40}}],"line":73},"23":{"loc":{"start":{"line":76,"column":2},"end":{"line":76,"column":69}},"type":"if","locations":[{"start":{"line":76,"column":2},"end":{"line":76,"column":69}},{"start":{},"end":{}}],"line":76},"24":{"loc":{"start":{"line":80,"column":4},"end":{"line":80,"column":74}},"type":"if","locations":[{"start":{"line":80,"column":4},"end":{"line":80,"column":74}},{"start":{},"end":{}}],"line":80},"25":{"loc":{"start":{"line":81,"column":4},"end":{"line":81,"column":90}},"type":"if","locations":[{"start":{"line":81,"column":4},"end":{"line":81,"column":90}},{"start":{},"end":{}}],"line":81},"26":{"loc":{"start":{"line":82,"column":53},"end":{"line":82,"column":65}},"type":"binary-expr","locations":[{"start":{"line":82,"column":53},"end":{"line":82,"column":57}},{"start":{"line":82,"column":61},"end":{"line":82,"column":65}}],"line":82},"27":{"loc":{"start":{"line":82,"column":67},"end":{"line":82,"column":87}},"type":"binary-expr","locations":[{"start":{"line":82,"column":67},"end":{"line":82,"column":79}},{"start":{"line":82,"column":83},"end":{"line":82,"column":87}}],"line":82},"28":{"loc":{"start":{"line":91,"column":17},"end":{"line":91,"column":40}},"type":"binary-expr","locations":[{"start":{"line":91,"column":17},"end":{"line":91,"column":25}},{"start":{"line":91,"column":29},"end":{"line":91,"column":40}}],"line":91},"29":{"loc":{"start":{"line":96,"column":4},"end":{"line":96,"column":90}},"type":"if","locations":[{"start":{"line":96,"column":4},"end":{"line":96,"column":90}},{"start":{},"end":{}}],"line":96},"30":{"loc":{"start":{"line":98,"column":4},"end":{"line":98,"column":74}},"type":"if","locations":[{"start":{"line":98,"column":4},"end":{"line":98,"column":74}},{"start":{},"end":{}}],"line":98},"31":{"loc":{"start":{"line":99,"column":4},"end":{"line":99,"column":90}},"type":"if","locations":[{"start":{"line":99,"column":4},"end":{"line":99,"column":90}},{"start":{},"end":{}}],"line":99},"32":{"loc":{"start":{"line":111,"column":17},"end":{"line":111,"column":40}},"type":"binary-expr","locations":[{"start":{"line":111,"column":17},"end":{"line":111,"column":25}},{"start":{"line":111,"column":29},"end":{"line":111,"column":40}}],"line":111},"33":{"loc":{"start":{"line":115,"column":4},"end":{"line":115,"column":74}},"type":"if","locations":[{"start":{"line":115,"column":4},"end":{"line":115,"column":74}},{"start":{},"end":{}}],"line":115},"34":{"loc":{"start":{"line":116,"column":4},"end":{"line":116,"column":90}},"type":"if","locations":[{"start":{"line":116,"column":4},"end":{"line":116,"column":90}},{"start":{},"end":{}}],"line":116},"35":{"loc":{"start":{"line":129,"column":17},"end":{"line":129,"column":40}},"type":"binary-expr","locations":[{"start":{"line":129,"column":17},"end":{"line":129,"column":25}},{"start":{"line":129,"column":29},"end":{"line":129,"column":40}}],"line":129},"36":{"loc":{"start":{"line":133,"column":4},"end":{"line":133,"column":78}},"type":"if","locations":[{"start":{"line":133,"column":4},"end":{"line":133,"column":78}},{"start":{},"end":{}}],"line":133},"37":{"loc":{"start":{"line":134,"column":4},"end":{"line":134,"column":94}},"type":"if","locations":[{"start":{"line":134,"column":4},"end":{"line":134,"column":94}},{"start":{},"end":{}}],"line":134},"38":{"loc":{"start":{"line":136,"column":115},"end":{"line":136,"column":129}},"type":"binary-expr","locations":[{"start":{"line":136,"column":115},"end":{"line":136,"column":123}},{"start":{"line":136,"column":127},"end":{"line":136,"column":129}}],"line":136},"39":{"loc":{"start":{"line":138,"column":4},"end":{"line":138,"column":61}},"type":"if","locations":[{"start":{"line":138,"column":4},"end":{"line":138,"column":61}},{"start":{},"end":{}}],"line":138},"40":{"loc":{"start":{"line":139,"column":4},"end":{"line":139,"column":61}},"type":"if","locations":[{"start":{"line":139,"column":4},"end":{"line":139,"column":61}},{"start":{},"end":{}}],"line":139},"41":{"loc":{"start":{"line":140,"column":4},"end":{"line":140,"column":79}},"type":"if","locations":[{"start":{"line":140,"column":4},"end":{"line":140,"column":79}},{"start":{},"end":{}}],"line":140},"42":{"loc":{"start":{"line":141,"column":4},"end":{"line":141,"column":64}},"type":"if","locations":[{"start":{"line":141,"column":4},"end":{"line":141,"column":64}},{"start":{},"end":{}}],"line":141},"43":{"loc":{"start":{"line":142,"column":4},"end":{"line":142,"column":79}},"type":"if","locations":[{"start":{"line":142,"column":4},"end":{"line":142,"column":79}},{"start":{},"end":{}}],"line":142},"44":{"loc":{"start":{"line":143,"column":4},"end":{"line":143,"column":64}},"type":"if","locations":[{"start":{"line":143,"column":4},"end":{"line":143,"column":64}},{"start":{},"end":{}}],"line":143},"45":{"loc":{"start":{"line":144,"column":4},"end":{"line":144,"column":64}},"type":"if","locations":[{"start":{"line":144,"column":4},"end":{"line":144,"column":64}},{"start":{},"end":{}}],"line":144},"46":{"loc":{"start":{"line":145,"column":4},"end":{"line":145,"column":66}},"type":"if","locations":[{"start":{"line":145,"column":4},"end":{"line":145,"column":66}},{"start":{},"end":{}}],"line":145},"47":{"loc":{"start":{"line":146,"column":4},"end":{"line":146,"column":102}},"type":"if","locations":[{"start":{"line":146,"column":4},"end":{"line":146,"column":102}},{"start":{},"end":{}}],"line":146},"48":{"loc":{"start":{"line":146,"column":38},"end":{"line":146,"column":100}},"type":"cond-expr","locations":[{"start":{"line":146,"column":65},"end":{"line":146,"column":69}},{"start":{"line":146,"column":73},"end":{"line":146,"column":99}}],"line":146},"49":{"loc":{"start":{"line":146,"column":73},"end":{"line":146,"column":99}},"type":"binary-expr","locations":[{"start":{"line":146,"column":73},"end":{"line":146,"column":91}},{"start":{"line":146,"column":95},"end":{"line":146,"column":99}}],"line":146},"50":{"loc":{"start":{"line":147,"column":4},"end":{"line":147,"column":88}},"type":"if","locations":[{"start":{"line":147,"column":4},"end":{"line":147,"column":88}},{"start":{},"end":{}}],"line":147},"51":{"loc":{"start":{"line":148,"column":4},"end":{"line":148,"column":55}},"type":"if","locations":[{"start":{"line":148,"column":4},"end":{"line":148,"column":55}},{"start":{},"end":{}}],"line":148},"52":{"loc":{"start":{"line":150,"column":4},"end":{"line":150,"column":113}},"type":"if","locations":[{"start":{"line":150,"column":4},"end":{"line":150,"column":113}},{"start":{},"end":{}}],"line":150},"53":{"loc":{"start":{"line":155,"column":17},"end":{"line":155,"column":32}},"type":"binary-expr","locations":[{"start":{"line":155,"column":17},"end":{"line":155,"column":20}},{"start":{"line":155,"column":24},"end":{"line":155,"column":32}}],"line":155},"54":{"loc":{"start":{"line":156,"column":16},"end":{"line":156,"column":42}},"type":"binary-expr","locations":[{"start":{"line":156,"column":17},"end":{"line":156,"column":20}},{"start":{"line":156,"column":24},"end":{"line":156,"column":35}},{"start":{"line":156,"column":40},"end":{"line":156,"column":42}}],"line":156},"55":{"loc":{"start":{"line":157,"column":4},"end":{"line":159,"column":5}},"type":"if","locations":[{"start":{"line":157,"column":4},"end":{"line":159,"column":5}},{"start":{},"end":{}}],"line":157},"56":{"loc":{"start":{"line":157,"column":8},"end":{"line":157,"column":47}},"type":"binary-expr","locations":[{"start":{"line":157,"column":8},"end":{"line":157,"column":24}},{"start":{"line":157,"column":28},"end":{"line":157,"column":47}}],"line":157},"57":{"loc":{"start":{"line":166,"column":17},"end":{"line":166,"column":40}},"type":"binary-expr","locations":[{"start":{"line":166,"column":17},"end":{"line":166,"column":25}},{"start":{"line":166,"column":29},"end":{"line":166,"column":40}}],"line":166},"58":{"loc":{"start":{"line":168,"column":39},"end":{"line":168,"column":53}},"type":"binary-expr","locations":[{"start":{"line":168,"column":39},"end":{"line":168,"column":47}},{"start":{"line":168,"column":51},"end":{"line":168,"column":53}}],"line":168},"59":{"loc":{"start":{"line":171,"column":4},"end":{"line":171,"column":78}},"type":"if","locations":[{"start":{"line":171,"column":4},"end":{"line":171,"column":78}},{"start":{},"end":{}}],"line":171},"60":{"loc":{"start":{"line":172,"column":4},"end":{"line":172,"column":94}},"type":"if","locations":[{"start":{"line":172,"column":4},"end":{"line":172,"column":94}},{"start":{},"end":{}}],"line":172},"61":{"loc":{"start":{"line":177,"column":18},"end":{"line":177,"column":64}},"type":"cond-expr","locations":[{"start":{"line":177,"column":35},"end":{"line":177,"column":50}},{"start":{"line":177,"column":53},"end":{"line":177,"column":64}}],"line":177},"62":{"loc":{"start":{"line":178,"column":6},"end":{"line":180,"column":55}},"type":"if","locations":[{"start":{"line":178,"column":6},"end":{"line":180,"column":55}},{"start":{"line":180,"column":13},"end":{"line":180,"column":55}}],"line":178},"63":{"loc":{"start":{"line":179,"column":8},"end":{"line":179,"column":87}},"type":"if","locations":[{"start":{"line":179,"column":8},"end":{"line":179,"column":87}},{"start":{"line":179,"column":70},"end":{"line":179,"column":87}}],"line":179},"64":{"loc":{"start":{"line":179,"column":12},"end":{"line":179,"column":54}},"type":"binary-expr","locations":[{"start":{"line":179,"column":12},"end":{"line":179,"column":22}},{"start":{"line":179,"column":26},"end":{"line":179,"column":54}}],"line":179},"65":{"loc":{"start":{"line":180,"column":13},"end":{"line":180,"column":55}},"type":"if","locations":[{"start":{"line":180,"column":13},"end":{"line":180,"column":55}},{"start":{},"end":{}}],"line":180},"66":{"loc":{"start":{"line":180,"column":17},"end":{"line":180,"column":45}},"type":"binary-expr","locations":[{"start":{"line":180,"column":17},"end":{"line":180,"column":20}},{"start":{"line":180,"column":24},"end":{"line":180,"column":45}}],"line":180},"67":{"loc":{"start":{"line":183,"column":4},"end":{"line":188,"column":5}},"type":"if","locations":[{"start":{"line":183,"column":4},"end":{"line":188,"column":5}},{"start":{},"end":{}}],"line":183},"68":{"loc":{"start":{"line":183,"column":8},"end":{"line":183,"column":63}},"type":"binary-expr","locations":[{"start":{"line":183,"column":8},"end":{"line":183,"column":26}},{"start":{"line":183,"column":30},"end":{"line":183,"column":63}}],"line":183},"69":{"loc":{"start":{"line":187,"column":29},"end":{"line":187,"column":76}},"type":"if","locations":[{"start":{"line":187,"column":29},"end":{"line":187,"column":76}},{"start":{},"end":{}}],"line":187},"70":{"loc":{"start":{"line":190,"column":49},"end":{"line":190,"column":61}},"type":"binary-expr","locations":[{"start":{"line":190,"column":49},"end":{"line":190,"column":53}},{"start":{"line":190,"column":57},"end":{"line":190,"column":61}}],"line":190},"71":{"loc":{"start":{"line":190,"column":63},"end":{"line":190,"column":89}},"type":"binary-expr","locations":[{"start":{"line":190,"column":63},"end":{"line":190,"column":81}},{"start":{"line":190,"column":85},"end":{"line":190,"column":89}}],"line":190}},"s":{"0":13,"1":13,"2":13,"3":2,"4":2,"5":2,"6":0,"7":2,"8":2,"9":2,"10":0,"11":0,"12":0,"13":0,"14":0,"15":0,"16":0,"17":0,"18":0,"19":0,"20":0,"21":0,"22":0,"23":0,"24":0,"25":0,"26":0,"27":0,"28":0,"29":0,"30":0,"31":0,"32":0,"33":0,"34":0,"35":0,"36":0,"37":0,"38":0,"39":0,"40":0,"41":0,"42":0,"43":0,"44":0,"45":0,"46":0,"47":0,"48":0,"49":0,"50":0,"51":0,"52":0,"53":0,"54":0,"55":0,"56":0,"57":0,"58":0,"59":0,"60":0,"61":0,"62":0,"63":0,"64":0,"65":0,"66":0,"67":0,"68":0,"69":13,"70":0,"71":0,"72":0,"73":0,"74":0,"75":0,"76":0,"77":0,"78":0,"79":0,"80":0,"81":0,"82":0,"83":2,"84":2,"85":2,"86":2,"87":2,"88":0,"89":2,"90":0,"91":2,"92":2,"93":2,"94":0,"95":2,"96":0,"97":2,"98":0,"99":2,"100":0,"101":2,"102":0,"103":2,"104":0,"105":2,"106":0,"107":2,"108":0,"109":2,"110":1,"111":2,"112":1,"113":2,"114":0,"115":2,"116":0,"117":2,"118":1,"119":1,"120":1,"121":1,"122":1,"123":0,"124":0,"125":0,"126":0,"127":0,"128":0,"129":0,"130":0,"131":0,"132":0,"133":0,"134":0,"135":0,"136":0,"137":0,"138":0,"139":0,"140":0,"141":0,"142":0,"143":0,"144":0,"145":0,"146":0,"147":0,"148":0,"149":0,"150":0,"151":0,"152":0,"153":13},"f":{"0":2,"1":0,"2":0,"3":0,"4":0,"5":0,"6":0,"7":2,"8":0,"9":0,"10":0},"b":{"0":[2,2],"1":[2,0],"2":[0,2],"3":[2,0],"4":[2,0],"5":[2,2],"6":[2,1],"7":[2,0],"8":[2,0],"9":[1,1],"10":[0,1],"11":[0,0],"12":[2,0],"13":[1,1],"14":[2,2],"15":[0,0],"16":[0,0,0],"17":[0,0],"18":[0,0],"19":[0,0],"20":[0,0],"21":[0,0],"22":[0,0],"23":[0,0],"24":[0,0],"25":[0,0],"26":[0,0],"27":[0,0],"28":[0,0],"29":[0,0],"30":[0,0],"31":[0,0],"32":[0,0],"33":[0,0],"34":[0,0],"35":[2,2],"36":[0,2],"37":[0,2],"38":[2,0],"39":[0,2],"40":[0,2],"41":[0,2],"42":[0,2],"43":[0,2],"44":[0,2],"45":[0,2],"46":[0,2],"47":[1,1],"48":[1,0],"49":[0,0],"50":[1,1],"51":[0,2],"52":[0,2],"53":[1,1],"54":[1,1,0],"55":[1,0],"56":[1,1],"57":[0,0],"58":[0,0],"59":[0,0],"60":[0,0],"61":[0,0],"62":[0,0],"63":[0,0],"64":[0,0],"65":[0,0],"66":[0,0],"67":[0,0],"68":[0,0],"69":[0,0],"70":[0,0],"71":[0,0]},"_coverageSchema":"1a1c01bbd47fc00a2c39e90264f33305004495a9","hash":"393da7b99663277617edfcf016a9b878c9bd29df"}
,"C:\\Users\\BarthPC\\velo-platform\\backend\\controllers\\conversationController.js": {"path":"C:\\Users\\BarthPC\\velo-platform\\backend\\controllers\\conversationController.js","statementMap":{"0":{"start":{"line":1,"column":26},"end":{"line":1,"column":64}},"1":{"start":{"line":2,"column":21},"end":{"line":2,"column":54}},"2":{"start":{"line":3,"column":15},"end":{"line":3,"column":39}},"3":{"start":{"line":10,"column":2},"end":{"line":10,"column":60}},"4":{"start":{"line":12,"column":52},"end":{"line":12,"column":60}},"5":{"start":{"line":13,"column":2},"end":{"line":15,"column":3}},"6":{"start":{"line":14,"column":4},"end":{"line":14,"column":60}},"7":{"start":{"line":16,"column":2},"end":{"line":18,"column":3}},"8":{"start":{"line":17,"column":4},"end":{"line":17,"column":64}},"9":{"start":{"line":19,"column":2},"end":{"line":29,"column":3}},"10":{"start":{"line":21,"column":15},"end":{"line":21,"column":94}},"11":{"start":{"line":22,"column":4},"end":{"line":24,"column":5}},"12":{"start":{"line":23,"column":6},"end":{"line":23,"column":95}},"13":{"start":{"line":25,"column":4},"end":{"line":25,"column":64}},"14":{"start":{"line":27,"column":4},"end":{"line":27,"column":76}},"15":{"start":{"line":28,"column":4},"end":{"line":28,"column":54}},"16":{"start":{"line":36,"column":17},"end":{"line":36,"column":28}},"17":{"start":{"line":37,"column":2},"end":{"line":43,"column":3}},"18":{"start":{"line":38,"column":18},"end":{"line":38,"column":72}},"19":{"start":{"line":39,"column":4},"end":{"line":39,"column":54}},"20":{"start":{"line":41,"column":4},"end":{"line":41,"column":62}},"21":{"start":{"line":42,"column":4},"end":{"line":42,"column":54}},"22":{"start":{"line":50,"column":29},"end":{"line":50,"column":39}},"23":{"start":{"line":51,"column":2},"end":{"line":57,"column":3}},"24":{"start":{"line":52,"column":21},"end":{"line":52,"column":81}},"25":{"start":{"line":53,"column":4},"end":{"line":53,"column":42}},"26":{"start":{"line":55,"column":4},"end":{"line":55,"column":63}},"27":{"start":{"line":56,"column":4},"end":{"line":56,"column":54}},"28":{"start":{"line":64,"column":29},"end":{"line":64,"column":39}},"29":{"start":{"line":65,"column":22},"end":{"line":65,"column":30}},"30":{"start":{"line":66,"column":19},"end":{"line":66,"column":30}},"31":{"start":{"line":67,"column":2},"end":{"line":69,"column":3}},"32":{"start":{"line":68,"column":4},"end":{"line":68,"column":61}},"33":{"start":{"line":70,"column":2},"end":{"line":77,"column":3}},"34":{"start":{"line":71,"column":16},"end":{"line":71,"column":81}},"35":{"start":{"line":73,"column":4},"end":{"line":73,"column":58}},"36":{"start":{"line":75,"column":4},"end":{"line":75,"column":73}},"37":{"start":{"line":76,"column":4},"end":{"line":76,"column":54}},"38":{"start":{"line":80,"column":0},"end":{"line":85,"column":2}}},"fnMap":{"0":{"name":"createConversation","decl":{"start":{"line":8,"column":15},"end":{"line":8,"column":33}},"loc":{"start":{"line":8,"column":44},"end":{"line":30,"column":1}},"line":8},"1":{"name":"getMyConversations","decl":{"start":{"line":35,"column":15},"end":{"line":35,"column":33}},"loc":{"start":{"line":35,"column":44},"end":{"line":44,"column":1}},"line":35},"2":{"name":"getMessages","decl":{"start":{"line":49,"column":15},"end":{"line":49,"column":26}},"loc":{"start":{"line":49,"column":37},"end":{"line":58,"column":1}},"line":49},"3":{"name":"sendMessage","decl":{"start":{"line":63,"column":15},"end":{"line":63,"column":26}},"loc":{"start":{"line":63,"column":37},"end":{"line":78,"column":1}},"line":63}},"branchMap":{"0":{"loc":{"start":{"line":13,"column":2},"end":{"line":15,"column":3}},"type":"if","locations":[{"start":{"line":13,"column":2},"end":{"line":15,"column":3}},{"start":{},"end":{}}],"line":13},"1":{"loc":{"start":{"line":16,"column":2},"end":{"line":18,"column":3}},"type":"if","locations":[{"start":{"line":16,"column":2},"end":{"line":18,"column":3}},{"start":{},"end":{}}],"line":16},"2":{"loc":{"start":{"line":22,"column":4},"end":{"line":24,"column":5}},"type":"if","locations":[{"start":{"line":22,"column":4},"end":{"line":24,"column":5}},{"start":{},"end":{}}],"line":22},"3":{"loc":{"start":{"line":67,"column":2},"end":{"line":69,"column":3}},"type":"if","locations":[{"start":{"line":67,"column":2},"end":{"line":69,"column":3}},{"start":{},"end":{}}],"line":67}},"s":{"0":13,"1":13,"2":13,"3":1,"4":1,"5":1,"6":1,"7":0,"8":0,"9":0,"10":0,"11":0,"12":0,"13":0,"14":0,"15":0,"16":0,"17":0,"18":0,"19":0,"20":0,"21":0,"22":1,"23":1,"24":1,"25":0,"26":1,"27":1,"28":2,"29":2,"30":2,"31":2,"32":0,"33":2,"34":2,"35":0,"36":2,"37":2,"38":13},"f":{"0":1,"1":0,"2":1,"3":2},"b":{"0":[1,0],"1":[0,0],"2":[0,0],"3":[0,2]},"_coverageSchema":"1a1c01bbd47fc00a2c39e90264f33305004495a9","hash":"bd9c3b5f28b094ec12f3f35aee55632ce8df051d"}
,"C:\\Users\\BarthPC\\velo-platform\\backend\\controllers\\index.js": {"path":"C:\\Users\\BarthPC\\velo-platform\\backend\\controllers\\index.js","statementMap":{"0":{"start":{"line":6,"column":0},"end":{"line":10,"column":2}}},"fnMap":{},"branchMap":{},"s":{"0":14},"f":{},"b":{},"_coverageSchema":"1a1c01bbd47fc00a2c39e90264f33305004495a9","hash":"3e3562bdc21af8ed4aacdad71580e04407cf8bec"}
,"C:\\Users\\BarthPC\\velo-platform\\backend\\controllers\\moderationController.js": {"path":"C:\\Users\\BarthPC\\velo-platform\\backend\\controllers\\moderationController.js","statementMap":{"0":{"start":{"line":5,"column":2},"end":{"line":32,"column":3}},"1":{"start":{"line":6,"column":26},"end":{"line":6,"column":36}},"2":{"start":{"line":7,"column":30},"end":{"line":7,"column":38}},"3":{"start":{"line":9,"column":4},"end":{"line":11,"column":5}},"4":{"start":{"line":10,"column":6},"end":{"line":10,"column":64}},"5":{"start":{"line":13,"column":4},"end":{"line":21,"column":5}},"6":{"start":{"line":14,"column":6},"end":{"line":14,"column":74}},"7":{"start":{"line":15,"column":6},"end":{"line":15,"column":87}},"8":{"start":{"line":17,"column":6},"end":{"line":20,"column":8}},"9":{"start":{"line":23,"column":4},"end":{"line":23,"column":119}},"10":{"start":{"line":25,"column":4},"end":{"line":28,"column":7}},"11":{"start":{"line":30,"column":4},"end":{"line":30,"column":51}},"12":{"start":{"line":31,"column":4},"end":{"line":31,"column":61}},"13":{"start":{"line":34,"column":15},"end":{"line":34,"column":39}},"14":{"start":{"line":35,"column":13},"end":{"line":35,"column":36}},"15":{"start":{"line":36,"column":27},"end":{"line":36,"column":50}},"16":{"start":{"line":42,"column":2},"end":{"line":84,"column":3}},"17":{"start":{"line":43,"column":59},"end":{"line":43,"column":68}},"18":{"start":{"line":47,"column":19},"end":{"line":67,"column":66}},"19":{"start":{"line":69,"column":21},"end":{"line":72,"column":5}},"20":{"start":{"line":74,"column":4},"end":{"line":80,"column":7}},"21":{"start":{"line":82,"column":4},"end":{"line":82,"column":53}},"22":{"start":{"line":83,"column":4},"end":{"line":83,"column":61}},"23":{"start":{"line":91,"column":2},"end":{"line":120,"column":3}},"24":{"start":{"line":92,"column":25},"end":{"line":92,"column":35}},"25":{"start":{"line":93,"column":30},"end":{"line":93,"column":38}},"26":{"start":{"line":95,"column":4},"end":{"line":97,"column":5}},"27":{"start":{"line":96,"column":6},"end":{"line":96,"column":64}},"28":{"start":{"line":99,"column":4},"end":{"line":109,"column":5}},"29":{"start":{"line":101,"column":6},"end":{"line":101,"column":72}},"30":{"start":{"line":102,"column":6},"end":{"line":102,"column":84}},"31":{"start":{"line":105,"column":6},"end":{"line":108,"column":8}},"32":{"start":{"line":111,"column":4},"end":{"line":111,"column":115}},"33":{"start":{"line":113,"column":4},"end":{"line":116,"column":7}},"34":{"start":{"line":118,"column":4},"end":{"line":118,"column":50}},"35":{"start":{"line":119,"column":4},"end":{"line":119,"column":61}},"36":{"start":{"line":127,"column":4},"end":{"line":127,"column":93}},"37":{"start":{"line":128,"column":2},"end":{"line":169,"column":3}},"38":{"start":{"line":129,"column":59},"end":{"line":129,"column":68}},"39":{"start":{"line":131,"column":18},"end":{"line":148,"column":5}},"40":{"start":{"line":149,"column":19},"end":{"line":149,"column":77}},"41":{"start":{"line":150,"column":19},"end":{"line":150,"column":50}},"42":{"start":{"line":151,"column":21},"end":{"line":154,"column":5}},"43":{"start":{"line":155,"column":4},"end":{"line":161,"column":7}},"44":{"start":{"line":163,"column":4},"end":{"line":167,"column":36}},"45":{"start":{"line":168,"column":4},"end":{"line":168,"column":95}},"46":{"start":{"line":172,"column":0},"end":{"line":177,"column":2}}},"fnMap":{"0":{"name":"moderateMessage","decl":{"start":{"line":4,"column":15},"end":{"line":4,"column":30}},"loc":{"start":{"line":4,"column":41},"end":{"line":33,"column":1}},"line":4},"1":{"name":"getFlaggedReviews","decl":{"start":{"line":41,"column":15},"end":{"line":41,"column":32}},"loc":{"start":{"line":41,"column":43},"end":{"line":85,"column":1}},"line":41},"2":{"name":"moderateReview","decl":{"start":{"line":90,"column":15},"end":{"line":90,"column":29}},"loc":{"start":{"line":90,"column":40},"end":{"line":121,"column":1}},"line":90},"3":{"name":"getFlaggedMessages","decl":{"start":{"line":126,"column":15},"end":{"line":126,"column":33}},"loc":{"start":{"line":126,"column":44},"end":{"line":170,"column":1}},"line":126}},"branchMap":{"0":{"loc":{"start":{"line":9,"column":4},"end":{"line":11,"column":5}},"type":"if","locations":[{"start":{"line":9,"column":4},"end":{"line":11,"column":5}},{"start":{},"end":{}}],"line":9},"1":{"loc":{"start":{"line":13,"column":4},"end":{"line":21,"column":5}},"type":"if","locations":[{"start":{"line":13,"column":4},"end":{"line":21,"column":5}},{"start":{"line":16,"column":11},"end":{"line":21,"column":5}}],"line":13},"2":{"loc":{"start":{"line":19,"column":9},"end":{"line":19,"column":55}},"type":"cond-expr","locations":[{"start":{"line":19,"column":32},"end":{"line":19,"column":42}},{"start":{"line":19,"column":45},"end":{"line":19,"column":55}}],"line":19},"3":{"loc":{"start":{"line":19,"column":57},"end":{"line":19,"column":70}},"type":"binary-expr","locations":[{"start":{"line":19,"column":57},"end":{"line":19,"column":62}},{"start":{"line":19,"column":66},"end":{"line":19,"column":70}}],"line":19},"4":{"loc":{"start":{"line":27,"column":26},"end":{"line":27,"column":105}},"type":"cond-expr","locations":[{"start":{"line":27,"column":49},"end":{"line":27,"column":59}},{"start":{"line":27,"column":62},"end":{"line":27,"column":105}}],"line":27},"5":{"loc":{"start":{"line":27,"column":62},"end":{"line":27,"column":105}},"type":"cond-expr","locations":[{"start":{"line":27,"column":84},"end":{"line":27,"column":92}},{"start":{"line":27,"column":95},"end":{"line":27,"column":105}}],"line":27},"6":{"loc":{"start":{"line":43,"column":12},"end":{"line":43,"column":30}},"type":"default-arg","locations":[{"start":{"line":43,"column":21},"end":{"line":43,"column":30}}],"line":43},"7":{"loc":{"start":{"line":43,"column":32},"end":{"line":43,"column":42}},"type":"default-arg","locations":[{"start":{"line":43,"column":40},"end":{"line":43,"column":42}}],"line":43},"8":{"loc":{"start":{"line":43,"column":44},"end":{"line":43,"column":54}},"type":"default-arg","locations":[{"start":{"line":43,"column":53},"end":{"line":43,"column":54}}],"line":43},"9":{"loc":{"start":{"line":67,"column":8},"end":{"line":67,"column":49}},"type":"cond-expr","locations":[{"start":{"line":67,"column":31},"end":{"line":67,"column":40}},{"start":{"line":67,"column":43},"end":{"line":67,"column":49}}],"line":67},"10":{"loc":{"start":{"line":71,"column":7},"end":{"line":71,"column":48}},"type":"cond-expr","locations":[{"start":{"line":71,"column":30},"end":{"line":71,"column":39}},{"start":{"line":71,"column":42},"end":{"line":71,"column":48}}],"line":71},"11":{"loc":{"start":{"line":95,"column":4},"end":{"line":97,"column":5}},"type":"if","locations":[{"start":{"line":95,"column":4},"end":{"line":97,"column":5}},{"start":{},"end":{}}],"line":95},"12":{"loc":{"start":{"line":99,"column":4},"end":{"line":109,"column":5}},"type":"if","locations":[{"start":{"line":99,"column":4},"end":{"line":109,"column":5}},{"start":{"line":103,"column":11},"end":{"line":109,"column":5}}],"line":99},"13":{"loc":{"start":{"line":107,"column":9},"end":{"line":107,"column":55}},"type":"cond-expr","locations":[{"start":{"line":107,"column":32},"end":{"line":107,"column":42}},{"start":{"line":107,"column":45},"end":{"line":107,"column":55}}],"line":107},"14":{"loc":{"start":{"line":107,"column":57},"end":{"line":107,"column":70}},"type":"binary-expr","locations":[{"start":{"line":107,"column":57},"end":{"line":107,"column":62}},{"start":{"line":107,"column":66},"end":{"line":107,"column":70}}],"line":107},"15":{"loc":{"start":{"line":115,"column":23},"end":{"line":115,"column":102}},"type":"cond-expr","locations":[{"start":{"line":115,"column":46},"end":{"line":115,"column":56}},{"start":{"line":115,"column":59},"end":{"line":115,"column":102}}],"line":115},"16":{"loc":{"start":{"line":115,"column":59},"end":{"line":115,"column":102}},"type":"cond-expr","locations":[{"start":{"line":115,"column":81},"end":{"line":115,"column":89}},{"start":{"line":115,"column":92},"end":{"line":115,"column":102}}],"line":115},"17":{"loc":{"start":{"line":129,"column":12},"end":{"line":129,"column":30}},"type":"default-arg","locations":[{"start":{"line":129,"column":21},"end":{"line":129,"column":30}}],"line":129},"18":{"loc":{"start":{"line":129,"column":32},"end":{"line":129,"column":42}},"type":"default-arg","locations":[{"start":{"line":129,"column":40},"end":{"line":129,"column":42}}],"line":129},"19":{"loc":{"start":{"line":129,"column":44},"end":{"line":129,"column":54}},"type":"default-arg","locations":[{"start":{"line":129,"column":53},"end":{"line":129,"column":54}}],"line":129},"20":{"loc":{"start":{"line":149,"column":20},"end":{"line":149,"column":61}},"type":"cond-expr","locations":[{"start":{"line":149,"column":43},"end":{"line":149,"column":52}},{"start":{"line":149,"column":55},"end":{"line":149,"column":61}}],"line":149},"21":{"loc":{"start":{"line":153,"column":7},"end":{"line":153,"column":48}},"type":"cond-expr","locations":[{"start":{"line":153,"column":30},"end":{"line":153,"column":39}},{"start":{"line":153,"column":42},"end":{"line":153,"column":48}}],"line":153},"22":{"loc":{"start":{"line":168,"column":41},"end":{"line":168,"column":91}},"type":"cond-expr","locations":[{"start":{"line":168,"column":60},"end":{"line":168,"column":69}},{"start":{"line":168,"column":72},"end":{"line":168,"column":91}}],"line":168},"23":{"loc":{"start":{"line":168,"column":41},"end":{"line":168,"column":57}},"type":"binary-expr","locations":[{"start":{"line":168,"column":41},"end":{"line":168,"column":44}},{"start":{"line":168,"column":48},"end":{"line":168,"column":57}}],"line":168}},"s":{"0":0,"1":0,"2":0,"3":0,"4":0,"5":0,"6":0,"7":0,"8":0,"9":0,"10":0,"11":0,"12":0,"13":14,"14":14,"15":14,"16":0,"17":0,"18":0,"19":0,"20":0,"21":0,"22":0,"23":0,"24":0,"25":0,"26":0,"27":0,"28":0,"29":0,"30":0,"31":0,"32":0,"33":0,"34":0,"35":0,"36":0,"37":0,"38":0,"39":0,"40":0,"41":0,"42":0,"43":0,"44":0,"45":0,"46":14},"f":{"0":0,"1":0,"2":0,"3":0},"b":{"0":[0,0],"1":[0,0],"2":[0,0],"3":[0,0],"4":[0,0],"5":[0,0],"6":[0],"7":[0],"8":[0],"9":[0,0],"10":[0,0],"11":[0,0],"12":[0,0],"13":[0,0],"14":[0,0],"15":[0,0],"16":[0,0],"17":[0],"18":[0],"19":[0],"20":[0,0],"21":[0,0],"22":[0,0],"23":[0,0]},"_coverageSchema":"1a1c01bbd47fc00a2c39e90264f33305004495a9","hash":"d4817caff8d7cb21ac20310d835fffd17fb33431"}
,"C:\\Users\\BarthPC\\velo-platform\\backend\\controllers\\pushSubscriptionController.js": {"path":"C:\\Users\\BarthPC\\velo-platform\\backend\\controllers\\pushSubscriptionController.js","statementMap":{"0":{"start":{"line":2,"column":30},"end":{"line":2,"column":72}},"1":{"start":{"line":3,"column":32},"end":{"line":3,"column":78}},"2":{"start":{"line":4,"column":15},"end":{"line":4,"column":39}},"3":{"start":{"line":10,"column":2},"end":{"line":10,"column":71}},"4":{"start":{"line":17,"column":29},"end":{"line":17,"column":37}},"5":{"start":{"line":18,"column":17},"end":{"line":18,"column":28}},"6":{"start":{"line":20,"column":2},"end":{"line":38,"column":3}},"7":{"start":{"line":21,"column":4},"end":{"line":23,"column":5}},"8":{"start":{"line":22,"column":6},"end":{"line":22,"column":68}},"9":{"start":{"line":25,"column":4},"end":{"line":30,"column":6}},"10":{"start":{"line":32,"column":4},"end":{"line":32,"column":79}},"11":{"start":{"line":34,"column":4},"end":{"line":34,"column":63}},"12":{"start":{"line":36,"column":4},"end":{"line":36,"column":77}},"13":{"start":{"line":37,"column":4},"end":{"line":37,"column":89}},"14":{"start":{"line":45,"column":23},"end":{"line":45,"column":31}},"15":{"start":{"line":47,"column":2},"end":{"line":60,"column":3}},"16":{"start":{"line":48,"column":4},"end":{"line":50,"column":5}},"17":{"start":{"line":49,"column":6},"end":{"line":49,"column":64}},"18":{"start":{"line":52,"column":4},"end":{"line":52,"column":61}},"19":{"start":{"line":54,"column":4},"end":{"line":54,"column":75}},"20":{"start":{"line":56,"column":4},"end":{"line":56,"column":52}},"21":{"start":{"line":58,"column":4},"end":{"line":58,"column":73}},"22":{"start":{"line":59,"column":4},"end":{"line":59,"column":68}},"23":{"start":{"line":63,"column":0},"end":{"line":67,"column":2}}},"fnMap":{"0":{"name":"getVapidPublicKey","decl":{"start":{"line":9,"column":9},"end":{"line":9,"column":26}},"loc":{"start":{"line":9,"column":37},"end":{"line":11,"column":1}},"line":9},"1":{"name":"subscribe","decl":{"start":{"line":16,"column":15},"end":{"line":16,"column":24}},"loc":{"start":{"line":16,"column":35},"end":{"line":39,"column":1}},"line":16},"2":{"name":"unsubscribe","decl":{"start":{"line":44,"column":15},"end":{"line":44,"column":26}},"loc":{"start":{"line":44,"column":37},"end":{"line":61,"column":1}},"line":44}},"branchMap":{"0":{"loc":{"start":{"line":21,"column":4},"end":{"line":23,"column":5}},"type":"if","locations":[{"start":{"line":21,"column":4},"end":{"line":23,"column":5}},{"start":{},"end":{}}],"line":21},"1":{"loc":{"start":{"line":21,"column":8},"end":{"line":21,"column":56}},"type":"binary-expr","locations":[{"start":{"line":21,"column":8},"end":{"line":21,"column":17}},{"start":{"line":21,"column":21},"end":{"line":21,"column":26}},{"start":{"line":21,"column":30},"end":{"line":21,"column":42}},{"start":{"line":21,"column":46},"end":{"line":21,"column":56}}],"line":21},"2":{"loc":{"start":{"line":48,"column":4},"end":{"line":50,"column":5}},"type":"if","locations":[{"start":{"line":48,"column":4},"end":{"line":50,"column":5}},{"start":{},"end":{}}],"line":48}},"s":{"0":13,"1":13,"2":13,"3":0,"4":0,"5":0,"6":0,"7":0,"8":0,"9":0,"10":0,"11":0,"12":0,"13":0,"14":0,"15":0,"16":0,"17":0,"18":0,"19":0,"20":0,"21":0,"22":0,"23":13},"f":{"0":0,"1":0,"2":0},"b":{"0":[0,0],"1":[0,0,0,0],"2":[0,0]},"_coverageSchema":"1a1c01bbd47fc00a2c39e90264f33305004495a9","hash":"899aff327ae6f907d26b56f1b23efb8d8de4d7c8"}
,"C:\\Users\\BarthPC\\velo-platform\\backend\\controllers\\repairController.js": {"path":"C:\\Users\\BarthPC\\velo-platform\\backend\\controllers\\repairController.js","statementMap":{"0":{"start":{"line":7,"column":4},"end":{"line":7,"column":36}},"1":{"start":{"line":8,"column":25},"end":{"line":8,"column":62}},"2":{"start":{"line":9,"column":15},"end":{"line":9,"column":39}},"3":{"start":{"line":15,"column":100},"end":{"line":15,"column":108}},"4":{"start":{"line":16,"column":17},"end":{"line":16,"column":28}},"5":{"start":{"line":18,"column":2},"end":{"line":20,"column":3}},"6":{"start":{"line":19,"column":4},"end":{"line":19,"column":74}},"7":{"start":{"line":22,"column":2},"end":{"line":37,"column":3}},"8":{"start":{"line":23,"column":19},"end":{"line":32,"column":5}},"9":{"start":{"line":33,"column":4},"end":{"line":33,"column":52}},"10":{"start":{"line":35,"column":4},"end":{"line":35,"column":63}},"11":{"start":{"line":36,"column":4},"end":{"line":36,"column":54}},"12":{"start":{"line":44,"column":17},"end":{"line":44,"column":28}},"13":{"start":{"line":46,"column":2},"end":{"line":58,"column":3}},"14":{"start":{"line":47,"column":20},"end":{"line":47,"column":57}},"15":{"start":{"line":49,"column":19},"end":{"line":53,"column":7}},"16":{"start":{"line":49,"column":37},"end":{"line":53,"column":5}},"17":{"start":{"line":51,"column":41},"end":{"line":51,"column":111}},"18":{"start":{"line":54,"column":4},"end":{"line":54,"column":49}},"19":{"start":{"line":56,"column":4},"end":{"line":56,"column":54}},"20":{"start":{"line":57,"column":4},"end":{"line":57,"column":54}},"21":{"start":{"line":65,"column":24},"end":{"line":65,"column":34}},"22":{"start":{"line":67,"column":2},"end":{"line":79,"column":3}},"23":{"start":{"line":68,"column":19},"end":{"line":68,"column":56}},"24":{"start":{"line":69,"column":4},"end":{"line":71,"column":5}},"25":{"start":{"line":70,"column":6},"end":{"line":70,"column":68}},"26":{"start":{"line":73,"column":19},"end":{"line":73,"column":123}},"27":{"start":{"line":73,"column":51},"end":{"line":73,"column":121}},"28":{"start":{"line":74,"column":4},"end":{"line":74,"column":27}},"29":{"start":{"line":75,"column":4},"end":{"line":75,"column":40}},"30":{"start":{"line":77,"column":4},"end":{"line":77,"column":62}},"31":{"start":{"line":78,"column":4},"end":{"line":78,"column":54}},"32":{"start":{"line":86,"column":24},"end":{"line":86,"column":34}},"33":{"start":{"line":87,"column":21},"end":{"line":87,"column":29}},"34":{"start":{"line":89,"column":2},"end":{"line":91,"column":3}},"35":{"start":{"line":90,"column":4},"end":{"line":90,"column":60}},"36":{"start":{"line":93,"column":2},"end":{"line":108,"column":3}},"37":{"start":{"line":95,"column":4},"end":{"line":101,"column":5}},"38":{"start":{"line":96,"column":21},"end":{"line":96,"column":79}},"39":{"start":{"line":97,"column":26},"end":{"line":97,"column":75}},"40":{"start":{"line":97,"column":51},"end":{"line":97,"column":74}},"41":{"start":{"line":98,"column":6},"end":{"line":100,"column":7}},"42":{"start":{"line":99,"column":8},"end":{"line":99,"column":123}},"43":{"start":{"line":103,"column":19},"end":{"line":103,"column":69}},"44":{"start":{"line":104,"column":4},"end":{"line":104,"column":40}},"45":{"start":{"line":106,"column":4},"end":{"line":106,"column":73}},"46":{"start":{"line":107,"column":4},"end":{"line":107,"column":54}},"47":{"start":{"line":115,"column":2},"end":{"line":149,"column":3}},"48":{"start":{"line":117,"column":21},"end":{"line":117,"column":52}},"49":{"start":{"line":118,"column":18},"end":{"line":118,"column":20}},"50":{"start":{"line":119,"column":4},"end":{"line":126,"column":5}},"51":{"start":{"line":120,"column":6},"end":{"line":125,"column":7}},"52":{"start":{"line":121,"column":22},"end":{"line":121,"column":56}},"53":{"start":{"line":122,"column":8},"end":{"line":122,"column":41}},"54":{"start":{"line":127,"column":23},"end":{"line":127,"column":34}},"55":{"start":{"line":129,"column":19},"end":{"line":129,"column":21}},"56":{"start":{"line":130,"column":4},"end":{"line":144,"column":5}},"57":{"start":{"line":131,"column":21},"end":{"line":131,"column":26}},"58":{"start":{"line":132,"column":6},"end":{"line":136,"column":7}},"59":{"start":{"line":133,"column":8},"end":{"line":133,"column":98}},"60":{"start":{"line":135,"column":8},"end":{"line":135,"column":82}},"61":{"start":{"line":137,"column":6},"end":{"line":137,"column":95}},"62":{"start":{"line":138,"column":6},"end":{"line":143,"column":9}},"63":{"start":{"line":142,"column":43},"end":{"line":142,"column":113}},"64":{"start":{"line":145,"column":4},"end":{"line":145,"column":71}},"65":{"start":{"line":147,"column":4},"end":{"line":147,"column":53}},"66":{"start":{"line":148,"column":4},"end":{"line":148,"column":54}},"67":{"start":{"line":156,"column":24},"end":{"line":156,"column":34}},"68":{"start":{"line":157,"column":17},"end":{"line":157,"column":28}},"69":{"start":{"line":159,"column":2},"end":{"line":181,"column":3}},"70":{"start":{"line":160,"column":19},"end":{"line":160,"column":56}},"71":{"start":{"line":161,"column":4},"end":{"line":163,"column":5}},"72":{"start":{"line":162,"column":6},"end":{"line":162,"column":68}},"73":{"start":{"line":166,"column":4},"end":{"line":168,"column":5}},"74":{"start":{"line":167,"column":6},"end":{"line":167,"column":106}},"75":{"start":{"line":170,"column":4},"end":{"line":172,"column":5}},"76":{"start":{"line":171,"column":6},"end":{"line":171,"column":127}},"77":{"start":{"line":174,"column":20},"end":{"line":174,"column":74}},"78":{"start":{"line":175,"column":4},"end":{"line":175,"column":84}},"79":{"start":{"line":177,"column":4},"end":{"line":177,"column":49}},"80":{"start":{"line":179,"column":4},"end":{"line":179,"column":58}},"81":{"start":{"line":180,"column":4},"end":{"line":180,"column":54}},"82":{"start":{"line":188,"column":24},"end":{"line":188,"column":34}},"83":{"start":{"line":189,"column":17},"end":{"line":189,"column":28}},"84":{"start":{"line":191,"column":2},"end":{"line":216,"column":3}},"85":{"start":{"line":192,"column":19},"end":{"line":192,"column":56}},"86":{"start":{"line":193,"column":4},"end":{"line":195,"column":5}},"87":{"start":{"line":194,"column":6},"end":{"line":194,"column":68}},"88":{"start":{"line":198,"column":20},"end":{"line":198,"column":45}},"89":{"start":{"line":199,"column":31},"end":{"line":199,"column":69}},"90":{"start":{"line":201,"column":4},"end":{"line":203,"column":5}},"91":{"start":{"line":202,"column":6},"end":{"line":202,"column":113}},"92":{"start":{"line":205,"column":4},"end":{"line":207,"column":5}},"93":{"start":{"line":206,"column":6},"end":{"line":206,"column":128}},"94":{"start":{"line":209,"column":20},"end":{"line":209,"column":74}},"95":{"start":{"line":210,"column":4},"end":{"line":210,"column":73}},"96":{"start":{"line":212,"column":4},"end":{"line":212,"column":49}},"97":{"start":{"line":214,"column":4},"end":{"line":214,"column":61}},"98":{"start":{"line":215,"column":4},"end":{"line":215,"column":54}},"99":{"start":{"line":219,"column":0},"end":{"line":227,"column":2}}},"fnMap":{"0":{"name":"createRepair","decl":{"start":{"line":14,"column":15},"end":{"line":14,"column":27}},"loc":{"start":{"line":14,"column":38},"end":{"line":38,"column":1}},"line":14},"1":{"name":"getRepairs","decl":{"start":{"line":43,"column":15},"end":{"line":43,"column":25}},"loc":{"start":{"line":43,"column":36},"end":{"line":59,"column":1}},"line":43},"2":{"name":"(anonymous_2)","decl":{"start":{"line":49,"column":31},"end":{"line":49,"column":32}},"loc":{"start":{"line":49,"column":37},"end":{"line":53,"column":5}},"line":49},"3":{"name":"(anonymous_3)","decl":{"start":{"line":51,"column":35},"end":{"line":51,"column":36}},"loc":{"start":{"line":51,"column":41},"end":{"line":51,"column":111}},"line":51},"4":{"name":"getRepairDetail","decl":{"start":{"line":64,"column":15},"end":{"line":64,"column":30}},"loc":{"start":{"line":64,"column":41},"end":{"line":80,"column":1}},"line":64},"5":{"name":"(anonymous_5)","decl":{"start":{"line":73,"column":45},"end":{"line":73,"column":46}},"loc":{"start":{"line":73,"column":51},"end":{"line":73,"column":121}},"line":73},"6":{"name":"updateRepairStatus","decl":{"start":{"line":85,"column":15},"end":{"line":85,"column":33}},"loc":{"start":{"line":85,"column":44},"end":{"line":109,"column":1}},"line":85},"7":{"name":"(anonymous_7)","decl":{"start":{"line":97,"column":46},"end":{"line":97,"column":47}},"loc":{"start":{"line":97,"column":51},"end":{"line":97,"column":74}},"line":97},"8":{"name":"getPendingRepairs","decl":{"start":{"line":114,"column":15},"end":{"line":114,"column":32}},"loc":{"start":{"line":114,"column":43},"end":{"line":150,"column":1}},"line":114},"9":{"name":"(anonymous_9)","decl":{"start":{"line":142,"column":37},"end":{"line":142,"column":38}},"loc":{"start":{"line":142,"column":43},"end":{"line":142,"column":113}},"line":142},"10":{"name":"startRepair","decl":{"start":{"line":155,"column":15},"end":{"line":155,"column":26}},"loc":{"start":{"line":155,"column":37},"end":{"line":182,"column":1}},"line":155},"11":{"name":"completeRepair","decl":{"start":{"line":187,"column":15},"end":{"line":187,"column":29}},"loc":{"start":{"line":187,"column":40},"end":{"line":217,"column":1}},"line":187}},"branchMap":{"0":{"loc":{"start":{"line":18,"column":2},"end":{"line":20,"column":3}},"type":"if","locations":[{"start":{"line":18,"column":2},"end":{"line":20,"column":3}},{"start":{},"end":{}}],"line":18},"1":{"loc":{"start":{"line":18,"column":6},"end":{"line":18,"column":28}},"type":"binary-expr","locations":[{"start":{"line":18,"column":6},"end":{"line":18,"column":12}},{"start":{"line":18,"column":16},"end":{"line":18,"column":28}}],"line":18},"2":{"loc":{"start":{"line":27,"column":6},"end":{"line":27,"column":23}},"type":"binary-expr","locations":[{"start":{"line":27,"column":6},"end":{"line":27,"column":15}},{"start":{"line":27,"column":19},"end":{"line":27,"column":23}}],"line":27},"3":{"loc":{"start":{"line":28,"column":6},"end":{"line":28,"column":26}},"type":"binary-expr","locations":[{"start":{"line":28,"column":6},"end":{"line":28,"column":18}},{"start":{"line":28,"column":22},"end":{"line":28,"column":26}}],"line":28},"4":{"loc":{"start":{"line":29,"column":6},"end":{"line":29,"column":26}},"type":"binary-expr","locations":[{"start":{"line":29,"column":6},"end":{"line":29,"column":18}},{"start":{"line":29,"column":22},"end":{"line":29,"column":26}}],"line":29},"5":{"loc":{"start":{"line":30,"column":6},"end":{"line":30,"column":30}},"type":"binary-expr","locations":[{"start":{"line":30,"column":6},"end":{"line":30,"column":22}},{"start":{"line":30,"column":26},"end":{"line":30,"column":30}}],"line":30},"6":{"loc":{"start":{"line":31,"column":6},"end":{"line":31,"column":20}},"type":"binary-expr","locations":[{"start":{"line":31,"column":6},"end":{"line":31,"column":14}},{"start":{"line":31,"column":18},"end":{"line":31,"column":20}}],"line":31},"7":{"loc":{"start":{"line":51,"column":15},"end":{"line":51,"column":29}},"type":"binary-expr","locations":[{"start":{"line":51,"column":15},"end":{"line":51,"column":23}},{"start":{"line":51,"column":27},"end":{"line":51,"column":29}}],"line":51},"8":{"loc":{"start":{"line":69,"column":4},"end":{"line":71,"column":5}},"type":"if","locations":[{"start":{"line":69,"column":4},"end":{"line":71,"column":5}},{"start":{},"end":{}}],"line":69},"9":{"loc":{"start":{"line":73,"column":20},"end":{"line":73,"column":39}},"type":"binary-expr","locations":[{"start":{"line":73,"column":20},"end":{"line":73,"column":33}},{"start":{"line":73,"column":37},"end":{"line":73,"column":39}}],"line":73},"10":{"loc":{"start":{"line":89,"column":2},"end":{"line":91,"column":3}},"type":"if","locations":[{"start":{"line":89,"column":2},"end":{"line":91,"column":3}},{"start":{},"end":{}}],"line":89},"11":{"loc":{"start":{"line":95,"column":4},"end":{"line":101,"column":5}},"type":"if","locations":[{"start":{"line":95,"column":4},"end":{"line":101,"column":5}},{"start":{},"end":{}}],"line":95},"12":{"loc":{"start":{"line":97,"column":27},"end":{"line":97,"column":39}},"type":"binary-expr","locations":[{"start":{"line":97,"column":27},"end":{"line":97,"column":33}},{"start":{"line":97,"column":37},"end":{"line":97,"column":39}}],"line":97},"13":{"loc":{"start":{"line":98,"column":6},"end":{"line":100,"column":7}},"type":"if","locations":[{"start":{"line":98,"column":6},"end":{"line":100,"column":7}},{"start":{},"end":{}}],"line":98},"14":{"loc":{"start":{"line":142,"column":17},"end":{"line":142,"column":31}},"type":"binary-expr","locations":[{"start":{"line":142,"column":17},"end":{"line":142,"column":25}},{"start":{"line":142,"column":29},"end":{"line":142,"column":31}}],"line":142},"15":{"loc":{"start":{"line":161,"column":4},"end":{"line":163,"column":5}},"type":"if","locations":[{"start":{"line":161,"column":4},"end":{"line":163,"column":5}},{"start":{},"end":{}}],"line":161},"16":{"loc":{"start":{"line":166,"column":4},"end":{"line":168,"column":5}},"type":"if","locations":[{"start":{"line":166,"column":4},"end":{"line":168,"column":5}},{"start":{},"end":{}}],"line":166},"17":{"loc":{"start":{"line":170,"column":4},"end":{"line":172,"column":5}},"type":"if","locations":[{"start":{"line":170,"column":4},"end":{"line":172,"column":5}},{"start":{},"end":{}}],"line":170},"18":{"loc":{"start":{"line":193,"column":4},"end":{"line":195,"column":5}},"type":"if","locations":[{"start":{"line":193,"column":4},"end":{"line":195,"column":5}},{"start":{},"end":{}}],"line":193},"19":{"loc":{"start":{"line":201,"column":4},"end":{"line":203,"column":5}},"type":"if","locations":[{"start":{"line":201,"column":4},"end":{"line":203,"column":5}},{"start":{},"end":{}}],"line":201},"20":{"loc":{"start":{"line":201,"column":8},"end":{"line":201,"column":39}},"type":"binary-expr","locations":[{"start":{"line":201,"column":8},"end":{"line":201,"column":16}},{"start":{"line":201,"column":20},"end":{"line":201,"column":39}}],"line":201},"21":{"loc":{"start":{"line":205,"column":4},"end":{"line":207,"column":5}},"type":"if","locations":[{"start":{"line":205,"column":4},"end":{"line":207,"column":5}},{"start":{},"end":{}}],"line":205}},"s":{"0":12,"1":12,"2":12,"3":3,"4":3,"5":3,"6":1,"7":2,"8":2,"9":2,"10":0,"11":0,"12":1,"13":1,"14":1,"15":1,"16":1,"17":1,"18":1,"19":0,"20":0,"21":2,"22":2,"23":2,"24":2,"25":1,"26":1,"27":0,"28":1,"29":1,"30":0,"31":0,"32":1,"33":1,"34":1,"35":1,"36":0,"37":0,"38":0,"39":0,"40":0,"41":0,"42":0,"43":0,"44":0,"45":0,"46":0,"47":1,"48":1,"49":1,"50":1,"51":3,"52":3,"53":3,"54":1,"55":0,"56":0,"57":0,"58":0,"59":0,"60":0,"61":0,"62":0,"63":0,"64":0,"65":1,"66":1,"67":0,"68":0,"69":0,"70":0,"71":0,"72":0,"73":0,"74":0,"75":0,"76":0,"77":0,"78":0,"79":0,"80":0,"81":0,"82":0,"83":0,"84":0,"85":0,"86":0,"87":0,"88":0,"89":0,"90":0,"91":0,"92":0,"93":0,"94":0,"95":0,"96":0,"97":0,"98":0,"99":12},"f":{"0":3,"1":1,"2":1,"3":1,"4":2,"5":0,"6":1,"7":0,"8":1,"9":0,"10":0,"11":0},"b":{"0":[1,2],"1":[3,2],"2":[2,1],"3":[2,1],"4":[2,1],"5":[2,1],"6":[2,2],"7":[1,0],"8":[1,1],"9":[1,0],"10":[1,0],"11":[0,0],"12":[0,0],"13":[0,0],"14":[0,0],"15":[0,0],"16":[0,0],"17":[0,0],"18":[0,0],"19":[0,0],"20":[0,0],"21":[0,0]},"_coverageSchema":"1a1c01bbd47fc00a2c39e90264f33305004495a9","hash":"5b54e6c9237963bd0d22eae9b363b3b181a49add"}
[...]
},"end":{"line":54,"column":20}},"loc":{"start":{"line":54,"column":39},"end":{"line":69,"column":1}},"line":54},"7":{"name":"(anonymous_7)","decl":{"start":{"line":71,"column":21},"end":{"line":71,"column":22}},"loc":{"start":{"line":71,"column":41},"end":{"line":91,"column":1}},"line":71},"8":{"name":"(anonymous_8)","decl":{"start":{"line":93,"column":26},"end":{"line":93,"column":27}},"loc":{"start":{"line":93,"column":46},"end":{"line":136,"column":1}},"line":93},"9":{"name":"(anonymous_9)","decl":{"start":{"line":109,"column":37},"end":{"line":109,"column":38}},"loc":{"start":{"line":109,"column":50},"end":{"line":109,"column":73}},"line":109}},"branchMap":{"0":{"loc":{"start":{"line":41,"column":16},"end":{"line":41,"column":25}},"type":"binary-expr","locations":[{"start":{"line":41,"column":16},"end":{"line":41,"column":19}},{"start":{"line":41,"column":23},"end":{"line":41,"column":25}}],"line":41},"1":{"loc":{"start":{"line":45,"column":6},"end":{"line":45,"column":24}},"type":"if","locations":[{"start":{"line":45,"column":6},"end":{"line":45,"column":24}},{"start":{},"end":{}}],"line":45},"2":{"loc":{"start":{"line":47,"column":6},"end":{"line":47,"column":73}},"type":"if","locations":[{"start":{"line":47,"column":6},"end":{"line":47,"column":73}},{"start":{},"end":{}}],"line":47},"3":{"loc":{"start":{"line":47,"column":10},"end":{"line":47,"column":48}},"type":"binary-expr","locations":[{"start":{"line":47,"column":10},"end":{"line":47,"column":23}},{"start":{"line":47,"column":27},"end":{"line":47,"column":48}}],"line":47},"4":{"loc":{"start":{"line":49,"column":49},"end":{"line":49,"column":90}},"type":"cond-expr","locations":[{"start":{"line":49,"column":54},"end":{"line":49,"column":85}},{"start":{"line":49,"column":89},"end":{"line":49,"column":90}}],"line":49},"5":{"loc":{"start":{"line":56,"column":21},"end":{"line":56,"column":35}},"type":"binary-expr","locations":[{"start":{"line":56,"column":21},"end":{"line":56,"column":29}},{"start":{"line":56,"column":33},"end":{"line":56,"column":35}}],"line":56},"6":{"loc":{"start":{"line":57,"column":4},"end":{"line":59,"column":5}},"type":"if","locations":[{"start":{"line":57,"column":4},"end":{"line":59,"column":5}},{"start":{},"end":{}}],"line":57},"7":{"loc":{"start":{"line":57,"column":8},"end":{"line":57,"column":57}},"type":"binary-expr","locations":[{"start":{"line":57,"column":8},"end":{"line":57,"column":13}},{"start":{"line":57,"column":17},"end":{"line":57,"column":41}},{"start":{"line":57,"column":45},"end":{"line":57,"column":57}}],"line":57},"8":{"loc":{"start":{"line":73,"column":17},"end":{"line":75,"column":5}},"type":"cond-expr","locations":[{"start":{"line":73,"column":62},"end":{"line":73,"column":77}},{"start":{"line":73,"column":80},"end":{"line":75,"column":5}}],"line":73},"9":{"loc":{"start":{"line":73,"column":31},"end":{"line":73,"column":58}},"type":"binary-expr","locations":[{"start":{"line":73,"column":31},"end":{"line":73,"column":39}},{"start":{"line":73,"column":43},"end":{"line":73,"column":58}}],"line":73},"10":{"loc":{"start":{"line":78,"column":35},"end":{"line":78,"column":44}},"type":"binary-expr","locations":[{"start":{"line":78,"column":35},"end":{"line":78,"column":38}},{"start":{"line":78,"column":42},"end":{"line":78,"column":44}}],"line":78},"11":{"loc":{"start":{"line":79,"column":6},"end":{"line":79,"column":23}},"type":"if","locations":[{"start":{"line":79,"column":6},"end":{"line":79,"column":23}},{"start":{},"end":{}}],"line":79},"12":{"loc":{"start":{"line":83,"column":19},"end":{"line":83,"column":42}},"type":"binary-expr","locations":[{"start":{"line":83,"column":19},"end":{"line":83,"column":27}},{"start":{"line":83,"column":31},"end":{"line":83,"column":42}}],"line":83},"13":{"loc":{"start":{"line":84,"column":22},"end":{"line":84,"column":80}},"type":"binary-expr","locations":[{"start":{"line":84,"column":22},"end":{"line":84,"column":52}},{"start":{"line":84,"column":56},"end":{"line":84,"column":80}}],"line":84},"14":{"loc":{"start":{"line":101,"column":36},"end":{"line":101,"column":48}},"type":"binary-expr","locations":[{"start":{"line":101,"column":36},"end":{"line":101,"column":42}},{"start":{"line":101,"column":46},"end":{"line":101,"column":48}}],"line":101},"15":{"loc":{"start":{"line":102,"column":6},"end":{"line":103,"column":52}},"type":"if","locations":[{"start":{"line":102,"column":6},"end":{"line":103,"column":52}},{"start":{"line":103,"column":11},"end":{"line":103,"column":52}}],"line":102},"16":{"loc":{"start":{"line":109,"column":50},"end":{"line":109,"column":73}},"type":"cond-expr","locations":[{"start":{"line":109,"column":66},"end":{"line":109,"column":67}},{"start":{"line":109,"column":70},"end":{"line":109,"column":73}}],"line":109},"17":{"loc":{"start":{"line":112,"column":8},"end":{"line":112,"column":51}},"type":"if","locations":[{"start":{"line":112,"column":8},"end":{"line":112,"column":51}},{"start":{},"end":{}}],"line":112},"18":{"loc":{"start":{"line":116,"column":4},"end":{"line":119,"column":5}},"type":"if","locations":[{"start":{"line":116,"column":4},"end":{"line":119,"column":5}},{"start":{},"end":{}}],"line":116},"19":{"loc":{"start":{"line":125,"column":19},"end":{"line":125,"column":42}},"type":"binary-expr","locations":[{"start":{"line":125,"column":19},"end":{"line":125,"column":27}},{"start":{"line":125,"column":31},"end":{"line":125,"column":42}}],"line":125},"20":{"loc":{"start":{"line":126,"column":22},"end":{"line":126,"column":80}},"type":"binary-expr","locations":[{"start":{"line":126,"column":22},"end":{"line":126,"column":52}},{"start":{"line":126,"column":56},"end":{"line":126,"column":80}}],"line":126}},"s":{"0":13,"1":13,"2":13,"3":0,"4":0,"5":13,"6":0,"7":0,"8":0,"9":0,"10":0,"11":0,"12":0,"13":0,"14":0,"15":0,"16":0,"17":0,"18":0,"19":0,"20":0,"21":0,"22":0,"23":0,"24":13,"25":0,"26":0,"27":0,"28":0,"29":0,"30":0,"31":0,"32":0,"33":0,"34":0,"35":13,"36":0,"37":0,"38":0,"39":0,"40":0,"41":0,"42":0,"43":0,"44":0,"45":0,"46":0,"47":0,"48":0,"49":0,"50":13,"51":0,"52":0,"53":0,"54":0,"55":0,"56":0,"57":0,"58":0,"59":0,"60":0,"61":0,"62":0,"63":0,"64":0,"65":0,"66":0,"67":0,"68":0,"69":0,"70":0,"71":0,"72":0,"73":0,"74":0,"75":0,"76":0,"77":0,"78":0,"79":0,"80":0,"81":0,"82":0,"83":0,"84":0},"f":{"0":0,"1":0,"2":0,"3":0,"4":0,"5":0,"6":0,"7":0,"8":0,"9":0},"b":{"0":[0,0],"1":[0,0],"2":[0,0],"3":[0,0],"4":[0,0],"5":[0,0],"6":[0,0],"7":[0,0,0],"8":[0,0],"9":[0,0],"10":[0,0],"11":[0,0],"12":[0,0],"13":[0,0],"14":[0,0],"15":[0,0],"16":[0,0],"17":[0,0],"18":[0,0],"19":[0,0],"20":[0,0]},"_coverageSchema":"1a1c01bbd47fc00a2c39e90264f33305004495a9","hash":"c4df05b42f029fcc1302388cf887038449986729"}
,"C:\\Users\\BarthPC\\velo-platform\\backend\\src\\controllers\\listingsController.js": {"path":"C:\\Users\\BarthPC\\velo-platform\\backend\\src\\controllers\\listingsController.js","statementMap":{"0":{"start":{"line":1,"column":12},"end":{"line":1,"column":28}},"1":{"start":{"line":2,"column":15},"end":{"line":2,"column":35}},"2":{"start":{"line":5,"column":33},"end":{"line":5,"column":47}},"3":{"start":{"line":6,"column":2},"end":{"line":17,"column":3}},"4":{"start":{"line":7,"column":65},"end":{"line":7,"column":79}},"5":{"start":{"line":8,"column":4},"end":{"line":8,"column":142}},"6":{"start":{"line":8,"column":32},"end":{"line":8,"column":142}},"7":{"start":{"line":10,"column":14},"end":{"line":11,"column":54}},"8":{"start":{"line":12,"column":21},"end":{"line":12,"column":103}},"9":{"start":{"line":13,"column":4},"end":{"line":13,"column":41}},"10":{"start":{"line":15,"column":4},"end":{"line":15,"column":69}},"11":{"start":{"line":16,"column":4},"end":{"line":16,"column":88}},"12":{"start":{"line":21,"column":2},"end":{"line":34,"column":3}},"13":{"start":{"line":22,"column":37},"end":{"line":22,"column":46}},"14":{"start":{"line":23,"column":23},"end":{"line":23,"column":25}},"15":{"start":{"line":24,"column":19},"end":{"line":24,"column":21}},"16":{"start":{"line":25,"column":4},"end":{"line":25,"column":102}},"17":{"start":{"line":25,"column":23},"end":{"line":25,"column":48}},"18":{"start":{"line":25,"column":49},"end":{"line":25,"column":100}},"19":{"start":{"line":26,"column":4},"end":{"line":26,"column":124}},"20":{"start":{"line":26,"column":42},"end":{"line":26,"column":74}},"21":{"start":{"line":26,"column":75},"end":{"line":26,"column":122}},"22":{"start":{"line":27,"column":18},"end":{"line":27,"column":78}},"23":{"start":{"line":28,"column":14},"end":{"line":28,"column":74}},"24":{"start":{"line":29,"column":21},"end":{"line":29,"column":46}},"25":{"start":{"line":30,"column":4},"end":{"line":30,"column":26}},"26":{"start":{"line":32,"column":4},"end":{"line":32,"column":47}},"27":{"start":{"line":33,"column":4},"end":{"line":33,"column":88}},"28":{"start":{"line":37,"column":0},"end":{"line":37,"column":48}}},"fnMap":{"0":{"name":"createListing","decl":{"start":{"line":4,"column":15},"end":{"line":4,"column":28}},"loc":{"start":{"line":4,"column":39},"end":{"line":18,"column":1}},"line":4},"1":{"name":"getListings","decl":{"start":{"line":20,"column":15},"end":{"line":20,"column":26}},"loc":{"start":{"line":20,"column":37},"end":{"line":35,"column":1}},"line":20}},"branchMap":{"0":{"loc":{"start":{"line":5,"column":33},"end":{"line":5,"column":47}},"type":"binary-expr","locations":[{"start":{"line":5,"column":33},"end":{"line":5,"column":41}},{"start":{"line":5,"column":45},"end":{"line":5,"column":47}}],"line":5},"1":{"loc":{"start":{"line":7,"column":46},"end":{"line":7,"column":60}},"type":"default-arg","locations":[{"start":{"line":7,"column":56},"end":{"line":7,"column":60}}],"line":7},"2":{"loc":{"start":{"line":7,"column":65},"end":{"line":7,"column":79}},"type":"binary-expr","locations":[{"start":{"line":7,"column":65},"end":{"line":7,"column":73}},{"start":{"line":7,"column":77},"end":{"line":7,"column":79}}],"line":7},"3":{"loc":{"start":{"line":8,"column":4},"end":{"line":8,"column":142}},"type":"if","locations":[{"start":{"line":8,"column":4},"end":{"line":8,"column":142}},{"start":{},"end":{}}],"line":8},"4":{"loc":{"start":{"line":8,"column":8},"end":{"line":8,"column":30}},"type":"binary-expr","locations":[{"start":{"line":8,"column":8},"end":{"line":8,"column":20}},{"start":{"line":8,"column":24},"end":{"line":8,"column":30}}],"line":8},"5":{"loc":{"start":{"line":25,"column":4},"end":{"line":25,"column":102}},"type":"if","locations":[{"start":{"line":25,"column":4},"end":{"line":25,"column":102}},{"start":{},"end":{}}],"line":25},"6":{"loc":{"start":{"line":26,"column":4},"end":{"line":26,"column":124}},"type":"if","locations":[{"start":{"line":26,"column":4},"end":{"line":26,"column":124}},{"start":{},"end":{}}],"line":26},"7":{"loc":{"start":{"line":27,"column":18},"end":{"line":27,"column":78}},"type":"cond-expr","locations":[{"start":{"line":27,"column":38},"end":{"line":27,"column":73}},{"start":{"line":27,"column":76},"end":{"line":27,"column":78}}],"line":27}},"s":{"0":5,"1":5,"2":5,"3":5,"4":5,"5":5,"6":1,"7":4,"8":4,"9":1,"10":3,"11":3,"12":5,"13":5,"14":5,"15":5,"16":5,"17":0,"18":0,"19":5,"20":1,"21":1,"22":5,"23":5,"24":5,"25":2,"26":3,"27":3,"28":5},"f":{"0":5,"1":5},"b":{"0":[5,0],"1":[5],"2":[5,0],"3":[1,4],"4":[5,4],"5":[0,5],"6":[1,4],"7":[1,4]},"_coverageSchema":"1a1c01bbd47fc00a2c39e90264f33305004495a9","hash":"47e32b4aeacadedcab4bb7b47f135a9aeb65801a"}
,"C:\\Users\\BarthPC\\velo-platform\\backend\\src\\controllers\\wheelSizeController.js": {"path":"C:\\Users\\BarthPC\\velo-platform\\backend\\src\\controllers\\wheelSizeController.js","statementMap":{"0":{"start":{"line":1,"column":11},"end":{"line":1,"column":27}},"1":{"start":{"line":2,"column":15},"end":{"line":2,"column":35}},"2":{"start":{"line":3,"column":27},"end":{"line":3,"column":46}},"3":{"start":{"line":6,"column":2},"end":{"line":22,"column":3}},"4":{"start":{"line":7,"column":4},"end":{"line":19,"column":7}},"5":{"start":{"line":21,"column":4},"end":{"line":21,"column":69}},"6":{"start":{"line":26,"column":12},"end":{"line":26,"column":36}},"7":{"start":{"line":27,"column":2},"end":{"line":27,"column":20}},"8":{"start":{"line":27,"column":10},"end":{"line":27,"column":20}},"9":{"start":{"line":29,"column":2},"end":{"line":29,"column":122}},"10":{"start":{"line":29,"column":47},"end":{"line":29,"column":56}},"11":{"start":{"line":29,"column":85},"end":{"line":29,"column":120}},"12":{"start":{"line":32,"column":0},"end":{"line":43,"column":2}},"13":{"start":{"line":33,"column":2},"end":{"line":42,"column":3}},"14":{"start":{"line":34,"column":4},"end":{"line":34,"column":24}},"15":{"start":{"line":35,"column":14},"end":{"line":35,"column":78}},"16":{"start":{"line":36,"column":21},"end":{"line":36,"column":68}},"17":{"start":{"line":37,"column":18},"end":{"line":37,"column":80}},"18":{"start":{"line":37,"column":70},"end":{"line":37,"column":76}},"19":{"start":{"line":38,"column":4},"end":{"line":38,"column":24}},"20":{"start":{"line":40,"column":4},"end":{"line":40,"column":66}},"21":{"start":{"line":41,"column":4},"end":{"line":41,"column":67}},"22":{"start":{"line":45,"column":0},"end":{"line":59,"column":2}},"23":{"start":{"line":46,"column":2},"end":{"line":58,"column":3}},"24":{"start":{"line":47,"column":21},"end":{"line":47,"column":35}},"25":{"start":{"line":48,"column":4},"end":{"line":50,"column":5}},"26":{"start":{"line":49,"column":6},"end":{"line":49,"column":67}},"27":{"start":{"line":51,"column":4},"end":{"line":51,"column":24}},"28":{"start":{"line":52,"column":17},"end":{"line":52,"column":36}},"29":{"start":{"line":53,"column":4},"end":{"line":53,"column":112}},"30":{"start":{"line":54,"column":4},"end":{"line":54,"column":39}},"31":{"start":{"line":56,"column":4},"end":{"line":56,"column":65}},"32":{"start":{"line":57,"column":4},"end":{"line":57,"column":64}},"33":{"start":{"line":61,"column":0},"end":{"line":80,"column":2}},"34":{"start":{"line":62,"column":2},"end":{"line":79,"column":3}},"35":{"start":{"line":63,"column":4},"end":{"line":63,"column":24}},"36":{"start":{"line":64,"column":18},"end":{"line":64,"column":126}},"37":{"start":{"line":65,"column":19},"end":{"line":65,"column":20}},"38":{"start":{"line":66,"column":4},"end":{"line":71,"column":5}},"39":{"start":{"line":67,"column":19},"end":{"line":67,"column":37}},"40":{"start":{"line":68,"column":6},"end":{"line":68,"column":26}},"41":{"start":{"line":68,"column":17},"end":{"line":68,"column":26}},"42":{"start":{"line":69,"column":16},"end":{"line":69,"column":136}},"43":{"start":{"line":70,"column":6},"end":{"line":70,"column":39}},"44":{"start":{"line":70,"column":28},"end":{"line":70,"column":39}},"45":{"start":{"line":72,"column":19},"end":{"line":72,"column":42}},"46":{"start":{"line":73,"column":22},"end":{"line":73,"column":80}},"47":{"start":{"line":74,"column":4},"end":{"line":74,"column":99}},"48":{"start":{"line":75,"column":4},"end":{"line":75,"column":58}},"49":{"start":{"line":77,"column":4},"end":{"line":77,"column":67}},"50":{"start":{"line":78,"column":4},"end":{"line":78,"column":66}}},"fnMap":{"0":{"name":"ensureTable","decl":{"start":{"line":5,"column":15},"end":{"line":5,"column":26}},"loc":{"start":{"line":5,"column":29},"end":{"line":23,"column":1}},"line":5},"1":{"name":"normalizeSize","decl":{"start":{"line":25,"column":9},"end":{"line":25,"column":22}},"loc":{"start":{"line":25,"column":28},"end":{"line":30,"column":1}},"line":25},"2":{"name":"(anonymous_2)","decl":{"start":{"line":29,"column":35},"end":{"line":29,"column":36}},"loc":{"start":{"line":29,"column":47},"end":{"line":29,"column":56}},"line":29},"3":{"name":"(anonymous_3)","decl":{"start":{"line":29,"column":80},"end":{"line":29,"column":81}},"loc":{"start":{"line":29,"column":85},"end":{"line":29,"column":120}},"line":29},"4":{"name":"(anonymous_4)","decl":{"start":{"line":32,"column":24},"end":{"line":32,"column":25}},"loc":{"start":{"line":32,"column":44},"end":{"line":43,"column":1}},"line":32},"5":{"name":"(anonymous_5)","decl":{"start":{"line":37,"column":65},"end":{"line":37,"column":66}},"loc":{"start":{"line":37,"column":70},"end":{"line":37,"column":76}},"line":37},"6":{"name":"(anonymous_6)","decl":{"start":{"line":45,"column":23},"end":{"line":45,"column":24}},"loc":{"start":{"line":45,"column":43},"end":{"line":59,"column":1}},"line":45},"7":{"name":"(anonymous_7)","decl":{"start":{"line":61,"column":25},"end":{"line":61,"column":26}},"loc":{"start":{"line":61,"column":45},"end":{"line":80,"column":1}},"line":61}},"branchMap":{"0":{"loc":{"start":{"line":26,"column":19},"end":{"line":26,"column":28}},"type":"binary-expr","locations":[{"start":{"line":26,"column":19},"end":{"line":26,"column":22}},{"start":{"line":26,"column":26},"end":{"line":26,"column":28}}],"line":26},"1":{"loc":{"start":{"line":27,"column":2},"end":{"line":27,"column":20}},"type":"if","locations":[{"start":{"line":27,"column":2},"end":{"line":27,"column":20}},{"start":{},"end":{}}],"line":27},"2":{"loc":{"start":{"line":29,"column":85},"end":{"line":29,"column":120}},"type":"cond-expr","locations":[{"start":{"line":29,"column":101},"end":{"line":29,"column":116}},{"start":{"line":29,"column":119},"end":{"line":29,"column":120}}],"line":29},"3":{"loc":{"start":{"line":47,"column":21},"end":{"line":47,"column":35}},"type":"binary-expr","locations":[{"start":{"line":47,"column":21},"end":{"line":47,"column":29}},{"start":{"line":47,"column":33},"end":{"line":47,"column":35}}],"line":47},"4":{"loc":{"start":{"line":48,"column":4},"end":{"line":50,"column":5}},"type":"if","locations":[{"start":{"line":48,"column":4},"end":{"line":50,"column":5}},{"start":{},"end":{}}],"line":48},"5":{"loc":{"start":{"line":48,"column":8},"end":{"line":48,"column":57}},"type":"binary-expr","locations":[{"start":{"line":48,"column":8},"end":{"line":48,"column":13}},{"start":{"line":48,"column":17},"end":{"line":48,"column":41}},{"start":{"line":48,"column":45},"end":{"line":48,"column":57}}],"line":48},"6":{"loc":{"start":{"line":64,"column":18},"end":{"line":64,"column":126}},"type":"cond-expr","locations":[{"start":{"line":64,"column":62},"end":{"line":64,"column":76}},{"start":{"line":64,"column":79},"end":{"line":64,"column":126}}],"line":64},"7":{"loc":{"start":{"line":64,"column":32},"end":{"line":64,"column":58}},"type":"binary-expr","locations":[{"start":{"line":64,"column":32},"end":{"line":64,"column":40}},{"start":{"line":64,"column":44},"end":{"line":64,"column":58}}],"line":64},"8":{"loc":{"start":{"line":68,"column":6},"end":{"line":68,"column":26}},"type":"if","locations":[{"start":{"line":68,"column":6},"end":{"line":68,"column":26}},{"start":{},"end":{}}],"line":68},"9":{"loc":{"start":{"line":70,"column":6},"end":{"line":70,"column":39}},"type":"if","locations":[{"start":{"line":70,"column":6},"end":{"line":70,"column":39}},{"start":{},"end":{}}],"line":70},"10":{"loc":{"start":{"line":72,"column":19},"end":{"line":72,"column":42}},"type":"binary-expr","locations":[{"start":{"line":72,"column":19},"end":{"line":72,"column":27}},{"start":{"line":72,"column":31},"end":{"line":72,"column":42}}],"line":72},"11":{"loc":{"start":{"line":73,"column":22},"end":{"line":73,"column":80}},"type":"binary-expr","locations":[{"start":{"line":73,"column":22},"end":{"line":73,"column":52}},{"start":{"line":73,"column":56},"end":{"line":73,"column":80}}],"line":73}},"s":{"0":13,"1":13,"2":13,"3":0,"4":0,"5":0,"6":0,"7":0,"8":0,"9":0,"10":0,"11":0,"12":13,"13":0,"14":0,"15":0,"16":0,"17":0,"18":0,"19":0,"20":0,"21":0,"22":13,"23":0,"24":0,"25":0,"26":0,"27":0,"28":0,"29":0,"30":0,"31":0,"32":0,"33":13,"34":0,"35":0,"36":0,"37":0,"38":0,"39":0,"40":0,"41":0,"42":0,"43":0,"44":0,"45":0,"46":0,"47":0,"48":0,"49":0,"50":0},"f":{"0":0,"1":0,"2":0,"3":0,"4":0,"5":0,"6":0,"7":0},"b":{"0":[0,0],"1":[0,0],"2":[0,0],"3":[0,0],"4":[0,0],"5":[0,0,0],"6":[0,0],"7":[0,0],"8":[0,0],"9":[0,0],"10":[0,0],"11":[0,0]},"_coverageSchema":"1a1c01bbd47fc00a2c39e90264f33305004495a9","hash":"cf380678afeb5150a4e2b68183f75a1f4faa6689"}
}
