{"C:\\Users\\BarthPC\\velo-platform\\backend\\config\\db.js": {"path":"C:\\Users\\BarthPC\\velo-platform\\backend\\config\\db.js","statementMap":{"0":{"start":{"line":1,"column":18},"end":{"line":1,"column":31}},"1":{"start":{"line":3,"column":0},"end":{"line":3,"column":27}},"2":{"start":{"line":5,"column":0},"end":{"line":9,"column":1}},"3":{"start":{"line":6,"column":2},"end":{"line":6,"column":51}},"4":{"start":{"line":12,"column":16},"end":{"line":12,"column":72}},"5":{"start":{"line":13,"column":16},"end":{"line":13,"column":65}},"6":{"start":{"line":14,"column":16},"end":{"line":14,"column":71}},"7":{"start":{"line":15,"column":20},"end":{"line":15,"column":75}},"8":{"start":{"line":16,"column":16},"end":{"line":16,"column":139}},"9":{"start":{"line":19,"column":0},"end":{"line":22,"column":1}},"10":{"start":{"line":20,"column":17},"end":{"line":20,"column":41}},"11":{"start":{"line":21,"column":2},"end":{"line":21,"column":113}},"12":{"start":{"line":24,"column":13},"end":{"line":30,"column":2}},"13":{"start":{"line":32,"column":0},"end":{"line":32,"column":22}}},"fnMap":{},"branchMap":{"0":{"loc":{"start":{"line":12,"column":16},"end":{"line":12,"column":72}},"type":"binary-expr","locations":[{"start":{"line":12,"column":16},"end":{"line":12,"column":34}},{"start":{"line":12,"column":38},"end":{"line":12,"column":57}},{"start":{"line":12,"column":61},"end":{"line":12,"column":72}}],"line":12},"1":{"loc":{"start":{"line":13,"column":16},"end":{"line":13,"column":65}},"type":"binary-expr","locations":[{"start":{"line":13,"column":16},"end":{"line":13,"column":34}},{"start":{"line":13,"column":38},"end":{"line":13,"column":57}},{"start":{"line":13,"column":61},"end":{"line":13,"column":65}}],"line":13},"2":{"loc":{"start":{"line":14,"column":16},"end":{"line":14,"column":71}},"type":"binary-expr","locations":[{"start":{"line":14,"column":16},"end":{"line":14,"column":34}},{"start":{"line":14,"column":38},"end":{"line":14,"column":57}},{"start":{"line":14,"column":61},"end":{"line":14,"column":71}}],"line":14},"3":{"loc":{"start":{"line":15,"column":20},"end":{"line":15,"column":75}},"type":"binary-expr","locations":[{"start":{"line":15,"column":20},"end":{"line":15,"column":42}},{"start":{"line":15,"column":46},"end":{"line":15,"column":69}},{"start":{"line":15,"column":73},"end":{"line":15,"column":75}}],"line":15},"4":{"loc":{"start":{"line":16,"column":16},"end":{"line":16,"column":139}},"type":"binary-expr","locations":[{"start":{"line":16,"column":16},"end":{"line":16,"column":38}},{"start":{"line":16,"column":42},"end":{"line":16,"column":61}},{"start":{"line":16,"column":66},"end":{"line":16,"column":138}}],"line":16},"5":{"loc":{"start":{"line":16,"column":66},"end":{"line":16,"column":138}},"type":"cond-expr","locations":[{"start":{"line":16,"column":100},"end":{"line":16,"column":120}},{"start":{"line":16,"column":123},"end":{"line":16,"column":138}}],"line":16},"6":{"loc":{"start":{"line":19,"column":0},"end":{"line":22,"column":1}},"type":"if","locations":[{"start":{"line":19,"column":0},"end":{"line":22,"column":1}},{"start":{},"end":{}}],"line":19}},"s":{"0":20,"1":20,"2":20,"3":20,"4":20,"5":20,"6":20,"7":20,"8":20,"9":20,"10":1,"11":1,"12":20,"13":20},"f":{},"b":{"0":[20,19,1],"1":[20,19,1],"2":[20,19,1],"3":[20,19,1],"4":[20,19,1],"5":[1,0],"6":[1,19]},"_coverageSchema":"1a1c01bbd47fc00a2c39e90264f33305004495a9","hash":"76476f9c595a8928500462ba36fcd006483be428"}
,"C:\\Users\\BarthPC\\velo-platform\\backend\\controllers\\availabilityController.js": {"path":"C:\\Users\\BarthPC\\velo-platform\\backend\\controllers\\availabilityController.js","statementMap":{"0":{"start":{"line":1,"column":15},"end":{"line":1,"column":39}},"1":{"start":{"line":2,"column":26},"end":{"line":2,"column":64}},"2":{"start":{"line":5,"column":2},"end":{"line":13,"column":3}},"3":{"start":{"line":6,"column":27},"end":{"line":6,"column":37}},"4":{"start":{"line":7,"column":33},"end":{"line":7,"column":42}},"5":{"start":{"line":8,"column":18},"end":{"line":8,"column":93}},"6":{"start":{"line":9,"column":4},"end":{"line":9,"column":32}},"7":{"start":{"line":11,"column":4},"end":{"line":11,"column":56}},"8":{"start":{"line":12,"column":4},"end":{"line":12,"column":91}},"9":{"start":{"line":17,"column":2},"end":{"line":26,"column":3}},"10":{"start":{"line":18,"column":23},"end":{"line":18,"column":34}},"11":{"start":{"line":19,"column":33},"end":{"line":19,"column":41}},"12":{"start":{"line":20,"column":17},"end":{"line":20,"column":81}},"13":{"start":{"line":21,"column":4},"end":{"line":21,"column":31}},"14":{"start":{"line":23,"column":4},"end":{"line":23,"column":58}},"15":{"start":{"line":24,"column":16},"end":{"line":24,"column":164}},"16":{"start":{"line":25,"column":4},"end":{"line":25,"column":41}},"17":{"start":{"line":30,"column":2},"end":{"line":39,"column":3}},"18":{"start":{"line":31,"column":23},"end":{"line":31,"column":34}},"19":{"start":{"line":32,"column":23},"end":{"line":32,"column":33}},"20":{"start":{"line":33,"column":17},"end":{"line":33,"column":79}},"21":{"start":{"line":34,"column":4},"end":{"line":34,"column":77}},"22":{"start":{"line":34,"column":15},"end":{"line":34,"column":77}},"23":{"start":{"line":35,"column":4},"end":{"line":35,"column":39}},"24":{"start":{"line":37,"column":4},"end":{"line":37,"column":58}},"25":{"start":{"line":38,"column":4},"end":{"line":38,"column":88}},"26":{"start":{"line":43,"column":2},"end":{"line":53,"column":3}},"27":{"start":{"line":44,"column":21},"end":{"line":44,"column":32}},"28":{"start":{"line":45,"column":23},"end":{"line":45,"column":33}},"29":{"start":{"line":46,"column":44},"end":{"line":46,"column":52}},"30":{"start":{"line":47,"column":17},"end":{"line":47,"column":131}},"31":{"start":{"line":48,"column":4},"end":{"line":48,"column":31}},"32":{"start":{"line":50,"column":4},"end":{"line":50,"column":59}},"33":{"start":{"line":51,"column":16},"end":{"line":51,"column":187}},"34":{"start":{"line":52,"column":4},"end":{"line":52,"column":41}},"35":{"start":{"line":56,"column":0},"end":{"line":61,"column":2}}},"fnMap":{"0":{"name":"list","decl":{"start":{"line":4,"column":15},"end":{"line":4,"column":19}},"loc":{"start":{"line":4,"column":30},"end":{"line":14,"column":1}},"line":4},"1":{"name":"create","decl":{"start":{"line":16,"column":15},"end":{"line":16,"column":21}},"loc":{"start":{"line":16,"column":32},"end":{"line":27,"column":1}},"line":16},"2":{"name":"remove","decl":{"start":{"line":29,"column":15},"end":{"line":29,"column":21}},"loc":{"start":{"line":29,"column":32},"end":{"line":40,"column":1}},"line":29},"3":{"name":"reserve","decl":{"start":{"line":42,"column":15},"end":{"line":42,"column":22}},"loc":{"start":{"line":42,"column":33},"end":{"line":54,"column":1}},"line":42}},"branchMap":{"0":{"loc":{"start":{"line":24,"column":16},"end":{"line":24,"column":164}},"type":"cond-expr","locations":[{"start":{"line":24,"column":61},"end":{"line":24,"column":122}},{"start":{"line":24,"column":125},"end":{"line":24,"column":164}}],"line":24},"1":{"loc":{"start":{"line":24,"column":16},"end":{"line":24,"column":58}},"type":"binary-expr","locations":[{"start":{"line":24,"column":16},"end":{"line":24,"column":25}},{"start":{"line":24,"column":29},"end":{"line":24,"column":58}}],"line":24},"2":{"loc":{"start":{"line":34,"column":4},"end":{"line":34,"column":77}},"type":"if","locations":[{"start":{"line":34,"column":4},"end":{"line":34,"column":77}},{"start":{},"end":{}}],"line":34},"3":{"loc":{"start":{"line":51,"column":16},"end":{"line":51,"column":187}},"type":"cond-expr","locations":[{"start":{"line":51,"column":53},"end":{"line":51,"column":75}},{"start":{"line":51,"column":79},"end":{"line":51,"column":186}}],"line":51},"4":{"loc":{"start":{"line":51,"column":79},"end":{"line":51,"column":186}},"type":"cond-expr","locations":[{"start":{"line":51,"column":118},"end":{"line":51,"column":141}},{"start":{"line":51,"column":144},"end":{"line":51,"column":186}}],"line":51}},"s":{"0":13,"1":13,"2":0,"3":0,"4":0,"5":0,"6":0,"7":0,"8":0,"9":0,"10":0,"11":0,"12":0,"13":0,"14":0,"15":0,"16":0,"17":0,"18":0,"19":0,"20":0,"21":0,"22":0,"23":0,"24":0,"25":0,"26":0,"27":0,"28":0,"29":0,"30":0,"31":0,"32":0,"33":0,"34":0,"35":13},"f":{"0":0,"1":0,"2":0,"3":0},"b":{"0":[0,0],"1":[0,0],"2":[0,0],"3":[0,0],"4":[0,0]},"_coverageSchema":"1a1c01bbd47fc00a2c39e90264f33305004495a9","hash":"d6608011b2fb386654343a3967f9a25051cfe320"}
,"C:\\Users\\BarthPC\\velo-platform\\backend\\controllers\\bikeController.js": {"path":"C:\\Users\\BarthPC\\velo-platform\\backend\\controllers\\bikeController.js","statementMap":{"0":{"start":{"line":1,"column":135},"end":{"line":1,"column":165}},"1":{"start":{"line":2,"column":13},"end":{"line":2,"column":36}},"2":{"start":{"line":3,"column":15},"end":{"line":3,"column":39}},"3":{"start":{"line":6,"column":17},"end":{"line":6,"column":40}},"4":{"start":{"line":7,"column":113},"end":{"line":7,"column":127}},"5":{"start":{"line":8,"column":2},"end":{"line":8,"column":69}},"6":{"start":{"line":8,"column":13},"end":{"line":8,"column":69}},"7":{"start":{"line":9,"column":2},"end":{"line":33,"column":3}},"8":{"start":{"line":10,"column":17},"end":{"line":23,"column":5}},"9":{"start":{"line":24,"column":4},"end":{"line":24,"column":50}},"10":{"start":{"line":26,"column":17},"end":{"line":26,"column":32}},"11":{"start":{"line":27,"column":16},"end":{"line":27,"column":42}},"12":{"start":{"line":28,"column":4},"end":{"line":30,"column":5}},"13":{"start":{"line":29,"column":6},"end":{"line":29,"column":101}},"14":{"start":{"line":31,"column":4},"end":{"line":31,"column":60}},"15":{"start":{"line":32,"column":4},"end":{"line":32,"column":54}},"16":{"start":{"line":37,"column":17},"end":{"line":37,"column":40}},"17":{"start":{"line":38,"column":2},"end":{"line":44,"column":3}},"18":{"start":{"line":39,"column":18},"end":{"line":39,"column":46}},"19":{"start":{"line":40,"column":4},"end":{"line":40,"column":39}},"20":{"start":{"line":42,"column":4},"end":{"line":42,"column":54}},"21":{"start":{"line":43,"column":4},"end":{"line":43,"column":54}},"22":{"start":{"line":48,"column":21},"end":{"line":48,"column":31}},"23":{"start":{"line":49,"column":2},"end":{"line":56,"column":3}},"24":{"start":{"line":50,"column":17},"end":{"line":50,"column":42}},"25":{"start":{"line":51,"column":4},"end":{"line":51,"column":74}},"26":{"start":{"line":51,"column":15},"end":{"line":51,"column":74}},"27":{"start":{"line":52,"column":4},"end":{"line":52,"column":38}},"28":{"start":{"line":54,"column":4},"end":{"line":54,"column":57}},"29":{"start":{"line":55,"column":4},"end":{"line":55,"column":54}},"30":{"start":{"line":60,"column":26},"end":{"line":60,"column":36}},"31":{"start":{"line":61,"column":29},"end":{"line":61,"column":37}},"32":{"start":{"line":62,"column":2},"end":{"line":62,"column":76}},"33":{"start":{"line":62,"column":20},"end":{"line":62,"column":76}},"34":{"start":{"line":63,"column":2},"end":{"line":69,"column":3}},"35":{"start":{"line":64,"column":20},"end":{"line":64,"column":76}},"36":{"start":{"line":65,"column":4},"end":{"line":65,"column":52}},"37":{"start":{"line":67,"column":4},"end":{"line":67,"column":83}},"38":{"start":{"line":68,"column":4},"end":{"line":68,"column":54}},"39":{"start":{"line":73,"column":17},"end":{"line":73,"column":40}},"40":{"start":{"line":74,"column":21},"end":{"line":74,"column":31}},"41":{"start":{"line":75,"column":39},"end":{"line":75,"column":47}},"42":{"start":{"line":76,"column":2},"end":{"line":76,"column":69}},"43":{"start":{"line":76,"column":13},"end":{"line":76,"column":69}},"44":{"start":{"line":77,"column":2},"end":{"line":87,"column":3}},"45":{"start":{"line":79,"column":17},"end":{"line":79,"column":42}},"46":{"start":{"line":80,"column":4},"end":{"line":80,"column":74}},"47":{"start":{"line":80,"column":15},"end":{"line":80,"column":74}},"48":{"start":{"line":81,"column":4},"end":{"line":81,"column":90}},"49":{"start":{"line":81,"column":33},"end":{"line":81,"column":90}},"50":{"start":{"line":82,"column":17},"end":{"line":82,"column":88}},"51":{"start":{"line":83,"column":4},"end":{"line":83,"column":61}},"52":{"start":{"line":85,"column":4},"end":{"line":85,"column":73}},"53":{"start":{"line":86,"column":4},"end":{"line":86,"column":54}},"54":{"start":{"line":91,"column":17},"end":{"line":91,"column":40}},"55":{"start":{"line":92,"column":26},"end":{"line":92,"column":36}},"56":{"start":{"line":93,"column":2},"end":{"line":105,"column":3}},"57":{"start":{"line":95,"column":20},"end":{"line":95,"column":104}},"58":{"start":{"line":96,"column":4},"end":{"line":96,"column":90}},"59":{"start":{"line":96,"column":26},"end":{"line":96,"column":90}},"60":{"start":{"line":97,"column":17},"end":{"line":97,"column":59}},"61":{"start":{"line":98,"column":4},"end":{"line":98,"column":74}},"62":{"start":{"line":98,"column":15},"end":{"line":98,"column":74}},"63":{"start":{"line":99,"column":4},"end":{"line":99,"column":90}},"64":{"start":{"line":99,"column":33},"end":{"line":99,"column":90}},"65":{"start":{"line":100,"column":20},"end":{"line":100,"column":54}},"66":{"start":{"line":101,"column":4},"end":{"line":101,"column":52}},"67":{"start":{"line":103,"column":4},"end":{"line":103,"column":72}},"68":{"start":{"line":104,"column":4},"end":{"line":104,"column":54}},"69":{"start":{"line":108,"column":0},"end":{"line":108,"column":134}},"70":{"start":{"line":111,"column":17},"end":{"line":111,"column":40}},"71":{"start":{"line":112,"column":21},"end":{"line":112,"column":31}},"72":{"start":{"line":113,"column":2},"end":{"line":124,"column":3}},"73":{"start":{"line":114,"column":17},"end":{"line":114,"column":42}},"74":{"start":{"line":115,"column":4},"end":{"line":115,"column":74}},"75":{"start":{"line":115,"column":15},"end":{"line":115,"column":74}},"76":{"start":{"line":116,"column":4},"end":{"line":116,"column":90}},"77":{"start":{"line":116,"column":33},"end":{"line":116,"column":90}},"78":{"start":{"line":118,"column":27},"end":{"line":118,"column":57}},"79":{"start":{"line":119,"column":20},"end":{"line":119,"column":44}},"80":{"start":{"line":120,"column":4},"end":{"line":120,"column":47}},"81":{"start":{"line":122,"column":4},"end":{"line":122,"column":62}},"82":{"start":{"line":123,"column":4},"end":{"line":123,"column":54}},"83":{"start":{"line":129,"column":17},"end":{"line":129,"column":40}},"84":{"start":{"line":130,"column":21},"end":{"line":130,"column":31}},"85":{"start":{"line":131,"column":2},"end":{"line":162,"column":3}},"86":{"start":{"line":132,"column":21},"end":{"line":132,"column":46}},"87":{"start":{"line":133,"column":4},"end":{"line":133,"column":78}},"88":{"start":{"line":133,"column":19},"end":{"line":133,"column":78}},"89":{"start":{"line":134,"column":4},"end":{"line":134,"column":94}},"90":{"start":{"line":134,"column":37},"end":{"line":134,"column":94}},"91":{"start":{"line":136,"column":115},"end":{"line":136,"column":129}},"92":{"start":{"line":137,"column":20},"end":{"line":137,"column":22}},"93":{"start":{"line":138,"column":4},"end":{"line":138,"column":61}},"94":{"start":{"line":138,"column":34},"end":{"line":138,"column":61}},"95":{"start":{"line":139,"column":4},"end":{"line":139,"column":61}},"96":{"start":{"line":139,"column":34},"end":{"line":139,"column":61}},"97":{"start":{"line":140,"column":4},"end":{"line":140,"column":79}},"98":{"start":{"line":140,"column":40},"end":{"line":140,"column":79}},"99":{"start":{"line":141,"column":4},"end":{"line":141,"column":64}},"100":{"start":{"line":141,"column":35},"end":{"line":141,"column":64}},"101":{"start":{"line":142,"column":4},"end":{"line":142,"column":79}},"102":{"start":{"line":142,"column":40},"end":{"line":142,"column":79}},"103":{"start":{"line":143,"column":4},"end":{"line":143,"column":64}},"104":{"start":{"line":143,"column":35},"end":{"line":143,"column":64}},"105":{"start":{"line":144,"column":4},"end":{"line":144,"column":64}},"106":{"start":{"line":144,"column":35},"end":{"line":144,"column":64}},"107":{"start":{"line":145,"column":4},"end":{"line":145,"column":66}},"108":{"start":{"line":145,"column":30},"end":{"line":145,"column":66}},"109":{"start":{"line":146,"column":4},"end":{"line":146,"column":102}},"110":{"start":{"line":146,"column":22},"end":{"line":146,"column":102}},"111":{"start":{"line":147,"column":4},"end":{"line":147,"column":88}},"112":{"start":{"line":147,"column":43},"end":{"line":147,"column":88}},"113":{"start":{"line":148,"column":4},"end":{"line":148,"column":55}},"114":{"start":{"line":148,"column":31},"end":{"line":148,"column":55}},"115":{"start":{"line":150,"column":4},"end":{"line":150,"column":113}},"116":{"start":{"line":150,"column":43},"end":{"line":150,"column":113}},"117":{"start":{"line":152,"column":20},"end":{"line":152,"column":53}},"118":{"start":{"line":153,"column":4},"end":{"line":153,"column":47}},"119":{"start":{"line":155,"column":17},"end":{"line":155,"column":32}},"120":{"start":{"line":156,"column":16},"end":{"line":156,"column":42}},"121":{"start":{"line":157,"column":4},"end":{"line":159,"column":5}},"122":{"start":{"line":158,"column":6},"end":{"line":158,"column":101}},"123":{"start":{"line":160,"column":4},"end":{"line":160,"column":62}},"124":{"start":{"line":161,"column":4},"end":{"line":161,"column":54}},"125":{"start":{"line":166,"column":17},"end":{"line":166,"column":40}},"126":{"start":{"line":167,"column":21},"end":{"line":167,"column":31}},"127":{"start":{"line":168,"column":39},"end":{"line":168,"column":53}},"128":{"start":{"line":169,"column":2},"end":{"line":195,"column":3}},"129":{"start":{"line":170,"column":21},"end":{"line":170,"column":46}},"130":{"start":{"line":171,"column":4},"end":{"line":171,"column":78}},"131":{"start":{"line":171,"column":19},"end":{"line":171,"column":78}},"132":{"start":{"line":172,"column":4},"end":{"line":172,"column":94}},"133":{"start":{"line":172,"column":37},"end":{"line":172,"column":94}},"134":{"start":{"line":174,"column":17},"end":{"line":174,"column":63}},"135":{"start":{"line":175,"column":16},"end":{"line":175,"column":17}},"136":{"start":{"line":175,"column":31},"end":{"line":175,"column":42}},"137":{"start":{"line":176,"column":4},"end":{"line":181,"column":7}},"138":{"start":{"line":177,"column":18},"end":{"line":177,"column":64}},"139":{"start":{"line":178,"column":6},"end":{"line":180,"column":55}},"140":{"start":{"line":179,"column":8},"end":{"line":179,"column":87}},"141":{"start":{"line":179,"column":56},"end":{"line":179,"column":64}},"142":{"start":{"line":180,"column":13},"end":{"line":180,"column":55}},"143":{"start":{"line":180,"column":47},"end":{"line":180,"column":55}},"144":{"start":{"line":183,"column":4},"end":{"line":188,"column":5}},"145":{"start":{"line":185,"column":19},"end":{"line":185,"column":70}},"146":{"start":{"line":187,"column":6},"end":{"line":187,"column":80}},"147":{"start":{"line":187,"column":29},"end":{"line":187,"column":76}},"148":{"start":{"line":189,"column":23},"end":{"line":189,"column":57}},"149":{"start":{"line":190,"column":20},"end":{"line":190,"column":102}},"150":{"start":{"line":191,"column":4},"end":{"line":191,"column":47}},"151":{"start":{"line":193,"column":4},"end":{"line":193,"column":66}},"152":{"start":{"line":194,"column":4},"end":{"line":194,"column":54}},"153":{"start":{"line":198,"column":0},"end":{"line":198,"column":195}}},"fnMap":{"0":{"name":"createBikeHandler","decl":{"start":{"line":5,"column":15},"end":{"line":5,"column":32}},"loc":{"start":{"line":5,"column":43},"end":{"line":34,"column":1}},"line":5},"1":{"name":"getMyBikes","decl":{"start":{"line":36,"column":15},"end":{"line":36,"column":25}},"loc":{"start":{"line":36,"column":36},"end":{"line":45,"column":1}},"line":36},"2":{"name":"getBikeDetail","decl":{"start":{"line":47,"column":15},"end":{"line":47,"column":28}},"loc":{"start":{"line":47,"column":39},"end":{"line":57,"column":1}},"line":47},"3":{"name":"patchComponentWear","decl":{"start":{"line":59,"column":15},"end":{"line":59,"column":33}},"loc":{"start":{"line":59,"column":44},"end":{"line":70,"column":1}},"line":59},"4":{"name":"createComponentHandler","decl":{"start":{"line":72,"column":15},"end":{"line":72,"column":37}},"loc":{"start":{"line":72,"column":48},"end":{"line":88,"column":1}},"line":72},"5":{"name":"deleteComponentHandler","decl":{"start":{"line":90,"column":15},"end":{"line":90,"column":37}},"loc":{"start":{"line":90,"column":48},"end":{"line":106,"column":1}},"line":90},"6":{"name":"deleteBikeHandler","decl":{"start":{"line":110,"column":15},"end":{"line":110,"column":32}},"loc":{"start":{"line":110,"column":43},"end":{"line":125,"column":1}},"line":110},"7":{"name":"updateBikeHandler","decl":{"start":{"line":128,"column":15},"end":{"line":128,"column":32}},"loc":{"start":{"line":128,"column":43},"end":{"line":163,"column":1}},"line":128},"8":{"name":"updateBikeTechHandler","decl":{"start":{"line":165,"column":15},"end":{"line":165,"column":36}},"loc":{"start":{"line":165,"column":47},"end":{"line":196,"column":1}},"line":165},"9":{"name":"(anonymous_9)","decl":{"start":{"line":176,"column":17},"end":{"line":176,"column":18}},"loc":{"start":{"line":176,"column":22},"end":{"line":181,"column":5}},"line":176},"10":{"name":"(anonymous_10)","decl":{"start":{"line":187,"column":19},"end":{"line":187,"column":20}},"loc":{"start":{"line":187,"column":27},"end":{"line":187,"column":78}},"line":187}},"branchMap":{"0":{"loc":{"start":{"line":6,"column":17},"end":{"line":6,"column":40}},"type":"binary-expr","locations":[{"start":{"line":6,"column":17},"end":{"line":6,"column":25}},{"start":{"line":6,"column":29},"end":{"line":6,"column":40}}],"line":6},"1":{"loc":{"start":{"line":7,"column":113},"end":{"line":7,"column":127}},"type":"binary-expr","locations":[{"start":{"line":7,"column":113},"end":{"line":7,"column":121}},{"start":{"line":7,"column":125},"end":{"line":7,"column":127}}],"line":7},"2":{"loc":{"start":{"line":8,"column":2},"end":{"line":8,"column":69}},"type":"if","locations":[{"start":{"line":8,"column":2},"end":{"line":8,"column":69}},{"start":{},"end":{}}],"line":8},"3":{"loc":{"start":{"line":13,"column":6},"end":{"line":13,"column":18}},"type":"binary-expr","locations":[{"start":{"line":13,"column":6},"end":{"line":13,"column":10}},{"start":{"line":13,"column":14},"end":{"line":13,"column":18}}],"line":13},"4":{"loc":{"start":{"line":14,"column":6},"end":{"line":14,"column":24}},"type":"binary-expr","locations":[{"start":{"line":14,"column":6},"end":{"line":14,"column":16}},{"start":{"line":14,"column":20},"end":{"line":14,"column":24}}],"line":14},"5":{"loc":{"start":{"line":15,"column":6},"end":{"line":15,"column":19}},"type":"binary-expr","locations":[{"start":{"line":15,"column":6},"end":{"line":15,"column":11}},{"start":{"line":15,"column":15},"end":{"line":15,"column":19}}],"line":15},"6":{"loc":{"start":{"line":16,"column":6},"end":{"line":16,"column":24}},"type":"binary-expr","locations":[{"start":{"line":16,"column":6},"end":{"line":16,"column":16}},{"start":{"line":16,"column":20},"end":{"line":16,"column":24}}],"line":16},"7":{"loc":{"start":{"line":17,"column":6},"end":{"line":17,"column":19}},"type":"binary-expr","locations":[{"start":{"line":17,"column":6},"end":{"line":17,"column":11}},{"start":{"line":17,"column":15},"end":{"line":17,"column":19}}],"line":17},"8":{"loc":{"start":{"line":18,"column":6},"end":{"line":18,"column":19}},"type":"binary-expr","locations":[{"start":{"line":18,"column":6},"end":{"line":18,"column":11}},{"start":{"line":18,"column":15},"end":{"line":18,"column":19}}],"line":18},"9":{"loc":{"start":{"line":19,"column":6},"end":{"line":19,"column":82}},"type":"cond-expr","locations":[{"start":{"line":19,"column":33},"end":{"line":19,"column":37}},{"start":{"line":19,"column":41},"end":{"line":19,"column":81}}],"line":19},"10":{"loc":{"start":{"line":19,"column":41},"end":{"line":19,"column":81}},"type":"cond-expr","locations":[{"start":{"line":19,"column":48},"end":{"line":19,"column":74}},{"start":{"line":19,"column":77},"end":{"line":19,"column":81}}],"line":19},"11":{"loc":{"start":{"line":19,"column":48},"end":{"line":19,"column":74}},"type":"binary-expr","locations":[{"start":{"line":19,"column":48},"end":{"line":19,"column":66}},{"start":{"line":19,"column":70},"end":{"line":19,"column":74}}],"line":19},"12":{"loc":{"start":{"line":20,"column":6},"end":{"line":20,"column":27}},"type":"binary-expr","locations":[{"start":{"line":20,"column":6},"end":{"line":20,"column":19}},{"start":{"line":20,"column":23},"end":{"line":20,"column":27}}],"line":20},"13":{"loc":{"start":{"line":21,"column":6},"end":{"line":21,"column":43}},"type":"cond-expr","locations":[{"start":{"line":21,"column":30},"end":{"line":21,"column":36}},{"start":{"line":21,"column":39},"end":{"line":21,"column":43}}],"line":21},"14":{"loc":{"start":{"line":22,"column":6},"end":{"line":22,"column":26}},"type":"binary-expr","locations":[{"start":{"line":22,"column":6},"end":{"line":22,"column":18}},{"start":{"line":22,"column":22},"end":{"line":22,"column":26}}],"line":22},"15":{"loc":{"start":{"line":26,"column":17},"end":{"line":26,"column":32}},"type":"binary-expr","locations":[{"start":{"line":26,"column":17},"end":{"line":26,"column":20}},{"start":{"line":26,"column":24},"end":{"line":26,"column":32}}],"line":26},"16":{"loc":{"start":{"line":27,"column":16},"end":{"line":27,"column":42}},"type":"binary-expr","locations":[{"start":{"line":27,"column":17},"end":{"line":27,"column":20}},{"start":{"line":27,"column":24},"end":{"line":27,"column":35}},{"start":{"line":27,"column":40},"end":{"line":27,"column":42}}],"line":27},"17":{"loc":{"start":{"line":28,"column":4},"end":{"line":30,"column":5}},"type":"if","locations":[{"start":{"line":28,"column":4},"end":{"line":30,"column":5}},{"start":{},"end":{}}],"line":28},"18":{"loc":{"start":{"line":28,"column":8},"end":{"line":28,"column":47}},"type":"binary-expr","locations":[{"start":{"line":28,"column":8},"end":{"line":28,"column":24}},{"start":{"line":28,"column":28},"end":{"line":28,"column":47}}],"line":28},"19":{"loc":{"start":{"line":37,"column":17},"end":{"line":37,"column":40}},"type":"binary-expr","locations":[{"start":{"line":37,"column":17},"end":{"line":37,"column":25}},{"start":{"line":37,"column":29},"end":{"line":37,"column":40}}],"line":37},"20":{"loc":{"start":{"line":51,"column":4},"end":{"line":51,"column":74}},"type":"if","locations":[{"start":{"line":51,"column":4},"end":{"line":51,"column":74}},{"start":{},"end":{}}],"line":51},"21":{"loc":{"start":{"line":62,"column":2},"end":{"line":62,"column":76}},"type":"if","locations":[{"start":{"line":62,"column":2},"end":{"line":62,"column":76}},{"start":{},"end":{}}],"line":62},"22":{"loc":{"start":{"line":73,"column":17},"end":{"line":73,"column":40}},"type":"binary-expr","locations":[{"start":{"line":73,"column":17},"end":{"line":73,"column":25}},{"start":{"line":73,"column":29},"end":{"line":73,"column":40}}],"line":73},"23":{"loc":{"start":{"line":76,"column":2},"end":{"line":76,"column":69}},"type":"if","locations":[{"start":{"line":76,"column":2},"end":{"line":76,"column":69}},{"start":{},"end":{}}],"line":76},"24":{"loc":{"start":{"line":80,"column":4},"end":{"line":80,"column":74}},"type":"if","locations":[{"start":{"line":80,"column":4},"end":{"line":80,"column":74}},{"start":{},"end":{}}],"line":80},"25":{"loc":{"start":{"line":81,"column":4},"end":{"line":81,"column":90}},"type":"if","locations":[{"start":{"line":81,"column":4},"end":{"line":81,"column":90}},{"start":{},"end":{}}],"line":81},"26":{"loc":{"start":{"line":82,"column":53},"end":{"line":82,"column":65}},"type":"binary-expr","locations":[{"start":{"line":82,"column":53},"end":{"line":82,"column":57}},{"start":{"line":82,"column":61},"end":{"line":82,"column":65}}],"line":82},"27":{"loc":{"start":{"line":82,"column":67},"end":{"line":82,"column":87}},"type":"binary-expr","locations":[{"start":{"line":82,"column":67},"end":{"line":82,"column":79}},{"start":{"line":82,"column":83},"end":{"line":82,"column":87}}],"line":82},"28":{"loc":{"start":{"line":91,"column":17},"end":{"line":91,"column":40}},"type":"binary-expr","locations":[{"start":{"line":91,"column":17},"end":{"line":91,"column":25}},{"start":{"line":91,"column":29},"end":{"line":91,"column":40}}],"line":91},"29":{"loc":{"start":{"line":96,"column":4},"end":{"line":96,"column":90}},"type":"if","locations":[{"start":{"line":96,"column":4},"end":{"line":96,"column":90}},{"start":{},"end":{}}],"line":96},"30":{"loc":{"start":{"line":98,"column":4},"end":{"line":98,"column":74}},"type":"if","locations":[{"start":{"line":98,"column":4},"end":{"line":98,"column":74}},{"start":{},"end":{}}],"line":98},"31":{"loc":{"start":{"line":99,"column":4},"end":{"line":99,"column":90}},"type":"if","locations":[{"start":{"line":99,"column":4},"end":{"line":99,"column":90}},{"start":{},"end":{}}],"line":99},"32":{"loc":{"start":{"line":111,"column":17},"end":{"line":111,"column":40}},"type":"binary-expr","locations":[{"start":{"line":111,"column":17},"end":{"line":111,"column":25}},{"start":{"line":111,"column":29},"end":{"line":111,"column":40}}],"line":111},"33":{"loc":{"start":{"line":115,"column":4},"end":{"line":115,"column":74}},"type":"if","locations":[{"start":{"line":115,"column":4},"end":{"line":115,"column":74}},{"start":{},"end":{}}],"line":115},"34":{"loc":{"start":{"line":116,"column":4},"end":{"line":116,"column":90}},"type":"if","locations":[{"start":{"line":116,"column":4},"end":{"line":116,"column":90}},{"start":{},"end":{}}],"line":116},"35":{"loc":{"start":{"line":129,"column":17},"end":{"line":129,"column":40}},"type":"binary-expr","locations":[{"start":{"line":129,"column":17},"end":{"line":129,"column":25}},{"start":{"line":129,"column":29},"end":{"line":129,"column":40}}],"line":129},"36":{"loc":{"start":{"line":133,"column":4},"end":{"line":133,"column":78}},"type":"if","locations":[{"start":{"line":133,"column":4},"end":{"line":133,"column":78}},{"start":{},"end":{}}],"line":133},"37":{"loc":{"start":{"line":134,"column":4},"end":{"line":134,"column":94}},"type":"if","locations":[{"start":{"line":134,"column":4},"end":{"line":134,"column":94}},{"start":{},"end":{}}],"line":134},"38":{"loc":{"start":{"line":136,"column":115},"end":{"line":136,"column":129}},"type":"binary-expr","locations":[{"start":{"line":136,"column":115},"end":{"line":136,"column":123}},{"start":{"line":136,"column":127},"end":{"line":136,"column":129}}],"line":136},"39":{"loc":{"start":{"line":138,"column":4},"end":{"line":138,"column":61}},"type":"if","locations":[{"start":{"line":138,"column":4},"end":{"line":138,"column":61}},{"start":{},"end":{}}],"line":138},"40":{"loc":{"start":{"line":139,"column":4},"end":{"line":139,"column":61}},"type":"if","locations":[{"start":{"line":139,"column":4},"end":{"line":139,"column":61}},{"start":{},"end":{}}],"line":139},"41":{"loc":{"start":{"line":140,"column":4},"end":{"line":140,"column":79}},"type":"if","locations":[{"start":{"line":140,"column":4},"end":{"line":140,"column":79}},{"start":{},"end":{}}],"line":140},"42":{"loc":{"start":{"line":141,"column":4},"end":{"line":141,"column":64}},"type":"if","locations":[{"start":{"line":141,"column":4},"end":{"line":141,"column":64}},{"start":{},"end":{}}],"line":141},"43":{"loc":{"start":{"line":142,"column":4},"end":{"line":142,"column":79}},"type":"if","locations":[{"start":{"line":142,"column":4},"end":{"line":142,"column":79}},{"start":{},"end":{}}],"line":142},"44":{"loc":{"start":{"line":143,"column":4},"end":{"line":143,"column":64}},"type":"if","locations":[{"start":{"line":143,"column":4},"end":{"line":143,"column":64}},{"start":{},"end":{}}],"line":143},"45":{"loc":{"start":{"line":144,"column":4},"end":{"line":144,"column":64}},"type":"if","locations":[{"start":{"line":144,"column":4},"end":{"line":144,"column":64}},{"start":{},"end":{}}],"line":144},"46":{"loc":{"start":{"line":145,"column":4},"end":{"line":145,"column":66}},"type":"if","locations":[{"start":{"line":145,"column":4},"end":{"line":145,"column":66}},{"start":{},"end":{}}],"line":145},"47":{"loc":{"start":{"line":146,"column":4},"end":{"line":146,"column":102}},"type":"if","locations":[{"start":{"line":146,"column":4},"end":{"line":146,"column":102}},{"start":{},"end":{}}],"line":146},"48":{"loc":{"start":{"line":146,"column":38},"end":{"line":146,"column":100}},"type":"cond-expr","locations":[{"start":{"line":146,"column":65},"end":{"line":146,"column":69}},{"start":{"line":146,"column":73},"end":{"line":146,"column":99}}],"line":146},"49":{"loc":{"start":{"line":146,"column":73},"end":{"line":146,"column":99}},"type":"binary-expr","locations":[{"start":{"line":146,"column":73},"end":{"line":146,"column":91}},{"start":{"line":146,"column":95},"end":{"line":146,"column":99}}],"line":146},"50":{"loc":{"start":{"line":147,"column":4},"end":{"line":147,"column":88}},"type":"if","locations":[{"start":{"line":147,"column":4},"end":{"line":147,"column":88}},{"start":{},"end":{}}],"line":147},"51":{"loc":{"start":{"line":148,"column":4},"end":{"line":148,"column":55}},"type":"if","locations":[{"start":{"line":148,"column":4},"end":{"line":148,"column":55}},{"start":{},"end":{}}],"line":148},"52":{"loc":{"start":{"line":150,"column":4},"end":{"line":150,"column":113}},"type":"if","locations":[{"start":{"line":150,"column":4},"end":{"line":150,"column":113}},{"start":{},"end":{}}],"line":150},"53":{"loc":{"start":{"line":155,"column":17},"end":{"line":155,"column":32}},"type":"binary-expr","locations":[{"start":{"line":155,"column":17},"end":{"line":155,"column":20}},{"start":{"line":155,"column":24},"end":{"line":155,"column":32}}],"line":155},"54":{"loc":{"start":{"line":156,"column":16},"end":{"line":156,"column":42}},"type":"binary-expr","locations":[{"start":{"line":156,"column":17},"end":{"line":156,"column":20}},{"start":{"line":156,"column":24},"end":{"line":156,"column":35}},{"start":{"line":156,"column":40},"end":{"line":156,"column":42}}],"line":156},"55":{"loc":{"start":{"line":157,"column":4},"end":{"line":159,"column":5}},"type":"if","locations":[{"start":{"line":157,"column":4},"end":{"line":159,"column":5}},{"start":{},"end":{}}],"line":157},"56":{"loc":{"start":{"line":157,"column":8},"end":{"line":157,"column":47}},"type":"binary-expr","locations":[{"start":{"line":157,"column":8},"end":{"line":157,"column":24}},{"start":{"line":157,"column":28},"end":{"line":157,"column":47}}],"line":157},"57":{"loc":{"start":{"line":166,"column":17},"end":{"line":166,"column":40}},"type":"binary-expr","locations":[{"start":{"line":166,"column":17},"end":{"line":166,"column":25}},{"start":{"line":166,"column":29},"end":{"line":166,"column":40}}],"line":166},"58":{"loc":{"start":{"line":168,"column":39},"end":{"line":168,"column":53}},"type":"binary-expr","locations":[{"start":{"line":168,"column":39},"end":{"line":168,"column":47}},{"start":{"line":168,"column":51},"end":{"line":168,"column":53}}],"line":168},"59":{"loc":{"start":{"line":171,"column":4},"end":{"line":171,"column":78}},"type":"if","locations":[{"start":{"line":171,"column":4},"end":{"line":171,"column":78}},{"start":{},"end":{}}],"line":171},"60":{"loc":{"start":{"line":172,"column":4},"end":{"line":172,"column":94}},"type":"if","locations":[{"start":{"line":172,"column":4},"end":{"line":172,"column":94}},{"start":{},"end":{}}],"line":172},"61":{"loc":{"start":{"line":177,"column":18},"end":{"line":177,"column":64}},"type":"cond-expr","locations":[{"start":{"line":177,"column":35},"end":{"line":177,"column":50}},{"start":{"line":177,"column":53},"end":{"line":177,"column":64}}],"line":177},"62":{"loc":{"start":{"line":178,"column":6},"end":{"line":180,"column":55}},"type":"if","locations":[{"start":{"line":178,"column":6},"end":{"line":180,"column":55}},{"start":{"line":180,"column":13},"end":{"line":180,"column":55}}],"line":178},"63":{"loc":{"start":{"line":179,"column":8},"end":{"line":179,"column":87}},"type":"if","locations":[{"start":{"line":179,"column":8},"end":{"line":179,"column":87}},{"start":{"line":179,"column":70},"end":{"line":179,"column":87}}],"line":179},"64":{"loc":{"start":{"line":179,"column":12},"end":{"line":179,"column":54}},"type":"binary-expr","locations":[{"start":{"line":179,"column":12},"end":{"line":179,"column":22}},{"start":{"line":179,"column":26},"end":{"line":179,"column":54}}],"line":179},"65":{"loc":{"start":{"line":180,"column":13},"end":{"line":180,"column":55}},"type":"if","locations":[{"start":{"line":180,"column":13},"end":{"line":180,"column":55}},{"start":{},"end":{}}],"line":180},"66":{"loc":{"start":{"line":180,"column":17},"end":{"line":180,"column":45}},"type":"binary-expr","locations":[{"start":{"line":180,"column":17},"end":{"line":180,"column":20}},{"start":{"line":180,"column":24},"end":{"line":180,"column":45}}],"line":180},"67":{"loc":{"start":{"line":183,"column":4},"end":{"line":188,"column":5}},"type":"if","locations":[{"start":{"line":183,"column":4},"end":{"line":188,"column":5}},{"start":{},"end":{}}],"line":183},"68":{"loc":{"start":{"line":183,"column":8},"end":{"line":183,"column":63}},"type":"binary-expr","locations":[{"start":{"line":183,"column":8},"end":{"line":183,"column":26}},{"start":{"line":183,"column":30},"end":{"line":183,"column":63}}],"line":183},"69":{"loc":{"start":{"line":187,"column":29},"end":{"line":187,"column":76}},"type":"if","locations":[{"start":{"line":187,"column":29},"end":{"line":187,"column":76}},{"start":{},"end":{}}],"line":187},"70":{"loc":{"start":{"line":190,"column":49},"end":{"line":190,"column":61}},"type":"binary-expr","locations":[{"start":{"line":190,"column":49},"end":{"line":190,"column":53}},{"start":{"line":190,"column":57},"end":{"line":190,"column":61}}],"line":190},"71":{"loc":{"start":{"line":190,"column":63},"end":{"line":190,"column":89}},"type":"binary-expr","locations":[{"start":{"line":190,"column":63},"end":{"line":190,"column":81}},{"start":{"line":190,"column":85},"end":{"line":190,"column":89}}],"line":190}},"s":{"0":13,"1":13,"2":13,"3":0,"4":0,"5":0,"6":0,"7":0,"8":0,"9":0,"10":0,"11":0,"12":0,"13":0,"14":0,"15":0,"16":0,"17":0,"18":0,"19":0,"20":0,"21":0,"22":0,"23":0,"24":0,"25":0,"26":0,"27":0,"28":0,"29":0,"30":0,"31":0,"32":0,"33":0,"34":0,"35":0,"36":0,"37":0,"38":0,"39":0,"40":0,"41":0,"42":0,"43":0,"44":0,"45":0,"46":0,"47":0,"48":0,"49":0,"50":0,"51":0,"52":0,"53":0,"54":0,"55":0,"56":0,"57":0,"58":0,"59":0,"60":0,"61":0,"62":0,"63":0,"64":0,"65":0,"66":0,"67":0,"68":0,"69":13,"70":0,"71":0,"72":0,"73":0,"74":0,"75":0,"76":0,"77":0,"78":0,"79":0,"80":0,"81":0,"82":0,"83":0,"84":0,"85":0,"86":0,"87":0,"88":0,"89":0,"90":0,"91":0,"92":0,"93":0,"94":0,"95":0,"96":0,"97":0,"98":0,"99":0,"100":0,"101":0,"102":0,"103":0,"104":0,"105":0,"106":0,"107":0,"108":0,"109":0,"110":0,"111":0,"112":0,"113":0,"114":0,"115":0,"116":0,"117":0,"118":0,"119":0,"120":0,"121":0,"122":0,"123":0,"124":0,"125":0,"126":0,"127":0,"128":0,"129":0,"130":0,"131":0,"132":0,"133":0,"134":0,"135":0,"136":0,"137":0,"138":0,"139":0,"140":0,"141":0,"142":0,"143":0,"144":0,"145":0,"146":0,"147":0,"148":0,"149":0,"150":0,"151":0,"152":0,"153":13},"f":{"0":0,"1":0,"2":0,"3":0,"4":0,"5":0,"6":0,"7":0,"8":0,"9":0,"10":0},"b":{"0":[0,0],"1":[0,0],"2":[0,0],"3":[0,0],"4":[0,0],"5":[0,0],"6":[0,0],"7":[0,0],"8":[0,0],"9":[0,0],"10":[0,0],"11":[0,0],"12":[0,0],"13":[0,0],"14":[0,0],"15":[0,0],"16":[0,0,0],"17":[0,0],"18":[0,0],"19":[0,0],"20":[0,0],"21":[0,0],"22":[0,0],"23":[0,0],"24":[0,0],"25":[0,0],"26":[0,0],"27":[0,0],"28":[0,0],"29":[0,0],"30":[0,0],"31":[0,0],"32":[0,0],"33":[0,0],"34":[0,0],"35":[0,0],"36":[0,0],"37":[0,0],"38":[0,0],"39":[0,0],"40":[0,0],"41":[0,0],"42":[0,0],"43":[0,0],"44":[0,0],"45":[0,0],"46":[0,0],"47":[0,0],"48":[0,0],"49":[0,0],"50":[0,0],"51":[0,0],"52":[0,0],"53":[0,0],"54":[0,0,0],"55":[0,0],"56":[0,0],"57":[0,0],"58":[0,0],"59":[0,0],"60":[0,0],"61":[0,0],"62":[0,0],"63":[0,0],"64":[0,0],"65":[0,0],"66":[0,0],"67":[0,0],"68":[0,0],"69":[0,0],"70":[0,0],"71":[0,0]},"_coverageSchema":"1a1c01bbd47fc00a2c39e90264f33305004495a9","hash":"393da7b99663277617edfcf016a9b878c9bd29df"}
,"C:\\Users\\BarthPC\\velo-platform\\backend\\controllers\\conversationController.js": {"path":"C:\\Users\\BarthPC\\velo-platform\\backend\\controllers\\conversationController.js","statementMap":{"0":{"start":{"line":1,"column":26},"end":{"line":1,"column":64}},"1":{"start":{"line":2,"column":21},"end":{"line":2,"column":54}},"2":{"start":{"line":3,"column":15},"end":{"line":3,"column":39}},"3":{"start":{"line":9,"column":42},"end":{"line":9,"column":50}},"4":{"start":{"line":10,"column":19},"end":{"line":10,"column":30}},"5":{"start":{"line":11,"column":2},"end":{"line":13,"column":3}},"6":{"start":{"line":12,"column":4},"end":{"line":12,"column":75}},"7":{"start":{"line":14,"column":2},"end":{"line":20,"column":3}},"8":{"start":{"line":15,"column":17},"end":{"line":15,"column":98}},"9":{"start":{"line":16,"column":4},"end":{"line":16,"column":64}},"10":{"start":{"line":18,"column":4},"end":{"line":18,"column":76}},"11":{"start":{"line":19,"column":4},"end":{"line":19,"column":54}},"12":{"start":{"line":27,"column":17},"end":{"line":27,"column":28}},"13":{"start":{"line":28,"column":2},"end":{"line":34,"column":3}},"14":{"start":{"line":29,"column":18},"end":{"line":29,"column":72}},"15":{"start":{"line":30,"column":4},"end":{"line":30,"column":54}},"16":{"start":{"line":32,"column":4},"end":{"line":32,"column":62}},"17":{"start":{"line":33,"column":4},"end":{"line":33,"column":54}},"18":{"start":{"line":41,"column":29},"end":{"line":41,"column":39}},"19":{"start":{"line":42,"column":2},"end":{"line":48,"column":3}},"20":{"start":{"line":43,"column":21},"end":{"line":43,"column":81}},"21":{"start":{"line":44,"column":4},"end":{"line":44,"column":42}},"22":{"start":{"line":46,"column":4},"end":{"line":46,"column":63}},"23":{"start":{"line":47,"column":4},"end":{"line":47,"column":54}},"24":{"start":{"line":55,"column":29},"end":{"line":55,"column":39}},"25":{"start":{"line":56,"column":22},"end":{"line":56,"column":30}},"26":{"start":{"line":57,"column":19},"end":{"line":57,"column":30}},"27":{"start":{"line":58,"column":2},"end":{"line":60,"column":3}},"28":{"start":{"line":59,"column":4},"end":{"line":59,"column":61}},"29":{"start":{"line":61,"column":2},"end":{"line":68,"column":3}},"30":{"start":{"line":62,"column":16},"end":{"line":62,"column":81}},"31":{"start":{"line":64,"column":4},"end":{"line":64,"column":58}},"32":{"start":{"line":66,"column":4},"end":{"line":66,"column":73}},"33":{"start":{"line":67,"column":4},"end":{"line":67,"column":54}},"34":{"start":{"line":71,"column":0},"end":{"line":76,"column":2}}},"fnMap":{"0":{"name":"createConversation","decl":{"start":{"line":8,"column":15},"end":{"line":8,"column":33}},"loc":{"start":{"line":8,"column":44},"end":{"line":21,"column":1}},"line":8},"1":{"name":"getMyConversations","decl":{"start":{"line":26,"column":15},"end":{"line":26,"column":33}},"loc":{"start":{"line":26,"column":44},"end":{"line":35,"column":1}},"line":26},"2":{"name":"getMessages","decl":{"start":{"line":40,"column":15},"end":{"line":40,"column":26}},"loc":{"start":{"line":40,"column":37},"end":{"line":49,"column":1}},"line":40},"3":{"name":"sendMessage","decl":{"start":{"line":54,"column":15},"end":{"line":54,"column":26}},"loc":{"start":{"line":54,"column":37},"end":{"line":69,"column":1}},"line":54}},"branchMap":{"0":{"loc":{"start":{"line":11,"column":2},"end":{"line":13,"column":3}},"type":"if","locations":[{"start":{"line":11,"column":2},"end":{"line":13,"column":3}},{"start":{},"end":{}}],"line":11},"1":{"loc":{"start":{"line":11,"column":6},"end":{"line":11,"column":37}},"type":"binary-expr","locations":[{"start":{"line":11,"column":6},"end":{"line":11,"column":17}},{"start":{"line":11,"column":21},"end":{"line":11,"column":37}}],"line":11},"2":{"loc":{"start":{"line":58,"column":2},"end":{"line":60,"column":3}},"type":"if","locations":[{"start":{"line":58,"column":2},"end":{"line":60,"column":3}},{"start":{},"end":{}}],"line":58}},"s":{"0":13,"1":13,"2":13,"3":0,"4":0,"5":0,"6":0,"7":0,"8":0,"9":0,"10":0,"11":0,"12":0,"13":0,"14":0,"15":0,"16":0,"17":0,"18":0,"19":0,"20":0,"21":0,"22":0,"23":0,"24":0,"25":0,"26":0,"27":0,"28":0,"29":0,"30":0,"31":0,"32":0,"33":0,"34":13},"f":{"0":0,"1":0,"2":0,"3":0},"b":{"0":[0,0],"1":[0,0],"2":[0,0]},"_coverageSchema":"1a1c01bbd47fc00a2c39e90264f33305004495a9","hash":"8054321dd87a930327ac0ef1ec59e4fa03f9c79e"}
,"C:\\Users\\BarthPC\\velo-platform\\backend\\controllers\\index.js": {"path":"C:\\Users\\BarthPC\\velo-platform\\backend\\controllers\\index.js","statementMap":{"0":{"start":{"line":6,"column":0},"end":{"line":8,"column":2}}},"fnMap":{},"branchMap":{},"s":{"0":13},"f":{},"b":{},"_coverageSchema":"1a1c01bbd47fc00a2c39e90264f33305004495a9","hash":"62ae271cb7c83fff0e28c48d8fefe08fef3fc33f"}
,"C:\\Users\\BarthPC\\velo-platform\\backend\\controllers\\pushSubscriptionController.js": {"path":"C:\\Users\\BarthPC\\velo-platform\\backend\\controllers\\pushSubscriptionController.js","statementMap":{"0":{"start":{"line":2,"column":30},"end":{"line":2,"column":72}},"1":{"start":{"line":3,"column":32},"end":{"line":3,"column":78}},"2":{"start":{"line":4,"column":15},"end":{"line":4,"column":39}},"3":{"start":{"line":10,"column":2},"end":{"line":10,"column":71}},"4":{"start":{"line":17,"column":29},"end":{"line":17,"column":37}},"5":{"start":{"line":18,"column":17},"end":{"line":18,"column":28}},"6":{"start":{"line":20,"column":2},"end":{"line":38,"column":3}},"7":{"start":{"line":21,"column":4},"end":{"line":23,"column":5}},"8":{"start":{"line":22,"column":6},"end":{"line":22,"column":68}},"9":{"start":{"line":25,"column":4},"end":{"line":30,"column":6}},"10":{"start":{"line":32,"column":4},"end":{"line":32,"column":79}},"11":{"start":{"line":34,"column":4},"end":{"line":34,"column":63}},"12":{"start":{"line":36,"column":4},"end":{"line":36,"column":77}},"13":{"start":{"line":37,"column":4},"end":{"line":37,"column":89}},"14":{"start":{"line":45,"column":23},"end":{"line":45,"column":31}},"15":{"start":{"line":47,"column":2},"end":{"line":60,"column":3}},"16":{"start":{"line":48,"column":4},"end":{"line":50,"column":5}},"17":{"start":{"line":49,"column":6},"end":{"line":49,"column":64}},"18":{"start":{"line":52,"column":4},"end":{"line":52,"column":61}},"19":{"start":{"line":54,"column":4},"end":{"line":54,"column":75}},"20":{"start":{"line":56,"column":4},"end":{"line":56,"column":52}},"21":{"start":{"line":58,"column":4},"end":{"line":58,"column":73}},"22":{"start":{"line":59,"column":4},"end":{"line":59,"column":68}},"23":{"start":{"line":63,"column":0},"end":{"line":67,"column":2}}},"fnMap":{"0":{"name":"getVapidPublicKey","decl":{"start":{"line":9,"column":9},"end":{"line":9,"column":26}},"loc":{"start":{"line":9,"column":37},"end":{"line":11,"column":1}},"line":9},"1":{"name":"subscribe","decl":{"start":{"line":16,"column":15},"end":{"line":16,"column":24}},"loc":{"start":{"line":16,"column":35},"end":{"line":39,"column":1}},"line":16},"2":{"name":"unsubscribe","decl":{"start":{"line":44,"column":15},"end":{"line":44,"column":26}},"loc":{"start":{"line":44,"column":37},"end":{"line":61,"column":1}},"line":44}},"branchMap":{"0":{"loc":{"start":{"line":21,"column":4},"end":{"line":23,"column":5}},"type":"if","locations":[{"start":{"line":21,"column":4},"end":{"line":23,"column":5}},{"start":{},"end":{}}],"line":21},"1":{"loc":{"start":{"line":21,"column":8},"end":{"line":21,"column":56}},"type":"binary-expr","locations":[{"start":{"line":21,"column":8},"end":{"line":21,"column":17}},{"start":{"line":21,"column":21},"end":{"line":21,"column":26}},{"start":{"line":21,"column":30},"end":{"line":21,"column":42}},{"start":{"line":21,"column":46},"end":{"line":21,"column":56}}],"line":21},"2":{"loc":{"start":{"line":48,"column":4},"end":{"line":50,"column":5}},"type":"if","locations":[{"start":{"line":48,"column":4},"end":{"line":50,"column":5}},{"start":{},"end":{}}],"line":48}},"s":{"0":13,"1":13,"2":13,"3":0,"4":0,"5":0,"6":0,"7":0,"8":0,"9":0,"10":0,"11":0,"12":0,"13":0,"14":0,"15":0,"16":0,"17":0,"18":0,"19":0,"20":0,"21":0,"22":0,"23":13},"f":{"0":0,"1":0,"2":0},"b":{"0":[0,0],"1":[0,0,0,0],"2":[0,0]},"_coverageSchema":"1a1c01bbd47fc00a2c39e90264f33305004495a9","hash":"899aff327ae6f907d26b56f1b23efb8d8de4d7c8"}
,"C:\\Users\\BarthPC\\velo-platform\\backend\\controllers\\repairController.js": {"path":"C:\\Users\\BarthPC\\velo-platform\\backend\\controllers\\repairController.js","statementMap":{"0":{"start":{"line":7,"column":4},"end":{"line":7,"column":36}},"1":{"start":{"line":8,"column":25},"end":{"line":8,"column":62}},"2":{"start":{"line":9,"column":15},"end":{"line":9,"column":39}},"3":{"start":{"line":15,"column":100},"end":{"line":15,"column":108}},"4":{"start":{"line":16,"column":17},"end":{"line":16,"column":28}},"5":{"start":{"line":18,"column":2},"end":{"line":20,"column":3}},"6":{"start":{"line":19,"column":4},"end":{"line":19,"column":74}},"7":{"start":{"line":22,"column":2},"end":{"line":37,"column":3}},"8":{"start":{"line":23,"column":19},"end":{"line":32,"column":5}},"9":{"start":{"line":33,"column":4},"end":{"line":33,"column":52}},"10":{"start":{"line":35,"column":4},"end":{"line":35,"column":63}},"11":{"start":{"line":36,"column":4},"end":{"line":36,"column":54}},"12":{"start":{"line":44,"column":17},"end":{"line":44,"column":28}},"13":{"start":{"line":46,"column":2},"end":{"line":58,"column":3}},"14":{"start":{"line":47,"column":20},"end":{"line":47,"column":57}},"15":{"start":{"line":49,"column":19},"end":{"line":53,"column":7}},"16":{"start":{"line":49,"column":37},"end":{"line":53,"column":5}},"17":{"start":{"line":51,"column":41},"end":{"line":51,"column":111}},"18":{"start":{"line":54,"column":4},"end":{"line":54,"column":49}},"19":{"start":{"line":56,"column":4},"end":{"line":56,"column":54}},"20":{"start":{"line":57,"column":4},"end":{"line":57,"column":54}},"21":{"start":{"line":65,"column":24},"end":{"line":65,"column":34}},"22":{"start":{"line":67,"column":2},"end":{"line":79,"column":3}},"23":{"start":{"line":68,"column":19},"end":{"line":68,"column":56}},"24":{"start":{"line":69,"column":4},"end":{"line":71,"column":5}},"25":{"start":{"line":70,"column":6},"end":{"line":70,"column":68}},"26":{"start":{"line":73,"column":19},"end":{"line":73,"column":123}},"27":{"start":{"line":73,"column":51},"end":{"line":73,"column":121}},"28":{"start":{"line":74,"column":4},"end":{"line":74,"column":27}},"29":{"start":{"line":75,"column":4},"end":{"line":75,"column":40}},"30":{"start":{"line":77,"column":4},"end":{"line":77,"column":62}},"31":{"start":{"line":78,"column":4},"end":{"line":78,"column":54}},"32":{"start":{"line":86,"column":24},"end":{"line":86,"column":34}},"33":{"start":{"line":87,"column":21},"end":{"line":87,"column":29}},"34":{"start":{"line":89,"column":2},"end":{"line":91,"column":3}},"35":{"start":{"line":90,"column":4},"end":{"line":90,"column":60}},"36":{"start":{"line":93,"column":2},"end":{"line":108,"column":3}},"37":{"start":{"line":95,"column":4},"end":{"line":101,"column":5}},"38":{"start":{"line":96,"column":21},"end":{"line":96,"column":79}},"39":{"start":{"line":97,"column":26},"end":{"line":97,"column":75}},"40":{"start":{"line":97,"column":51},"end":{"line":97,"column":74}},"41":{"start":{"line":98,"column":6},"end":{"line":100,"column":7}},"42":{"start":{"line":99,"column":8},"end":{"line":99,"column":123}},"43":{"start":{"line":103,"column":19},"end":{"line":103,"column":69}},"44":{"start":{"line":104,"column":4},"end":{"line":104,"column":40}},"45":{"start":{"line":106,"column":4},"end":{"line":106,"column":73}},"46":{"start":{"line":107,"column":4},"end":{"line":107,"column":54}},"47":{"start":{"line":115,"column":2},"end":{"line":148,"column":3}},"48":{"start":{"line":118,"column":20},"end":{"line":118,"column":55}},"49":{"start":{"line":119,"column":18},"end":{"line":119,"column":25}},"50":{"start":{"line":120,"column":4},"end":{"line":125,"column":5}},"51":{"start":{"line":121,"column":24},"end":{"line":121,"column":64}},"52":{"start":{"line":122,"column":6},"end":{"line":122,"column":43}},"53":{"start":{"line":126,"column":23},"end":{"line":126,"column":34}},"54":{"start":{"line":128,"column":26},"end":{"line":128,"column":28}},"55":{"start":{"line":129,"column":4},"end":{"line":138,"column":5}},"56":{"start":{"line":130,"column":6},"end":{"line":137,"column":7}},"57":{"start":{"line":131,"column":25},"end":{"line":131,"column":103}},"58":{"start":{"line":132,"column":8},"end":{"line":132,"column":45}},"59":{"start":{"line":132,"column":23},"end":{"line":132,"column":45}},"60":{"start":{"line":135,"column":8},"end":{"line":135,"column":82}},"61":{"start":{"line":136,"column":8},"end":{"line":136,"column":30}},"62":{"start":{"line":139,"column":20},"end":{"line":139,"column":33}},"63":{"start":{"line":140,"column":19},"end":{"line":143,"column":7}},"64":{"start":{"line":140,"column":37},"end":{"line":143,"column":5}},"65":{"start":{"line":142,"column":41},"end":{"line":142,"column":111}},"66":{"start":{"line":144,"column":4},"end":{"line":144,"column":71}},"67":{"start":{"line":146,"column":4},"end":{"line":146,"column":53}},"68":{"start":{"line":147,"column":4},"end":{"line":147,"column":54}},"69":{"start":{"line":155,"column":24},"end":{"line":155,"column":34}},"70":{"start":{"line":156,"column":17},"end":{"line":156,"column":28}},"71":{"start":{"line":158,"column":2},"end":{"line":180,"column":3}},"72":{"start":{"line":159,"column":19},"end":{"line":159,"column":56}},"73":{"start":{"line":160,"column":4},"end":{"line":162,"column":5}},"74":{"start":{"line":161,"column":6},"end":{"line":161,"column":68}},"75":{"start":{"line":165,"column":4},"end":{"line":167,"column":5}},"76":{"start":{"line":166,"column":6},"end":{"line":166,"column":106}},"77":{"start":{"line":169,"column":4},"end":{"line":171,"column":5}},"78":{"start":{"line":170,"column":6},"end":{"line":170,"column":127}},"79":{"start":{"line":173,"column":20},"end":{"line":173,"column":74}},"80":{"start":{"line":174,"column":4},"end":{"line":174,"column":84}},"81":{"start":{"line":176,"column":4},"end":{"line":176,"column":49}},"82":{"start":{"line":178,"column":4},"end":{"line":178,"column":58}},"83":{"start":{"line":179,"column":4},"end":{"line":179,"column":54}},"84":{"start":{"line":187,"column":24},"end":{"line":187,"column":34}},"85":{"start":{"line":188,"column":17},"end":{"line":188,"column":28}},"86":{"start":{"line":190,"column":2},"end":{"line":215,"column":3}},"87":{"start":{"line":191,"column":19},"end":{"line":191,"column":56}},"88":{"start":{"line":192,"column":4},"end":{"line":194,"column":5}},"89":{"start":{"line":193,"column":6},"end":{"line":193,"column":68}},"90":{"start":{"line":197,"column":20},"end":{"line":197,"column":45}},"91":{"start":{"line":198,"column":31},"end":{"line":198,"column":69}},"92":{"start":{"line":200,"column":4},"end":{"line":202,"column":5}},"93":{"start":{"line":201,"column":6},"end":{"line":201,"column":113}},"94":{"start":{"line":204,"column":4},"end":{"line":206,"column":5}},"95":{"start":{"line":205,"column":6},"end":{"line":205,"column":128}},"96":{"start":{"line":208,"column":20},"end":{"line":208,"column":74}},"97":{"start":{"line":209,"column":4},"end":{"line":209,"column":73}},"98":{"start":{"line":211,"column":4},"end":{"line":211,"column":49}},"99":{"start":{"line":213,"column":4},"end":{"line":213,"column":61}},"100":{"start":{"line":214,"column":4},"end":{"line":214,"column":54}},"101":{"start":{"line":218,"column":0},"end":{"line":226,"column":2}}},"fnMap":{"0":{"name":"createRepair","decl":{"start":{"line":14,"column":15},"end":{"line":14,"column":27}},"loc":{"start":{"line":14,"column":38},"end":{"line":38,"column":1}},"line":14},"1":{"name":"getRepairs","decl":{"start":{"line":43,"column":15},"end":{"line":43,"column":25}},"loc":{"start":{"line":43,"column":36},"end":{"line":59,"column":1}},"line":43},"2":{"name":"(anonymous_2)","decl":{"start":{"line":49,"column":31},"end":{"line":49,"column":32}},"loc":{"start":{"line":49,"column":37},"end":{"line":53,"column":5}},"line":49},"3":{"name":"(anonymous_3)","decl":{"start":{"line":51,"column":35},"end":{"line":51,"column":36}},"loc":{"start":{"line":51,"column":41},"end":{"line":51,"column":111}},"line":51},"4":{"name":"getRepairDetail","decl":{"start":{"line":64,"column":15},"end":{"line":64,"column":30}},"loc":{"start":{"line":64,"column":41},"end":{"line":80,"column":1}},"line":64},"5":{"name":"(anonymous_5)","decl":{"start":{"line":73,"column":45},"end":{"line":73,"column":46}},"loc":{"start":{"line":73,"column":51},"end":{"line":73,"column":121}},"line":73},"6":{"name":"updateRepairStatus","decl":{"start":{"line":85,"column":15},"end":{"line":85,"column":33}},"loc":{"start":{"line":85,"column":44},"end":{"line":109,"column":1}},"line":85},"7":{"name":"(anonymous_7)","decl":{"start":{"line":97,"column":46},"end":{"line":97,"column":47}},"loc":{"start":{"line":97,"column":51},"end":{"line":97,"column":74}},"line":97},"8":{"name":"getPendingRepairs","decl":{"start":{"line":114,"column":15},"end":{"line":114,"column":32}},"loc":{"start":{"line":114,"column":43},"end":{"line":149,"column":1}},"line":114},"9":{"name":"(anonymous_9)","decl":{"start":{"line":140,"column":31},"end":{"line":140,"column":32}},"loc":{"start":{"line":140,"column":37},"end":{"line":143,"column":5}},"line":140},"10":{"name":"(anonymous_10)","decl":{"start":{"line":142,"column":35},"end":{"line":142,"column":36}},"loc":{"start":{"line":142,"column":41},"end":{"line":142,"column":111}},"line":142},"11":{"name":"startRepair","decl":{"start":{"line":154,"column":15},"end":{"line":154,"column":26}},"loc":{"start":{"line":154,"column":37},"end":{"line":181,"column":1}},"line":154},"12":{"name":"completeRepair","decl":{"start":{"line":186,"column":15},"end":{"line":186,"column":29}},"loc":{"start":{"line":186,"column":40},"end":{"line":216,"column":1}},"line":186}},"branchMap":{"0":{"loc":{"start":{"line":18,"column":2},"end":{"line":20,"column":3}},"type":"if","locations":[{"start":{"line":18,"column":2},"end":{"line":20,"column":3}},{"start":{},"end":{}}],"line":18},"1":{"loc":{"start":{"line":18,"column":6},"end":{"line":18,"column":28}},"type":"binary-expr","locations":[{"start":{"line":18,"column":6},"end":{"line":18,"column":12}},{"start":{"line":18,"column":16},"end":{"line":18,"column":28}}],"line":18},"2":{"loc":{"start":{"line":27,"column":6},"end":{"line":27,"column":23}},"type":"binary-expr","locations":[{"start":{"line":27,"column":6},"end":{"line":27,"column":15}},{"start":{"line":27,"column":19},"end":{"line":27,"column":23}}],"line":27},"3":{"loc":{"start":{"line":28,"column":6},"end":{"line":28,"column":26}},"type":"binary-expr","locations":[{"start":{"line":28,"column":6},"end":{"line":28,"column":18}},{"start":{"line":28,"column":22},"end":{"line":28,"column":26}}],"line":28},"4":{"loc":{"start":{"line":29,"column":6},"end":{"line":29,"column":26}},"type":"binary-expr","locations":[{"start":{"line":29,"column":6},"end":{"line":29,"column":18}},{"start":{"line":29,"column":22},"end":{"line":29,"column":26}}],"line":29},"5":{"loc":{"start":{"line":30,"column":6},"end":{"line":30,"column":30}},"type":"binary-expr","locations":[{"start":{"line":30,"column":6},"end":{"line":30,"column":22}},{"start":{"line":30,"column":26},"end":{"line":30,"column":30}}],"line":30},"6":{"loc":{"start":{"line":31,"column":6},"end":{"line":31,"column":20}},"type":"binary-expr","locations":[{"start":{"line":31,"column":6},"end":{"line":31,"column":14}},{"start":{"line":31,"column":18},"end":{"line":31,"column":20}}],"line":31},"7":{"loc":{"start":{"line":51,"column":15},"end":{"line":51,"column":29}},"type":"binary-expr","locations":[{"start":{"line":51,"column":15},"end":{"line":51,"column":23}},{"start":{"line":51,"column":27},"end":{"line":51,"column":29}}],"line":51},"8":{"loc":{"start":{"line":69,"column":4},"end":{"line":71,"column":5}},"type":"if","locations":[{"start":{"line":69,"column":4},"end":{"line":71,"column":5}},{"start":{},"end":{}}],"line":69},"9":{"loc":{"start":{"line":73,"column":20},"end":{"line":73,"column":39}},"type":"binary-expr","locations":[{"start":{"line":73,"column":20},"end":{"line":73,"column":33}},{"start":{"line":73,"column":37},"end":{"line":73,"column":39}}],"line":73},"10":{"loc":{"start":{"line":89,"column":2},"end":{"line":91,"column":3}},"type":"if","locations":[{"start":{"line":89,"column":2},"end":{"line":91,"column":3}},{"start":{},"end":{}}],"line":89},"11":{"loc":{"start":{"line":95,"column":4},"end":{"line":101,"column":5}},"type":"if","locations":[{"start":{"line":95,"column":4},"end":{"line":101,"column":5}},{"start":{},"end":{}}],"line":95},"12":{"loc":{"start":{"line":97,"column":27},"end":{"line":97,"column":39}},"type":"binary-expr","locations":[{"start":{"line":97,"column":27},"end":{"line":97,"column":33}},{"start":{"line":97,"column":37},"end":{"line":97,"column":39}}],"line":97},"13":{"loc":{"start":{"line":98,"column":6},"end":{"line":100,"column":7}},"type":"if","locations":[{"start":{"line":98,"column":6},"end":{"line":100,"column":7}},{"start":{},"end":{}}],"line":98},"14":{"loc":{"start":{"line":132,"column":8},"end":{"line":132,"column":45}},"type":"if","locations":[{"start":{"line":132,"column":8},"end":{"line":132,"column":45}},{"start":{},"end":{}}],"line":132},"15":{"loc":{"start":{"line":142,"column":15},"end":{"line":142,"column":29}},"type":"binary-expr","locations":[{"start":{"line":142,"column":15},"end":{"line":142,"column":23}},{"start":{"line":142,"column":27},"end":{"line":142,"column":29}}],"line":142},"16":{"loc":{"start":{"line":160,"column":4},"end":{"line":162,"column":5}},"type":"if","locations":[{"start":{"line":160,"column":4},"end":{"line":162,"column":5}},{"start":{},"end":{}}],"line":160},"17":{"loc":{"start":{"line":165,"column":4},"end":{"line":167,"column":5}},"type":"if","locations":[{"start":{"line":165,"column":4},"end":{"line":167,"column":5}},{"start":{},"end":{}}],"line":165},"18":{"loc":{"start":{"line":169,"column":4},"end":{"line":171,"column":5}},"type":"if","locations":[{"start":{"line":169,"column":4},"end":{"line":171,"column":5}},{"start":{},"end":{}}],"line":169},"19":{"loc":{"start":{"line":192,"column":4},"end":{"line":194,"column":5}},"type":"if","locations":[{"start":{"line":192,"column":4},"end":{"line":194,"column":5}},{"start":{},"end":{}}],"line":192},"20":{"loc":{"start":{"line":200,"column":4},"end":{"line":202,"column":5}},"type":"if","locations":[{"start":{"line":200,"column":4},"end":{"line":202,"column":5}},{"start":{},"end":{}}],"line":200},"21":{"loc":{"start":{"line":200,"column":8},"end":{"line":200,"column":39}},"type":"binary-expr","locations":[{"start":{"line":200,"column":8},"end":{"line":200,"column":16}},{"start":{"line":200,"column":20},"end":{"line":200,"column":39}}],"line":200},"22":{"loc":{"start":{"line":204,"column":4},"end":{"line":206,"column":5}},"type":"if","locations":[{"start":{"line":204,"column":4},"end":{"line":206,"column":5}},{"start":{},"end":{}}],"line":204}},"s":{"0":12,"1":12,"2":12,"3":2,"4":2,"5":2,"6":1,"7":1,"8":1,"9":1,"10":0,"11":0,"12":1,"13":1,"14":1,"15":1,"16":1,"17":1,"18":1,"19":0,"20":0,"21":2,"22":2,"23":2,"24":2,"25":1,"26":1,"27":0,"28":1,"29":1,"30":0,"31":0,"32":1,"33":1,"34":1,"35":1,"36":0,"37":0,"38":0,"39":0,"40":0,"41":0,"42":0,"43":0,"44":0,"45":0,"46":0,"47":1,"48":1,"49":1,"50":1,"51":1,"52":1,"53":1,"54":0,"55":0,"56":0,"57":0,"58":0,"59":0,"60":0,"61":0,"62":0,"63":0,"64":0,"65":0,"66":0,"67":1,"68":1,"69":0,"70":0,"71":0,"72":0,"73":0,"74":0,"75":0,"76":0,"77":0,"78":0,"79":0,"80":0,"81":0,"82":0,"83":0,"84":0,"85":0,"86":0,"87":0,"88":0,"89":0,"90":0,"91":0,"92":0,"93":0,"94":0,"95":0,"96":0,"97":0,"98":0,"99":0,"100":0,"101":12},"f":{"0":2,"1":1,"2":1,"3":1,"4":2,"5":0,"6":1,"7":0,"8":1,"9":0,"10":0,"11":0,"12":0},"b":{"0":[1,1],"1":[2,1],"2":[1,1],"3":[1,1],"4":[1,1],"5":[1,1],"6":[1,1],"7":[1,0],"8":[1,1],"9":[1,0],"10":[1,0],"11":[0,0],"12":[0,0],"13":[0,0],"14":[0,0],"15":[0,0],"16":[0,0],"17":[0,0],"18":[0,0],"19":[0,0],"20":[0,0],"21":[0,0],"22":[0,0]},"_coverageSchema":"1a1c01bbd47fc00a2c39e90264f33305004495a9","hash":"72747ed4a99424d01c581e66cdf6a4c47cfa7b04"}
,"C:\\Users\\BarthPC\\velo-platform\\backend\\controllers\\repairOfferController.js": {"path":"C:\\Users\\BarthPC\\velo-platform\\backend\\controllers\\repairOfferController.js","statementMap":{"0":{"start":{"line":1,"column":25},"end":{"line":1,"column":62}},"1":{"start":{"line":2,"column":20},"end":{"line":2,"column":52}},"2":{"start":{"line":3,"column":15},"end":{"line":3,"column":39}},"3":{"start":{"line":6,"column":20},"end":{"line":85,"column":1}},"4":{"start":{"line":7,"column":2},"end":{"line":84,"column":3}},"5":{"start":{"line":8,"column":4},"end":{"line":8,"column":91}},"6":{"start":{"line":9,"column":114},"end":{"line":9,"column":122}},"7":{"start":{"line":10,"column":23},"end":{"line":10,"column":34}},"8":{"start":{"line":13,"column":26},"end":{"line":13,"column":96}},"9":{"start":{"line":14,"column":4},"end":{"line":16,"column":5}},"10":{"start":{"line":15,"column":6},"end":{"line":15,"column":116}},"11":{"start":{"line":19,"column":19},"end":{"line":19,"column":76}},"12":{"start":{"line":20,"column":4},"end":{"line":22,"column":5}},"13":{"start":{"line":21,"column":6},"end":{"line":21,"column":98}},"14":{"start":{"line":25,"column":24},"end":{"line":25,"column":28}},"15":{"start":{"line":26,"column":22},"end":{"line":26,"column":26}},"16":{"start":{"line":27,"column":4},"end":{"line":43,"column":5}},"17":{"start":{"line":28,"column":6},"end":{"line":32,"column":7}},"18":{"start":{"line":29,"column":18},"end":{"line":29,"column":42}},"19":{"start":{"line":30,"column":8},"end":{"line":31,"column":94}},"20":{"start":{"line":30,"column":33},"end":{"line":30,"column":51}},"21":{"start":{"line":31,"column":13},"end":{"line":31,"column":94}},"22":{"start":{"line":33,"column":6},"end":{"line":37,"column":7}},"23":{"start":{"line":34,"column":19},"end":{"line":34,"column":41}},"24":{"start":{"line":35,"column":8},"end":{"line":36,"column":92}},"25":{"start":{"line":35,"column":34},"end":{"line":35,"column":51}},"26":{"start":{"line":36,"column":13},"end":{"line":36,"column":92}},"27":{"start":{"line":38,"column":6},"end":{"line":40,"column":7}},"28":{"start":{"line":39,"column":8},"end":{"line":39,"column":122}},"29":{"start":{"line":42,"column":6},"end":{"line":42,"column":96}},"30":{"start":{"line":45,"column":18},"end":{"line":53,"column":5}},"31":{"start":{"line":56,"column":4},"end":{"line":63,"column":5}},"32":{"start":{"line":57,"column":6},"end":{"line":62,"column":7}},"33":{"start":{"line":58,"column":8},"end":{"line":58,"column":85}},"34":{"start":{"line":59,"column":8},"end":{"line":59,"column":113}},"35":{"start":{"line":61,"column":8},"end":{"line":61,"column":102}},"36":{"start":{"line":65,"column":4},"end":{"line":68,"column":7}},"37":{"start":{"line":70,"column":4},"end":{"line":70,"column":73}},"38":{"start":{"line":72,"column":4},"end":{"line":74,"column":5}},"39":{"start":{"line":73,"column":6},"end":{"line":73,"column":116}},"40":{"start":{"line":76,"column":4},"end":{"line":78,"column":5}},"41":{"start":{"line":77,"column":6},"end":{"line":77,"column":98}},"42":{"start":{"line":80,"column":4},"end":{"line":82,"column":5}},"43":{"start":{"line":81,"column":6},"end":{"line":81,"column":99}},"44":{"start":{"line":83,"column":4},"end":{"line":83,"column":70}},"45":{"start":{"line":88,"column":27},"end":{"line":116,"column":1}},"46":{"start":{"line":89,"column":2},"end":{"line":115,"column":3}},"47":{"start":{"line":90,"column":25},"end":{"line":90,"column":35}},"48":{"start":{"line":92,"column":4},"end":{"line":92,"column":59}},"49":{"start":{"line":94,"column":19},"end":{"line":94,"column":67}},"50":{"start":{"line":95,"column":4},"end":{"line":97,"column":5}},"51":{"start":{"line":96,"column":6},"end":{"line":96,"column":98}},"52":{"start":{"line":98,"column":17},"end":{"line":98,"column":19}},"53":{"start":{"line":99,"column":4},"end":{"line":105,"column":5}},"54":{"start":{"line":100,"column":6},"end":{"line":100,"column":73}},"55":{"start":{"line":103,"column":6},"end":{"line":103,"column":95}},"56":{"start":{"line":104,"column":6},"end":{"line":104,"column":18}},"57":{"start":{"line":107,"column":4},"end":{"line":111,"column":7}},"58":{"start":{"line":113,"column":4},"end":{"line":113,"column":86}},"59":{"start":{"line":114,"column":4},"end":{"line":114,"column":70}},"60":{"start":{"line":119,"column":20},"end":{"line":134,"column":1}},"61":{"start":{"line":120,"column":2},"end":{"line":133,"column":3}},"62":{"start":{"line":121,"column":23},"end":{"line":121,"column":34}},"63":{"start":{"line":123,"column":19},"end":{"line":123,"column":73}},"64":{"start":{"line":125,"column":4},"end":{"line":129,"column":7}},"65":{"start":{"line":131,"column":4},"end":{"line":131,"column":73}},"66":{"start":{"line":132,"column":4},"end":{"line":132,"column":70}},"67":{"start":{"line":137,"column":24},"end":{"line":152,"column":1}},"68":{"start":{"line":138,"column":2},"end":{"line":151,"column":3}},"69":{"start":{"line":139,"column":21},"end":{"line":139,"column":32}},"70":{"start":{"line":141,"column":19},"end":{"line":141,"column":69}},"71":{"start":{"line":143,"column":4},"end":{"line":147,"column":7}},"72":{"start":{"line":149,"column":4},"end":{"line":149,"column":75}},"73":{"start":{"line":150,"column":4},"end":{"line":150,"column":70}},"74":{"start":{"line":155,"column":23},"end":{"line":172,"column":1}},"75":{"start":{"line":156,"column":2},"end":{"line":171,"column":3}},"76":{"start":{"line":157,"column":24},"end":{"line":157,"column":34}},"77":{"start":{"line":159,"column":18},"end":{"line":159,"column":62}},"78":{"start":{"line":160,"column":4},"end":{"line":162,"column":5}},"79":{"start":{"line":161,"column":6},"end":{"line":161,"column":82}},"80":{"start":{"line":164,"column":4},"end":{"line":167,"column":7}},"81":{"start":{"line":169,"column":4},"end":{"line":169,"column":80}},"82":{"start":{"line":170,"column":4},"end":{"line":170,"column":70}},"83":{"start":{"line":175,"column":26},"end":{"line":262,"column":1}},"84":{"start":{"line":176,"column":2},"end":{"line":261,"column":3}},"85":{"start":{"line":177,"column":24},"end":{"line":177,"column":34}},"86":{"start":{"line":178,"column":23},"end":{"line":178,"column":31}},"87":{"start":{"line":179,"column":19},"end":{"line":179,"column":30}},"88":{"start":{"line":181,"column":4},"end":{"line":183,"column":5}},"89":{"start":{"line":182,"column":6},"end":{"line":182,"column":109}},"90":{"start":{"line":185,"column":18},"end":{"line":185,"column":62}},"91":{"start":{"line":186,"column":4},"end":{"line":188,"column":5}},"92":{"start":{"line":187,"column":6},"end":{"line":187,"column":82}},"93":{"start":{"line":191,"column":19},"end":{"line":191,"column":82}},"94":{"start":{"line":192,"column":4},"end":{"line":194,"column":5}},"95":{"start":{"line":193,"column":6},"end":{"line":193,"column":116}},"96":{"start":{"line":197,"column":4},"end":{"line":204,"column":5}},"97":{"start":{"line":198,"column":6},"end":{"line":203,"column":7}},"98":{"start":{"line":199,"column":8},"end":{"line":202,"column":11}},"99":{"start":{"line":206,"column":25},"end":{"line":206,"column":82}},"100":{"start":{"line":209,"column":4},"end":{"line":235,"column":5}},"101":{"start":{"line":211,"column":24},"end":{"line":211,"column":96}},"102":{"start":{"line":212,"column":6},"end":{"line":228,"column":7}},"103":{"start":{"line":213,"column":8},"end":{"line":227,"column":9}},"104":{"start":{"line":214,"column":10},"end":{"line":214,"column":78}},"105":{"start":{"line":216,"column":10},"end":{"line":226,"column":11}},"106":{"start":{"line":217,"column":23},"end":{"line":217,"column":40}},"107":{"start":{"line":218,"column":12},"end":{"line":223,"column":13}},"108":{"start":{"line":219,"column":14},"end":{"line":222,"column":17}},"109":{"start":{"line":225,"column":12},"end":{"line":225,"column":77}},"110":{"start":{"line":230,"column":6},"end":{"line":234,"column":8}},"111":{"start":{"line":238,"column":4},"end":{"line":253,"column":5}},"112":{"start":{"line":239,"column":17},"end":{"line":239,"column":34}},"113":{"start":{"line":240,"column":6},"end":{"line":250,"column":7}},"114":{"start":{"line":242,"column":25},"end":{"line":242,"column":36}},"115":{"start":{"line":243,"column":8},"end":{"line":243,"column":77}},"116":{"start":{"line":244,"column":8},"end":{"line":244,"column":89}},"117":{"start":{"line":246,"column":8},"end":{"line":249,"column":9}},"118":{"start":{"line":247,"column":10},"end":{"line":247,"column":98}},"119":{"start":{"line":248,"column":10},"end":{"line":248,"column":98}},"120":{"start":{"line":252,"column":6},"end":{"line":252,"column":78}},"121":{"start":{"line":254,"column":4},"end":{"line":257,"column":7}},"122":{"start":{"line":259,"column":4},"end":{"line":259,"column":109}},"123":{"start":{"line":260,"column":4},"end":{"line":260,"column":70}},"124":{"start":{"line":265,"column":20},"end":{"line":352,"column":1}},"125":{"start":{"line":266,"column":2},"end":{"line":351,"column":3}},"126":{"start":{"line":267,"column":24},"end":{"line":267,"column":34}},"127":{"start":{"line":268,"column":45},"end":{"line":268,"column":53}},"128":{"start":{"line":269,"column":19},"end":{"line":269,"column":30}},"129":{"start":{"line":272,"column":4},"end":{"line":274,"column":5}},"130":{"start":{"line":273,"column":6},"end":{"line":273,"column":93}},"131":{"start":{"line":276,"column":21},"end":{"line":276,"column":45}},"132":{"start":{"line":277,"column":19},"end":{"line":277,"column":63}},"133":{"start":{"line":279,"column":4},"end":{"line":281,"column":5}},"134":{"start":{"line":280,"column":6},"end":{"line":280,"column":87}},"135":{"start":{"line":283,"column":4},"end":{"line":285,"column":5}},"136":{"start":{"line":284,"column":6},"end":{"line":284,"column":85}},"137":{"start":{"line":287,"column":4},"end":{"line":289,"column":5}},"138":{"start":{"line":288,"column":6},"end":{"line":288,"column":120}},"139":{"start":{"line":292,"column":4},"end":{"line":292,"column":100}},"140":{"start":{"line":294,"column":18},"end":{"line":294,"column":62}},"141":{"start":{"line":295,"column":4},"end":{"line":297,"column":5}},"142":{"start":{"line":296,"column":6},"end":{"line":296,"column":82}},"143":{"start":{"line":300,"column":19},"end":{"line":300,"column":82}},"144":{"start":{"line":301,"column":21},"end":{"line":301,"column":46}},"145":{"start":{"line":302,"column":23},"end":{"line":302,"column":51}},"146":{"start":{"line":304,"column":4},"end":{"line":306,"column":5}},"147":{"start":{"line":305,"column":6},"end":{"line":305,"column":127}},"148":{"start":{"line":309,"column":23},"end":{"line":309,"column":55}},"149":{"start":{"line":310,"column":23},"end":{"line":310,"column":79}},"150":{"start":{"line":313,"column":25},"end":{"line":319,"column":5}},"151":{"start":{"line":322,"column":4},"end":{"line":333,"column":5}},"152":{"start":{"line":323,"column":17},"end":{"line":323,"column":34}},"153":{"start":{"line":324,"column":6},"end":{"line":330,"column":7}},"154":{"start":{"line":325,"column":29},"end":{"line":325,"column":74}},"155":{"start":{"line":326,"column":8},"end":{"line":329,"column":11}},"156":{"start":{"line":332,"column":6},"end":{"line":332,"column":70}},"157":{"start":{"line":335,"column":4},"end":{"line":339,"column":7}},"158":{"start":{"line":341,"column":4},"end":{"line":346,"column":28}},"159":{"start":{"line":347,"column":16},"end":{"line":349,"column":55}},"160":{"start":{"line":350,"column":4},"end":{"line":350,"column":57}},"161":{"start":{"line":355,"column":20},"end":{"line":413,"column":1}},"162":{"start":{"line":356,"column":2},"end":{"line":412,"column":3}},"163":{"start":{"line":357,"column":24},"end":{"line":357,"column":34}},"164":{"start":{"line":358,"column":19},"end":{"line":358,"column":30}},"165":{"start":{"line":360,"column":18},"end":{"line":360,"column":62}},"166":{"start":{"line":361,"column":4},"end":{"line":363,"column":5}},"167":{"start":{"line":362,"column":6},"end":{"line":362,"column":82}},"168":{"start":{"line":366,"column":4},"end":{"line":368,"column":5}},"169":{"start":{"line":367,"column":6},"end":{"line":367,"column":111}},"170":{"start":{"line":370,"column":4},"end":{"line":372,"column":5}},"171":{"start":{"line":371,"column":6},"end":{"line":371,"column":91}},"172":{"start":{"line":375,"column":19},"end":{"line":375,"column":82}},"173":{"start":{"line":376,"column":21},"end":{"line":376,"column":46}},"174":{"start":{"line":377,"column":23},"end":{"line":377,"column":51}},"175":{"start":{"line":379,"column":4},"end":{"line":381,"column":5}},"176":{"start":{"line":380,"column":6},"end":{"line":380,"column":113}},"177":{"start":{"line":384,"column":4},"end":{"line":386,"column":5}},"178":{"start":{"line":385,"column":6},"end":{"line":385,"column":118}},"179":{"start":{"line":389,"column":25},"end":{"line":389,"column":68}},"180":{"start":{"line":392,"column":4},"end":{"line":402,"column":5}},"181":{"start":{"line":393,"column":17},"end":{"line":393,"column":34}},"182":{"start":{"line":394,"column":6},"end":{"line":399,"column":7}},"183":{"start":{"line":395,"column":29},"end":{"line":395,"column":74}},"184":{"start":{"line":396,"column":8},"end":{"line":398,"column":11}},"185":{"start":{"line":401,"column":6},"end":{"line":401,"column":74}},"186":{"start":{"line":404,"column":4},"end":{"line":408,"column":7}},"187":{"start":{"line":410,"column":4},"end":{"line":410,"column":77}},"188":{"start":{"line":411,"column":4},"end":{"line":411,"column":70}},"189":{"start":{"line":415,"column":0},"end":{"line":424,"column":2}}},"fnMap":{"0":{"name":"(anonymous_0)","decl":{"start":{"line":6,"column":20},"end":{"line":6,"column":21}},"loc":{"start":{"line":6,"column":40},"end":{"line":85,"column":1}},"line":6},"1":{"name":"(anonymous_1)","decl":{"start":{"line":88,"column":27},"end":{"line":88,"column":28}},"loc":{"start":{"line":88,"column":47},"end":{"line":116,"column":1}},"line":88},"2":{"name":"(anonymous_2)","decl":{"start":{"line":119,"column":20},"end":{"line":119,"column":21}},"loc":{"start":{"line":119,"column":40},"end":{"line":134,"column":1}},"line":119},"3":{"name":"(anonymous_3)","decl":{"start":{"line":137,"column":24},"end":{"line":137,"column":25}},"loc":{"start":{"line":137,"column":44},"end":{"line":152,"column":1}},"line":137},"4":{"name":"(anonymous_4)","decl":{"start":{"line":155,"column":23},"end":{"line":155,"column":24}},"loc":{"start":{"line":155,"column":43},"end":{"line":172,"column":1}},"line":155},"5":{"name":"(anonymous_5)","decl":{"start":{"line":175,"column":26},"end":{"line":175,"column":27}},"loc":{"start":{"line":175,"column":46},"end":{"line":262,"column":1}},"line":175},"6":{"name":"(anonymous_6)","decl":{"start":{"line":265,"column":20},"end":{"line":265,"column":21}},"loc":{"start":{"line":265,"column":40},"end":{"line":352,"column":1}},"line":265},"7":{"name":"(anonymous_7)","decl":{"start":{"line":355,"column":20},"end":{"line":355,"column":21}},"loc":{"start":{"line":355,"column":40},"end":{"line":413,"column":1}},"line":355}},"branchMap":{"0":{"loc":{"start":{"line":14,"column":4},"end":{"line":16,"column":5}},"type":"if","locations":[{"start":{"line":14,"column":4},"end":{"line":16,"column":5}},{"start":{},"end":{}}],"line":14},"1":{"loc":{"start":{"line":20,"column":4},"end":{"line":22,"column":5}},"type":"if","locations":[{"start":{"line":20,"column":4},"end":{"line":22,"column":5}},{"start":{},"end":{}}],"line":20},"2":{"loc":{"start":{"line":28,"column":6},"end":{"line":32,"column":7}},"type":"if","locations":[{"start":{"line":28,"column":6},"end":{"line":32,"column":7}},{"start":{},"end":{}}],"line":28},"3":{"loc":{"start":{"line":30,"column":8},"end":{"line":31,"column":94}},"type":"if","locations":[{"start":{"line":30,"column":8},"e
[...]
},"end":{"line":54,"column":20}},"loc":{"start":{"line":54,"column":39},"end":{"line":69,"column":1}},"line":54},"7":{"name":"(anonymous_7)","decl":{"start":{"line":71,"column":21},"end":{"line":71,"column":22}},"loc":{"start":{"line":71,"column":41},"end":{"line":91,"column":1}},"line":71},"8":{"name":"(anonymous_8)","decl":{"start":{"line":93,"column":26},"end":{"line":93,"column":27}},"loc":{"start":{"line":93,"column":46},"end":{"line":136,"column":1}},"line":93},"9":{"name":"(anonymous_9)","decl":{"start":{"line":109,"column":37},"end":{"line":109,"column":38}},"loc":{"start":{"line":109,"column":50},"end":{"line":109,"column":73}},"line":109}},"branchMap":{"0":{"loc":{"start":{"line":41,"column":16},"end":{"line":41,"column":25}},"type":"binary-expr","locations":[{"start":{"line":41,"column":16},"end":{"line":41,"column":19}},{"start":{"line":41,"column":23},"end":{"line":41,"column":25}}],"line":41},"1":{"loc":{"start":{"line":45,"column":6},"end":{"line":45,"column":24}},"type":"if","locations":[{"start":{"line":45,"column":6},"end":{"line":45,"column":24}},{"start":{},"end":{}}],"line":45},"2":{"loc":{"start":{"line":47,"column":6},"end":{"line":47,"column":73}},"type":"if","locations":[{"start":{"line":47,"column":6},"end":{"line":47,"column":73}},{"start":{},"end":{}}],"line":47},"3":{"loc":{"start":{"line":47,"column":10},"end":{"line":47,"column":48}},"type":"binary-expr","locations":[{"start":{"line":47,"column":10},"end":{"line":47,"column":23}},{"start":{"line":47,"column":27},"end":{"line":47,"column":48}}],"line":47},"4":{"loc":{"start":{"line":49,"column":49},"end":{"line":49,"column":90}},"type":"cond-expr","locations":[{"start":{"line":49,"column":54},"end":{"line":49,"column":85}},{"start":{"line":49,"column":89},"end":{"line":49,"column":90}}],"line":49},"5":{"loc":{"start":{"line":56,"column":21},"end":{"line":56,"column":35}},"type":"binary-expr","locations":[{"start":{"line":56,"column":21},"end":{"line":56,"column":29}},{"start":{"line":56,"column":33},"end":{"line":56,"column":35}}],"line":56},"6":{"loc":{"start":{"line":57,"column":4},"end":{"line":59,"column":5}},"type":"if","locations":[{"start":{"line":57,"column":4},"end":{"line":59,"column":5}},{"start":{},"end":{}}],"line":57},"7":{"loc":{"start":{"line":57,"column":8},"end":{"line":57,"column":57}},"type":"binary-expr","locations":[{"start":{"line":57,"column":8},"end":{"line":57,"column":13}},{"start":{"line":57,"column":17},"end":{"line":57,"column":41}},{"start":{"line":57,"column":45},"end":{"line":57,"column":57}}],"line":57},"8":{"loc":{"start":{"line":73,"column":17},"end":{"line":75,"column":5}},"type":"cond-expr","locations":[{"start":{"line":73,"column":62},"end":{"line":73,"column":77}},{"start":{"line":73,"column":80},"end":{"line":75,"column":5}}],"line":73},"9":{"loc":{"start":{"line":73,"column":31},"end":{"line":73,"column":58}},"type":"binary-expr","locations":[{"start":{"line":73,"column":31},"end":{"line":73,"column":39}},{"start":{"line":73,"column":43},"end":{"line":73,"column":58}}],"line":73},"10":{"loc":{"start":{"line":78,"column":35},"end":{"line":78,"column":44}},"type":"binary-expr","locations":[{"start":{"line":78,"column":35},"end":{"line":78,"column":38}},{"start":{"line":78,"column":42},"end":{"line":78,"column":44}}],"line":78},"11":{"loc":{"start":{"line":79,"column":6},"end":{"line":79,"column":23}},"type":"if","locations":[{"start":{"line":79,"column":6},"end":{"line":79,"column":23}},{"start":{},"end":{}}],"line":79},"12":{"loc":{"start":{"line":83,"column":19},"end":{"line":83,"column":42}},"type":"binary-expr","locations":[{"start":{"line":83,"column":19},"end":{"line":83,"column":27}},{"start":{"line":83,"column":31},"end":{"line":83,"column":42}}],"line":83},"13":{"loc":{"start":{"line":84,"column":22},"end":{"line":84,"column":80}},"type":"binary-expr","locations":[{"start":{"line":84,"column":22},"end":{"line":84,"column":52}},{"start":{"line":84,"column":56},"end":{"line":84,"column":80}}],"line":84},"14":{"loc":{"start":{"line":101,"column":36},"end":{"line":101,"column":48}},"type":"binary-expr","locations":[{"start":{"line":101,"column":36},"end":{"line":101,"column":42}},{"start":{"line":101,"column":46},"end":{"line":101,"column":48}}],"line":101},"15":{"loc":{"start":{"line":102,"column":6},"end":{"line":103,"column":52}},"type":"if","locations":[{"start":{"line":102,"column":6},"end":{"line":103,"column":52}},{"start":{"line":103,"column":11},"end":{"line":103,"column":52}}],"line":102},"16":{"loc":{"start":{"line":109,"column":50},"end":{"line":109,"column":73}},"type":"cond-expr","locations":[{"start":{"line":109,"column":66},"end":{"line":109,"column":67}},{"start":{"line":109,"column":70},"end":{"line":109,"column":73}}],"line":109},"17":{"loc":{"start":{"line":112,"column":8},"end":{"line":112,"column":51}},"type":"if","locations":[{"start":{"line":112,"column":8},"end":{"line":112,"column":51}},{"start":{},"end":{}}],"line":112},"18":{"loc":{"start":{"line":116,"column":4},"end":{"line":119,"column":5}},"type":"if","locations":[{"start":{"line":116,"column":4},"end":{"line":119,"column":5}},{"start":{},"end":{}}],"line":116},"19":{"loc":{"start":{"line":125,"column":19},"end":{"line":125,"column":42}},"type":"binary-expr","locations":[{"start":{"line":125,"column":19},"end":{"line":125,"column":27}},{"start":{"line":125,"column":31},"end":{"line":125,"column":42}}],"line":125},"20":{"loc":{"start":{"line":126,"column":22},"end":{"line":126,"column":80}},"type":"binary-expr","locations":[{"start":{"line":126,"column":22},"end":{"line":126,"column":52}},{"start":{"line":126,"column":56},"end":{"line":126,"column":80}}],"line":126}},"s":{"0":13,"1":13,"2":13,"3":0,"4":0,"5":13,"6":0,"7":0,"8":0,"9":0,"10":0,"11":0,"12":0,"13":0,"14":0,"15":0,"16":0,"17":0,"18":0,"19":0,"20":0,"21":0,"22":0,"23":0,"24":13,"25":0,"26":0,"27":0,"28":0,"29":0,"30":0,"31":0,"32":0,"33":0,"34":0,"35":13,"36":0,"37":0,"38":0,"39":0,"40":0,"41":0,"42":0,"43":0,"44":0,"45":0,"46":0,"47":0,"48":0,"49":0,"50":13,"51":0,"52":0,"53":0,"54":0,"55":0,"56":0,"57":0,"58":0,"59":0,"60":0,"61":0,"62":0,"63":0,"64":0,"65":0,"66":0,"67":0,"68":0,"69":0,"70":0,"71":0,"72":0,"73":0,"74":0,"75":0,"76":0,"77":0,"78":0,"79":0,"80":0,"81":0,"82":0,"83":0,"84":0},"f":{"0":0,"1":0,"2":0,"3":0,"4":0,"5":0,"6":0,"7":0,"8":0,"9":0},"b":{"0":[0,0],"1":[0,0],"2":[0,0],"3":[0,0],"4":[0,0],"5":[0,0],"6":[0,0],"7":[0,0,0],"8":[0,0],"9":[0,0],"10":[0,0],"11":[0,0],"12":[0,0],"13":[0,0],"14":[0,0],"15":[0,0],"16":[0,0],"17":[0,0],"18":[0,0],"19":[0,0],"20":[0,0]},"_coverageSchema":"1a1c01bbd47fc00a2c39e90264f33305004495a9","hash":"c4df05b42f029fcc1302388cf887038449986729"}
,"C:\\Users\\BarthPC\\velo-platform\\backend\\src\\controllers\\listingsController.js": {"path":"C:\\Users\\BarthPC\\velo-platform\\backend\\src\\controllers\\listingsController.js","statementMap":{"0":{"start":{"line":1,"column":12},"end":{"line":1,"column":28}},"1":{"start":{"line":2,"column":15},"end":{"line":2,"column":35}},"2":{"start":{"line":5,"column":33},"end":{"line":5,"column":47}},"3":{"start":{"line":6,"column":2},"end":{"line":17,"column":3}},"4":{"start":{"line":7,"column":65},"end":{"line":7,"column":79}},"5":{"start":{"line":8,"column":4},"end":{"line":8,"column":104}},"6":{"start":{"line":8,"column":32},"end":{"line":8,"column":104}},"7":{"start":{"line":10,"column":14},"end":{"line":11,"column":54}},"8":{"start":{"line":12,"column":21},"end":{"line":12,"column":103}},"9":{"start":{"line":13,"column":4},"end":{"line":13,"column":41}},"10":{"start":{"line":15,"column":4},"end":{"line":15,"column":69}},"11":{"start":{"line":16,"column":4},"end":{"line":16,"column":61}},"12":{"start":{"line":21,"column":2},"end":{"line":34,"column":3}},"13":{"start":{"line":22,"column":37},"end":{"line":22,"column":46}},"14":{"start":{"line":23,"column":23},"end":{"line":23,"column":25}},"15":{"start":{"line":24,"column":19},"end":{"line":24,"column":21}},"16":{"start":{"line":25,"column":4},"end":{"line":25,"column":102}},"17":{"start":{"line":25,"column":23},"end":{"line":25,"column":48}},"18":{"start":{"line":25,"column":49},"end":{"line":25,"column":100}},"19":{"start":{"line":26,"column":4},"end":{"line":26,"column":124}},"20":{"start":{"line":26,"column":42},"end":{"line":26,"column":74}},"21":{"start":{"line":26,"column":75},"end":{"line":26,"column":122}},"22":{"start":{"line":27,"column":18},"end":{"line":27,"column":78}},"23":{"start":{"line":28,"column":14},"end":{"line":28,"column":74}},"24":{"start":{"line":29,"column":21},"end":{"line":29,"column":46}},"25":{"start":{"line":30,"column":4},"end":{"line":30,"column":26}},"26":{"start":{"line":32,"column":4},"end":{"line":32,"column":47}},"27":{"start":{"line":33,"column":4},"end":{"line":33,"column":61}},"28":{"start":{"line":37,"column":0},"end":{"line":37,"column":48}}},"fnMap":{"0":{"name":"createListing","decl":{"start":{"line":4,"column":15},"end":{"line":4,"column":28}},"loc":{"start":{"line":4,"column":39},"end":{"line":18,"column":1}},"line":4},"1":{"name":"getListings","decl":{"start":{"line":20,"column":15},"end":{"line":20,"column":26}},"loc":{"start":{"line":20,"column":37},"end":{"line":35,"column":1}},"line":20}},"branchMap":{"0":{"loc":{"start":{"line":5,"column":33},"end":{"line":5,"column":47}},"type":"binary-expr","locations":[{"start":{"line":5,"column":33},"end":{"line":5,"column":41}},{"start":{"line":5,"column":45},"end":{"line":5,"column":47}}],"line":5},"1":{"loc":{"start":{"line":7,"column":46},"end":{"line":7,"column":60}},"type":"default-arg","locations":[{"start":{"line":7,"column":56},"end":{"line":7,"column":60}}],"line":7},"2":{"loc":{"start":{"line":7,"column":65},"end":{"line":7,"column":79}},"type":"binary-expr","locations":[{"start":{"line":7,"column":65},"end":{"line":7,"column":73}},{"start":{"line":7,"column":77},"end":{"line":7,"column":79}}],"line":7},"3":{"loc":{"start":{"line":8,"column":4},"end":{"line":8,"column":104}},"type":"if","locations":[{"start":{"line":8,"column":4},"end":{"line":8,"column":104}},{"start":{},"end":{}}],"line":8},"4":{"loc":{"start":{"line":8,"column":8},"end":{"line":8,"column":30}},"type":"binary-expr","locations":[{"start":{"line":8,"column":8},"end":{"line":8,"column":20}},{"start":{"line":8,"column":24},"end":{"line":8,"column":30}}],"line":8},"5":{"loc":{"start":{"line":25,"column":4},"end":{"line":25,"column":102}},"type":"if","locations":[{"start":{"line":25,"column":4},"end":{"line":25,"column":102}},{"start":{},"end":{}}],"line":25},"6":{"loc":{"start":{"line":26,"column":4},"end":{"line":26,"column":124}},"type":"if","locations":[{"start":{"line":26,"column":4},"end":{"line":26,"column":124}},{"start":{},"end":{}}],"line":26},"7":{"loc":{"start":{"line":27,"column":18},"end":{"line":27,"column":78}},"type":"cond-expr","locations":[{"start":{"line":27,"column":38},"end":{"line":27,"column":73}},{"start":{"line":27,"column":76},"end":{"line":27,"column":78}}],"line":27}},"s":{"0":6,"1":6,"2":5,"3":5,"4":5,"5":5,"6":1,"7":4,"8":4,"9":1,"10":3,"11":3,"12":5,"13":5,"14":5,"15":5,"16":5,"17":0,"18":0,"19":5,"20":1,"21":1,"22":5,"23":5,"24":5,"25":2,"26":3,"27":3,"28":6},"f":{"0":5,"1":5},"b":{"0":[5,0],"1":[5],"2":[5,0],"3":[1,4],"4":[5,4],"5":[0,5],"6":[1,4],"7":[1,4]},"_coverageSchema":"1a1c01bbd47fc00a2c39e90264f33305004495a9","hash":"8d496a3f348d9708eca6f803024f9f0533a5b592"}
,"C:\\Users\\BarthPC\\velo-platform\\backend\\src\\controllers\\wheelSizeController.js": {"path":"C:\\Users\\BarthPC\\velo-platform\\backend\\src\\controllers\\wheelSizeController.js","statementMap":{"0":{"start":{"line":1,"column":11},"end":{"line":1,"column":27}},"1":{"start":{"line":2,"column":15},"end":{"line":2,"column":35}},"2":{"start":{"line":3,"column":27},"end":{"line":3,"column":46}},"3":{"start":{"line":6,"column":2},"end":{"line":22,"column":3}},"4":{"start":{"line":7,"column":4},"end":{"line":19,"column":7}},"5":{"start":{"line":21,"column":4},"end":{"line":21,"column":69}},"6":{"start":{"line":26,"column":12},"end":{"line":26,"column":36}},"7":{"start":{"line":27,"column":2},"end":{"line":27,"column":20}},"8":{"start":{"line":27,"column":10},"end":{"line":27,"column":20}},"9":{"start":{"line":29,"column":2},"end":{"line":29,"column":122}},"10":{"start":{"line":29,"column":47},"end":{"line":29,"column":56}},"11":{"start":{"line":29,"column":85},"end":{"line":29,"column":120}},"12":{"start":{"line":32,"column":0},"end":{"line":43,"column":2}},"13":{"start":{"line":33,"column":2},"end":{"line":42,"column":3}},"14":{"start":{"line":34,"column":4},"end":{"line":34,"column":24}},"15":{"start":{"line":35,"column":14},"end":{"line":35,"column":78}},"16":{"start":{"line":36,"column":21},"end":{"line":36,"column":68}},"17":{"start":{"line":37,"column":18},"end":{"line":37,"column":80}},"18":{"start":{"line":37,"column":70},"end":{"line":37,"column":76}},"19":{"start":{"line":38,"column":4},"end":{"line":38,"column":24}},"20":{"start":{"line":40,"column":4},"end":{"line":40,"column":66}},"21":{"start":{"line":41,"column":4},"end":{"line":41,"column":67}},"22":{"start":{"line":45,"column":0},"end":{"line":59,"column":2}},"23":{"start":{"line":46,"column":2},"end":{"line":58,"column":3}},"24":{"start":{"line":47,"column":21},"end":{"line":47,"column":35}},"25":{"start":{"line":48,"column":4},"end":{"line":50,"column":5}},"26":{"start":{"line":49,"column":6},"end":{"line":49,"column":67}},"27":{"start":{"line":51,"column":4},"end":{"line":51,"column":24}},"28":{"start":{"line":52,"column":17},"end":{"line":52,"column":36}},"29":{"start":{"line":53,"column":4},"end":{"line":53,"column":112}},"30":{"start":{"line":54,"column":4},"end":{"line":54,"column":39}},"31":{"start":{"line":56,"column":4},"end":{"line":56,"column":65}},"32":{"start":{"line":57,"column":4},"end":{"line":57,"column":64}},"33":{"start":{"line":61,"column":0},"end":{"line":80,"column":2}},"34":{"start":{"line":62,"column":2},"end":{"line":79,"column":3}},"35":{"start":{"line":63,"column":4},"end":{"line":63,"column":24}},"36":{"start":{"line":64,"column":18},"end":{"line":64,"column":126}},"37":{"start":{"line":65,"column":19},"end":{"line":65,"column":20}},"38":{"start":{"line":66,"column":4},"end":{"line":71,"column":5}},"39":{"start":{"line":67,"column":19},"end":{"line":67,"column":37}},"40":{"start":{"line":68,"column":6},"end":{"line":68,"column":26}},"41":{"start":{"line":68,"column":17},"end":{"line":68,"column":26}},"42":{"start":{"line":69,"column":16},"end":{"line":69,"column":136}},"43":{"start":{"line":70,"column":6},"end":{"line":70,"column":39}},"44":{"start":{"line":70,"column":28},"end":{"line":70,"column":39}},"45":{"start":{"line":72,"column":19},"end":{"line":72,"column":42}},"46":{"start":{"line":73,"column":22},"end":{"line":73,"column":80}},"47":{"start":{"line":74,"column":4},"end":{"line":74,"column":99}},"48":{"start":{"line":75,"column":4},"end":{"line":75,"column":58}},"49":{"start":{"line":77,"column":4},"end":{"line":77,"column":67}},"50":{"start":{"line":78,"column":4},"end":{"line":78,"column":66}}},"fnMap":{"0":{"name":"ensureTable","decl":{"start":{"line":5,"column":15},"end":{"line":5,"column":26}},"loc":{"start":{"line":5,"column":29},"end":{"line":23,"column":1}},"line":5},"1":{"name":"normalizeSize","decl":{"start":{"line":25,"column":9},"end":{"line":25,"column":22}},"loc":{"start":{"line":25,"column":28},"end":{"line":30,"column":1}},"line":25},"2":{"name":"(anonymous_2)","decl":{"start":{"line":29,"column":35},"end":{"line":29,"column":36}},"loc":{"start":{"line":29,"column":47},"end":{"line":29,"column":56}},"line":29},"3":{"name":"(anonymous_3)","decl":{"start":{"line":29,"column":80},"end":{"line":29,"column":81}},"loc":{"start":{"line":29,"column":85},"end":{"line":29,"column":120}},"line":29},"4":{"name":"(anonymous_4)","decl":{"start":{"line":32,"column":24},"end":{"line":32,"column":25}},"loc":{"start":{"line":32,"column":44},"end":{"line":43,"column":1}},"line":32},"5":{"name":"(anonymous_5)","decl":{"start":{"line":37,"column":65},"end":{"line":37,"column":66}},"loc":{"start":{"line":37,"column":70},"end":{"line":37,"column":76}},"line":37},"6":{"name":"(anonymous_6)","decl":{"start":{"line":45,"column":23},"end":{"line":45,"column":24}},"loc":{"start":{"line":45,"column":43},"end":{"line":59,"column":1}},"line":45},"7":{"name":"(anonymous_7)","decl":{"start":{"line":61,"column":25},"end":{"line":61,"column":26}},"loc":{"start":{"line":61,"column":45},"end":{"line":80,"column":1}},"line":61}},"branchMap":{"0":{"loc":{"start":{"line":26,"column":19},"end":{"line":26,"column":28}},"type":"binary-expr","locations":[{"start":{"line":26,"column":19},"end":{"line":26,"column":22}},{"start":{"line":26,"column":26},"end":{"line":26,"column":28}}],"line":26},"1":{"loc":{"start":{"line":27,"column":2},"end":{"line":27,"column":20}},"type":"if","locations":[{"start":{"line":27,"column":2},"end":{"line":27,"column":20}},{"start":{},"end":{}}],"line":27},"2":{"loc":{"start":{"line":29,"column":85},"end":{"line":29,"column":120}},"type":"cond-expr","locations":[{"start":{"line":29,"column":101},"end":{"line":29,"column":116}},{"start":{"line":29,"column":119},"end":{"line":29,"column":120}}],"line":29},"3":{"loc":{"start":{"line":47,"column":21},"end":{"line":47,"column":35}},"type":"binary-expr","locations":[{"start":{"line":47,"column":21},"end":{"line":47,"column":29}},{"start":{"line":47,"column":33},"end":{"line":47,"column":35}}],"line":47},"4":{"loc":{"start":{"line":48,"column":4},"end":{"line":50,"column":5}},"type":"if","locations":[{"start":{"line":48,"column":4},"end":{"line":50,"column":5}},{"start":{},"end":{}}],"line":48},"5":{"loc":{"start":{"line":48,"column":8},"end":{"line":48,"column":57}},"type":"binary-expr","locations":[{"start":{"line":48,"column":8},"end":{"line":48,"column":13}},{"start":{"line":48,"column":17},"end":{"line":48,"column":41}},{"start":{"line":48,"column":45},"end":{"line":48,"column":57}}],"line":48},"6":{"loc":{"start":{"line":64,"column":18},"end":{"line":64,"column":126}},"type":"cond-expr","locations":[{"start":{"line":64,"column":62},"end":{"line":64,"column":76}},{"start":{"line":64,"column":79},"end":{"line":64,"column":126}}],"line":64},"7":{"loc":{"start":{"line":64,"column":32},"end":{"line":64,"column":58}},"type":"binary-expr","locations":[{"start":{"line":64,"column":32},"end":{"line":64,"column":40}},{"start":{"line":64,"column":44},"end":{"line":64,"column":58}}],"line":64},"8":{"loc":{"start":{"line":68,"column":6},"end":{"line":68,"column":26}},"type":"if","locations":[{"start":{"line":68,"column":6},"end":{"line":68,"column":26}},{"start":{},"end":{}}],"line":68},"9":{"loc":{"start":{"line":70,"column":6},"end":{"line":70,"column":39}},"type":"if","locations":[{"start":{"line":70,"column":6},"end":{"line":70,"column":39}},{"start":{},"end":{}}],"line":70},"10":{"loc":{"start":{"line":72,"column":19},"end":{"line":72,"column":42}},"type":"binary-expr","locations":[{"start":{"line":72,"column":19},"end":{"line":72,"column":27}},{"start":{"line":72,"column":31},"end":{"line":72,"column":42}}],"line":72},"11":{"loc":{"start":{"line":73,"column":22},"end":{"line":73,"column":80}},"type":"binary-expr","locations":[{"start":{"line":73,"column":22},"end":{"line":73,"column":52}},{"start":{"line":73,"column":56},"end":{"line":73,"column":80}}],"line":73}},"s":{"0":13,"1":13,"2":13,"3":0,"4":0,"5":0,"6":0,"7":0,"8":0,"9":0,"10":0,"11":0,"12":13,"13":0,"14":0,"15":0,"16":0,"17":0,"18":0,"19":0,"20":0,"21":0,"22":13,"23":0,"24":0,"25":0,"26":0,"27":0,"28":0,"29":0,"30":0,"31":0,"32":0,"33":13,"34":0,"35":0,"36":0,"37":0,"38":0,"39":0,"40":0,"41":0,"42":0,"43":0,"44":0,"45":0,"46":0,"47":0,"48":0,"49":0,"50":0},"f":{"0":0,"1":0,"2":0,"3":0,"4":0,"5":0,"6":0,"7":0},"b":{"0":[0,0],"1":[0,0],"2":[0,0],"3":[0,0],"4":[0,0],"5":[0,0,0],"6":[0,0],"7":[0,0],"8":[0,0],"9":[0,0],"10":[0,0],"11":[0,0]},"_coverageSchema":"1a1c01bbd47fc00a2c39e90264f33305004495a9","hash":"cf380678afeb5150a4e2b68183f75a1f4faa6689"}
}
