TN:
SF:config\db.js
FNF:0
FNH:0
DA:1,2
DA:2,2
DA:4,2
DA:12,2
LF:4
LH:4
BRF:0
BRH:0
end_of_record
TN:
SF:controllers\authController.js
FN:5,registerUser
FN:19,loginUser
FNF:2
FNH:0
FNDA:0,registerUser
FNDA:0,loginUser
DA:1,2
DA:2,2
DA:3,2
DA:6,0
DA:7,0
DA:8,0
DA:9,0
DA:11,0
DA:12,0
DA:13,0
DA:15,0
DA:20,0
DA:21,0
DA:22,0
DA:23,0
DA:25,0
DA:26,0
DA:28,0
DA:29,0
DA:31,0
DA:35,2
LF:21
LH:4
BRDA:9,0,0,0
BRDA:9,0,1,0
BRDA:23,1,0,0
BRDA:23,1,1,0
BRDA:26,2,0,0
BRDA:26,2,1,0
BRF:6
BRH:0
end_of_record
TN:
SF:controllers\index.js
FNF:0
FNH:0
DA:6,2
LF:1
LH:1
BRF:0
BRH:0
end_of_record
TN:
SF:controllers\userController.js
FN:11,registerUser
FN:62,loginUser
FN:111,getUsers
FN:124,getProfile
FNF:4
FNH:0
FNDA:0,registerUser
FNDA:0,loginUser
FNDA:0,getUsers
FNDA:0,getProfile
DA:1,2
DA:2,2
DA:3,2
DA:5,2
DA:6,2
DA:12,0
DA:14,0
DA:15,0
DA:18,0
DA:20,0
DA:21,0
DA:22,0
DA:26,0
DA:29,0
DA:34,0
DA:37,0
DA:39,0
DA:51,0
DA:52,0
DA:53,0
DA:55,0
DA:63,0
DA:65,0
DA:66,0
DA:69,0
DA:71,0
DA:76,0
DA:77,0
DA:80,0
DA:83,0
DA:84,0
DA:85,0
DA:89,0
DA:91,0
DA:103,0
DA:104,0
DA:112,0
DA:113,0
DA:114,0
DA:116,0
DA:117,0
DA:125,0
DA:126,0
DA:127,0
DA:132,0
DA:133,0
DA:136,0
DA:139,0
DA:140,0
DA:144,0
DA:147,0
DA:149,0
DA:150,0
DA:154,2
LF:54
LH:6
BRDA:5,0,0,2
BRDA:5,0,1,0
BRDA:6,1,0,2
BRDA:6,1,1,0
BRDA:14,2,0,0
BRDA:14,2,1,0
BRDA:14,3,0,0
BRDA:14,3,1,0
BRDA:21,4,0,0
BRDA:21,4,1,0
BRDA:31,5,0,0
BRDA:31,5,1,0
BRDA:31,6,0,0
BRDA:31,6,1,0
BRDA:31,7,0,0
BRDA:31,7,1,0
BRDA:52,8,0,0
BRDA:52,8,1,0
BRDA:65,9,0,0
BRDA:65,9,1,0
BRDA:65,10,0,0
BRDA:65,10,1,0
BRDA:76,11,0,0
BRDA:76,11,1,0
BRDA:84,12,0,0
BRDA:84,12,1,0
BRDA:132,13,0,0
BRDA:132,13,1,0
BRDA:139,14,0,0
BRDA:139,14,1,0
BRDA:144,15,0,0
BRDA:144,15,1,0
BRF:32
BRH:2
end_of_record
TN:
SF:db\db.js
FNF:0
FNH:0
DA:2,2
DA:3,2
DA:5,0
DA:7,2
DA:9,0
DA:16,2
DA:18,2
DA:27,2
LF:8
LH:6
BRDA:2,0,0,2
BRDA:2,0,1,0
BRDA:7,1,0,0
BRDA:7,1,1,2
BRDA:10,2,0,0
BRDA:10,2,1,0
BRDA:11,3,0,0
BRDA:11,3,1,0
BRDA:12,4,0,0
BRDA:12,4,1,0
BRDA:19,5,0,2
BRDA:19,5,1,0
BRDA:20,6,0,2
BRDA:20,6,1,0
BRF:14
BRH:4
end_of_record
TN:
SF:middlewares\auth.js
FN:4,(anonymous_0)
FNF:1
FNH:0
FNDA:0,(anonymous_0)
DA:1,2
DA:2,2
DA:4,2
DA:5,0
DA:6,0
DA:8,0
DA:9,0
DA:10,0
DA:11,0
DA:12,0
DA:14,0
LF:11
LH:3
BRDA:2,0,0,2
BRDA:2,0,1,0
BRDA:6,1,0,0
BRDA:6,1,1,0
BRDA:6,2,0,0
BRDA:6,2,1,0
BRF:6
BRH:1
end_of_record
TN:
SF:middlewares\validators.js
FN:4,(anonymous_0)
FN:9,(anonymous_1)
FNF:2
FNH:0
FNDA:0,(anonymous_0)
FNDA:0,(anonymous_1)
DA:1,2
DA:4,2
DA:5,0
DA:6,0
DA:7,0
DA:9,0
DA:15,0
DA:19,2
DA:28,2
DA:35,2
DA:45,2
DA:52,2
DA:59,2
DA:67,2
DA:75,2
DA:83,2
LF:16
LH:11
BRDA:6,0,0,0
BRDA:6,0,1,0
BRF:2
BRH:0
end_of_record
TN:
SF:models\userModel.js
FN:3,findUserByEmail
FN:8,createUser
FNF:2
FNH:0
FNDA:0,findUserByEmail
FNDA:0,createUser
DA:1,2
DA:4,0
DA:5,0
DA:9,0
DA:13,0
DA:16,2
LF:6
LH:2
BRF:0
BRH:0
end_of_record
TN:
SF:routes\authRoutes.js
FNF:0
FNH:0
DA:1,2
DA:2,2
DA:3,2
DA:5,2
DA:6,2
DA:8,2
LF:6
LH:6
BRF:0
BRH:0
end_of_record
TN:
SF:routes\bookings.js
FN:14,validateBookingBody
FN:21,(anonymous_1)
FN:26,(anonymous_2)
FN:32,(anonymous_3)
FNF:4
FNH:0
FNDA:0,validateBookingBody
FNDA:0,(anonymous_1)
FNDA:0,(anonymous_2)
FNDA:0,(anonymous_3)
DA:1,2
DA:2,2
DA:3,2
DA:15,0
DA:16,0
DA:18,0
DA:21,2
DA:23,0
DA:26,2
DA:27,0
DA:29,0
DA:32,2
DA:33,0
DA:35,0
DA:38,2
LF:15
LH:7
BRDA:15,0,0,0
BRDA:15,0,1,0
BRDA:15,1,0,0
BRDA:15,1,1,0
BRF:4
BRH:0
end_of_record
TN:
SF:routes\userRoutes.js
FNF:0
FNH:0
DA:1,2
DA:2,2
DA:3,2
DA:4,2
DA:5,2
DA:7,2
DA:8,2
DA:9,2
DA:10,2
DA:12,2
LF:10
LH:10
BRF:0
BRH:0
end_of_record
TN:
SF:src\index.js
FN:21,(anonymous_0)
FN:26,start
FN:27,(anonymous_2)
FN:29,(anonymous_3)
FN:33,stop
FN:34,(anonymous_5)
FN:36,(anonymous_6)
FN:42,(anonymous_7)
FNF:8
FNH:7
FNDA:1,(anonymous_0)
FNDA:1,start
FNDA:1,(anonymous_2)
FNDA:1,(anonymous_3)
FNDA:2,stop
FNDA:2,(anonymous_5)
FNDA:1,(anonymous_6)
FNDA:0,(anonymous_7)
DA:1,2
DA:3,2
DA:4,2
DA:5,2
DA:6,2
DA:9,2
DA:11,2
DA:12,2
DA:15,2
DA:16,2
DA:17,2
DA:18,2
DA:21,2
DA:23,2
DA:24,2
DA:27,1
DA:28,1
DA:29,1
DA:34,2
DA:35,2
DA:36,1
DA:37,1
DA:41,2
DA:42,0
DA:43,0
DA:44,0
DA:48,2
LF:27
LH:24
BRDA:23,0,0,2
BRDA:23,0,1,0
BRDA:26,1,0,0
BRDA:28,2,0,0
BRDA:28,2,1,1
BRDA:35,3,0,1
BRDA:35,3,1,1
BRDA:36,4,0,0
BRDA:36,4,1,1
BRDA:41,5,0,0
BRDA:41,5,1,2
BRF:11
BRH:6
end_of_record
