TN:
SF:config\db.js
FNF:0
FNH:0
DA:1,2
DA:2,2
DA:4,2
DA:7,2
DA:10,2
DA:18,2
LF:6
LH:6
BRDA:2,0,0,2
BRDA:2,0,1,0
BRDA:4,1,0,2
BRDA:4,1,1,0
BRF:4
BRH:2
end_of_record
TN:
SF:controllers\authController.js
FN:5,registerUser
FN:19,loginUser
FNF:2
FNH:0
FNDA:0,registerUser
FNDA:0,loginUser
DA:1,2
DA:2,2
DA:3,2
DA:6,0
DA:7,0
DA:8,0
DA:9,0
DA:11,0
DA:12,0
DA:13,0
DA:15,0
DA:20,0
DA:21,0
DA:22,0
DA:23,0
DA:25,0
DA:26,0
DA:28,0
DA:29,0
DA:31,0
DA:35,2
LF:21
LH:4
BRDA:9,0,0,0
BRDA:9,0,1,0
BRDA:23,1,0,0
BRDA:23,1,1,0
BRDA:26,2,0,0
BRDA:26,2,1,0
BRF:6
BRH:0
end_of_record
TN:
SF:controllers\index.js
FNF:0
FNH:0
DA:6,2
LF:1
LH:1
BRF:0
BRH:0
end_of_record
TN:
SF:controllers\userController.js
FN:11,registerUser
FN:62,loginUser
FN:111,getUsers
FN:124,getProfile
FNF:4
FNH:4
FNDA:1,registerUser
FNDA:2,loginUser
FNDA:1,getUsers
FNDA:1,getProfile
DA:1,3
DA:2,3
DA:3,3
DA:5,3
DA:6,3
DA:12,1
DA:14,1
DA:15,0
DA:18,1
DA:20,1
DA:21,1
DA:22,0
DA:26,1
DA:29,1
DA:34,1
DA:37,1
DA:39,1
DA:51,0
DA:52,0
DA:53,0
DA:55,0
DA:63,2
DA:65,2
DA:66,0
DA:69,2
DA:71,2
DA:76,2
DA:77,1
DA:80,1
DA:83,1
DA:84,1
DA:85,0
DA:89,1
DA:91,1
DA:103,0
DA:104,0
DA:112,1
DA:113,1
DA:114,1
DA:116,0
DA:117,0
DA:125,1
DA:126,1
DA:127,1
DA:132,1
DA:133,1
DA:136,0
DA:139,0
DA:140,0
DA:144,0
DA:147,0
DA:149,0
DA:150,0
DA:154,3
LF:54
LH:35
BRDA:5,0,0,3
BRDA:5,0,1,3
BRDA:6,1,0,3
BRDA:6,1,1,3
BRDA:14,2,0,0
BRDA:14,2,1,1
BRDA:14,3,0,1
BRDA:14,3,1,1
BRDA:21,4,0,0
BRDA:21,4,1,1
BRDA:31,5,0,1
BRDA:31,5,1,1
BRDA:31,6,0,1
BRDA:31,6,1,1
BRDA:31,7,0,1
BRDA:31,7,1,1
BRDA:52,8,0,0
BRDA:52,8,1,0
BRDA:65,9,0,0
BRDA:65,9,1,2
BRDA:65,10,0,2
BRDA:65,10,1,2
BRDA:76,11,0,1
BRDA:76,11,1,1
BRDA:84,12,0,0
BRDA:84,12,1,1
BRDA:132,13,0,1
BRDA:132,13,1,0
BRDA:139,14,0,0
BRDA:139,14,1,0
BRDA:144,15,0,0
BRDA:144,15,1,0
BRF:32
BRH:21
end_of_record
TN:
SF:db\db.js
FNF:0
FNH:0
DA:2,2
DA:3,2
DA:5,0
DA:7,2
DA:9,0
DA:16,2
DA:18,2
DA:27,2
LF:8
LH:6
BRDA:2,0,0,2
BRDA:2,0,1,0
BRDA:7,1,0,0
BRDA:7,1,1,2
BRDA:10,2,0,0
BRDA:10,2,1,0
BRDA:11,3,0,0
BRDA:11,3,1,0
BRDA:12,4,0,0
BRDA:12,4,1,0
BRDA:19,5,0,2
BRDA:19,5,1,0
BRDA:20,6,0,2
BRDA:20,6,1,0
BRF:14
BRH:4
end_of_record
TN:
SF:middlewares\auth.js
FN:4,(anonymous_0)
FNF:1
FNH:1
FNDA:6,(anonymous_0)
DA:1,3
DA:2,3
DA:4,3
DA:5,6
DA:6,6
DA:8,5
DA:9,5
DA:10,5
DA:11,4
DA:12,4
DA:14,1
LF:11
LH:11
BRDA:2,0,0,3
BRDA:2,0,1,3
BRDA:6,1,0,1
BRDA:6,1,1,5
BRDA:6,2,0,6
BRDA:6,2,1,5
BRF:6
BRH:6
end_of_record
TN:
SF:middlewares\validators.js
FN:4,(anonymous_0)
FN:9,(anonymous_1)
FNF:2
FNH:2
FNDA:2,(anonymous_0)
FNDA:1,(anonymous_1)
DA:1,3
DA:4,3
DA:5,2
DA:6,2
DA:7,1
DA:9,1
DA:15,1
DA:19,3
DA:28,3
DA:35,3
DA:45,3
DA:52,3
DA:59,3
DA:67,3
DA:75,3
DA:83,3
LF:16
LH:16
BRDA:6,0,0,1
BRDA:6,0,1,1
BRF:2
BRH:2
end_of_record
TN:
SF:models\userModel.js
FN:3,findUserByEmail
FN:8,createUser
FNF:2
FNH:2
FNDA:1,findUserByEmail
FNDA:1,createUser
DA:1,3
DA:4,1
DA:5,1
DA:9,1
DA:13,1
DA:16,3
LF:6
LH:6
BRF:0
BRH:0
end_of_record
TN:
SF:routes\authRoutes.js
FNF:0
FNH:0
DA:1,2
DA:2,2
DA:3,2
DA:5,2
DA:6,2
DA:8,2
LF:6
LH:6
BRF:0
BRH:0
end_of_record
TN:
SF:routes\bookings.js
FN:11,(anonymous_0)
FNF:1
FNH:1
FNDA:1,(anonymous_0)
DA:1,2
DA:2,2
DA:3,2
DA:4,2
DA:8,2
DA:9,2
DA:11,2
DA:12,1
DA:13,1
DA:14,1
DA:15,1
DA:16,1
DA:18,0
DA:22,2
LF:14
LH:13
BRDA:15,0,0,0
BRDA:15,0,1,1
BRF:2
BRH:1
end_of_record
TN:
SF:routes\userRoutes.js
FNF:0
FNH:0
DA:1,2
DA:2,2
DA:3,2
DA:4,2
DA:5,2
DA:7,2
DA:8,2
DA:9,2
DA:10,2
DA:12,2
LF:10
LH:10
BRF:0
BRH:0
end_of_record
TN:
SF:src\db.js
FN:12,(anonymous_0)
FNF:1
FNH:1
FNDA:8,(anonymous_0)
DA:1,2
DA:3,2
DA:11,2
DA:12,8
LF:4
LH:4
BRDA:4,0,0,2
BRDA:4,0,1,0
BRDA:5,1,0,2
BRDA:5,1,1,0
BRDA:6,2,0,2
BRDA:6,2,1,0
BRDA:7,3,0,2
BRDA:7,3,1,0
BRDA:8,4,0,2
BRDA:8,4,1,0
BRF:10
BRH:5
end_of_record
TN:
SF:src\index.js
FN:21,(anonymous_0)
FN:35,start
FN:36,(anonymous_2)
FN:38,(anonymous_3)
FN:42,stop
FN:43,(anonymous_5)
FN:45,(anonymous_6)
FN:64,(anonymous_7)
FNF:8
FNH:7
FNDA:1,(anonymous_0)
FNDA:2,start
FNDA:2,(anonymous_2)
FNDA:2,(anonymous_3)
FNDA:2,stop
FNDA:2,(anonymous_5)
FNDA:2,(anonymous_6)
FNDA:0,(anonymous_7)
DA:1,2
DA:3,2
DA:4,2
DA:5,2
DA:6,2
DA:9,2
DA:11,2
DA:12,2
DA:15,2
DA:16,2
DA:17,2
DA:18,2
DA:21,2
DA:23,2
DA:24,2
DA:25,2
DA:26,2
DA:27,2
DA:29,2
DA:32,0
DA:36,2
DA:37,2
DA:38,2
DA:43,2
DA:44,2
DA:45,2
DA:46,2
DA:47,2
DA:48,2
DA:49,2
DA:50,2
DA:52,2
DA:53,2
DA:55,2
DA:57,0
DA:63,2
DA:64,0
DA:65,0
DA:66,0
DA:70,2
LF:40
LH:35
BRDA:23,0,0,2
BRDA:23,0,1,0
BRDA:35,1,0,0
BRDA:37,2,0,0
BRDA:37,2,1,2
BRDA:44,3,0,0
BRDA:44,3,1,2
BRDA:46,4,0,0
BRDA:46,4,1,2
BRDA:49,5,0,2
BRDA:49,5,1,0
BRDA:49,6,0,2
BRDA:49,6,1,2
BRDA:49,6,2,2
BRDA:52,7,0,2
BRDA:52,7,1,0
BRDA:52,8,0,2
BRDA:52,8,1,2
BRDA:63,9,0,0
BRDA:63,9,1,2
BRF:20
BRH:12
end_of_record
TN:
SF:src\controllers\bookingsController.js
FN:3,createBooking
FN:83,getBookings
FNF:2
FNH:2
FNDA:8,createBooking
FNDA:2,getBookings
DA:1,3
DA:4,8
DA:5,8
DA:6,8
DA:7,0
DA:8,0
DA:10,8
DA:11,0
DA:12,0
DA:19,8
DA:20,8
DA:21,8
DA:22,8
DA:23,8
DA:24,8
DA:25,8
DA:26,8
DA:27,1
DA:28,1
DA:31,7
DA:32,7
DA:33,1
DA:34,1
DA:36,6
DA:37,6
DA:38,1
DA:39,1
DA:43,5
DA:47,4
DA:49,2
DA:51,2
DA:53,2
DA:54,2
DA:55,2
DA:57,2
DA:58,2
DA:60,1
DA:61,1
DA:62,1
DA:71,1
DA:72,1
DA:84,2
DA:85,2
DA:86,2
DA:87,2
DA:88,2
DA:89,2
DA:90,2
DA:91,2
DA:92,2
DA:93,2
DA:94,2
DA:95,1
DA:97,1
DA:98,1
DA:102,3
LF:56
LH:52
BRDA:5,0,0,8
BRDA:5,0,1,0
BRDA:5,1,0,8
BRDA:5,1,1,8
BRDA:6,2,0,0
BRDA:6,2,1,8
BRDA:6,3,0,8
BRDA:6,3,1,1
BRDA:8,4,0,0
BRDA:8,4,1,0
BRDA:10,5,0,0
BRDA:10,5,1,8
BRDA:10,6,0,8
BRDA:10,6,1,1
BRDA:12,7,0,0
BRDA:12,7,1,0
BRDA:20,8,0,8
BRDA:20,9,0,8
BRDA:20,9,1,0
BRDA:22,10,0,0
BRDA:22,10,1,8
BRDA:23,11,0,1
BRDA:23,11,1,7
BRDA:24,12,0,1
BRDA:24,12,1,7
BRDA:25,13,0,1
BRDA:25,13,1,7
BRDA:26,14,0,1
BRDA:26,14,1,7
BRDA:32,15,0,1
BRDA:32,15,1,6
BRDA:37,16,0,1
BRDA:37,16,1,5
BRDA:47,17,0,2
BRDA:47,17,1,2
BRDA:60,18,0,1
BRDA:60,18,1,0
BRDA:60,19,0,1
BRDA:60,19,1,1
BRDA:61,20,0,1
BRDA:61,20,1,0
BRDA:71,21,0,0
BRDA:71,21,1,1
BRDA:71,22,0,1
BRDA:71,22,1,1
BRDA:74,23,0,1
BRDA:74,23,1,1
BRDA:75,24,0,1
BRDA:75,24,1,1
BRDA:76,25,0,1
BRDA:76,25,1,1
BRDA:77,26,0,1
BRDA:77,26,1,1
BRDA:78,27,0,1
BRDA:78,27,1,1
BRDA:79,28,0,1
BRDA:79,28,1,1
BRDA:88,29,0,0
BRDA:88,29,1,2
BRDA:89,30,0,1
BRDA:89,30,1,1
BRDA:90,31,0,1
BRDA:90,31,1,1
BRDA:97,32,0,1
BRDA:97,32,1,0
BRDA:97,33,0,1
BRDA:97,33,1,1
BRF:67
BRH:53
end_of_record
TN:
SF:src\controllers\listingsController.js
FN:3,createListing
FN:18,getListings
FNF:2
FNH:2
FNDA:3,createListing
FNDA:2,getListings
DA:1,1
DA:4,3
DA:5,3
DA:6,3
DA:8,2
DA:10,2
DA:11,1
DA:13,1
DA:14,1
DA:19,2
DA:20,2
DA:21,2
DA:22,2
DA:23,2
DA:24,2
DA:25,2
DA:26,2
DA:27,2
DA:28,1
DA:30,1
DA:31,1
DA:35,1
LF:22
LH:22
BRDA:5,0,0,3
BRDA:6,1,0,1
BRDA:6,1,1,2
BRDA:6,2,0,3
BRDA:6,2,1,2
BRDA:23,3,0,0
BRDA:23,3,1,2
BRDA:24,4,0,0
BRDA:24,4,1,2
BRDA:25,5,0,0
BRDA:25,5,1,2
BRF:11
BRH:8
end_of_record
